<?xml version="1.0" encoding="UTF-8"?>
<testsuite xmlns:xsi="http://www.w3.org/2001/XMLSchema-instance" xsi:noNamespaceSchemaLocation="https://maven.apache.org/surefire/maven-surefire-plugin/xsd/surefire-test-report-3.0.xsd" version="3.0" name="TestSuite" time="26.167" tests="102" errors="0" skipped="94" failures="8">
  <properties>
    <property name="sun.desktop" value="windows"/>
    <property name="awt.toolkit" value="sun.awt.windows.WToolkit"/>
    <property name="file.encoding.pkg" value="sun.io"/>
    <property name="java.specification.version" value="1.8"/>
    <property name="sun.cpu.isalist" value="amd64"/>
    <property name="sun.jnu.encoding" value="Cp1252"/>
    <property name="java.class.path" value="C:\Users\jonmi\eclipse-workspace\AutomationProject\target\test-classes;C:\Users\jonmi\eclipse-workspace\AutomationProject\target\classes;C:\Users\jonmi\.m2\repository\org\seleniumhq\selenium\selenium-java\4.9.1\selenium-java-4.9.1.jar;C:\Users\jonmi\.m2\repository\org\seleniumhq\selenium\selenium-api\4.9.1\selenium-api-4.9.1.jar;C:\Users\jonmi\.m2\repository\org\seleniumhq\selenium\selenium-chrome-driver\4.9.1\selenium-chrome-driver-4.9.1.jar;C:\Users\jonmi\.m2\repository\com\google\auto\service\auto-service-annotations\1.0.1\auto-service-annotations-1.0.1.jar;C:\Users\jonmi\.m2\repository\com\google\auto\service\auto-service\1.0.1\auto-service-1.0.1.jar;C:\Users\jonmi\.m2\repository\com\google\auto\auto-common\1.2\auto-common-1.2.jar;C:\Users\jonmi\.m2\repository\org\seleniumhq\selenium\selenium-chromium-driver\4.9.1\selenium-chromium-driver-4.9.1.jar;C:\Users\jonmi\.m2\repository\org\seleniumhq\selenium\selenium-json\4.9.1\selenium-json-4.9.1.jar;C:\Users\jonmi\.m2\repository\org\seleniumhq\selenium\selenium-manager\4.9.1\selenium-manager-4.9.1.jar;C:\Users\jonmi\.m2\repository\org\seleniumhq\selenium\selenium-devtools-v111\4.9.1\selenium-devtools-v111-4.9.1.jar;C:\Users\jonmi\.m2\repository\org\seleniumhq\selenium\selenium-devtools-v112\4.9.1\selenium-devtools-v112-4.9.1.jar;C:\Users\jonmi\.m2\repository\org\seleniumhq\selenium\selenium-devtools-v113\4.9.1\selenium-devtools-v113-4.9.1.jar;C:\Users\jonmi\.m2\repository\org\seleniumhq\selenium\selenium-devtools-v85\4.9.1\selenium-devtools-v85-4.9.1.jar;C:\Users\jonmi\.m2\repository\org\seleniumhq\selenium\selenium-edge-driver\4.9.1\selenium-edge-driver-4.9.1.jar;C:\Users\jonmi\.m2\repository\org\seleniumhq\selenium\selenium-firefox-driver\4.9.1\selenium-firefox-driver-4.9.1.jar;C:\Users\jonmi\.m2\repository\org\seleniumhq\selenium\selenium-http\4.9.1\selenium-http-4.9.1.jar;C:\Users\jonmi\.m2\repository\dev\failsafe\failsafe\3.3.1\failsafe-3.3.1.jar;C:\Users\jonmi\.m2\repository\org\seleniumhq\selenium\selenium-ie-driver\4.9.1\selenium-ie-driver-4.9.1.jar;C:\Users\jonmi\.m2\repository\org\seleniumhq\selenium\selenium-remote-driver\4.9.1\selenium-remote-driver-4.9.1.jar;C:\Users\jonmi\.m2\repository\io\netty\netty-buffer\4.1.91.Final\netty-buffer-4.1.91.Final.jar;C:\Users\jonmi\.m2\repository\io\netty\netty-codec-http\4.1.91.Final\netty-codec-http-4.1.91.Final.jar;C:\Users\jonmi\.m2\repository\io\netty\netty-codec\4.1.91.Final\netty-codec-4.1.91.Final.jar;C:\Users\jonmi\.m2\repository\io\netty\netty-handler\4.1.91.Final\netty-handler-4.1.91.Final.jar;C:\Users\jonmi\.m2\repository\io\netty\netty-common\4.1.91.Final\netty-common-4.1.91.Final.jar;C:\Users\jonmi\.m2\repository\io\netty\netty-transport-classes-epoll\4.1.91.Final\netty-transport-classes-epoll-4.1.91.Final.jar;C:\Users\jonmi\.m2\repository\io\netty\netty-transport-classes-kqueue\4.1.91.Final\netty-transport-classes-kqueue-4.1.91.Final.jar;C:\Users\jonmi\.m2\repository\io\netty\netty-transport-native-epoll\4.1.91.Final\netty-transport-native-epoll-4.1.91.Final.jar;C:\Users\jonmi\.m2\repository\io\netty\netty-transport-native-kqueue\4.1.91.Final\netty-transport-native-kqueue-4.1.91.Final.jar;C:\Users\jonmi\.m2\repository\io\netty\netty-transport-native-unix-common\4.1.91.Final\netty-transport-native-unix-common-4.1.91.Final.jar;C:\Users\jonmi\.m2\repository\io\netty\netty-transport\4.1.91.Final\netty-transport-4.1.91.Final.jar;C:\Users\jonmi\.m2\repository\io\netty\netty-resolver\4.1.91.Final\netty-resolver-4.1.91.Final.jar;C:\Users\jonmi\.m2\repository\io\opentelemetry\opentelemetry-api\1.25.0\opentelemetry-api-1.25.0.jar;C:\Users\jonmi\.m2\repository\io\opentelemetry\opentelemetry-context\1.25.0\opentelemetry-context-1.25.0.jar;C:\Users\jonmi\.m2\repository\io\opentelemetry\opentelemetry-exporter-logging\1.25.0\opentelemetry-exporter-logging-1.25.0.jar;C:\Users\jonmi\.m2\repository\io\opentelemetry\opentelemetry-sdk-metrics\1.25.0\opentelemetry-sdk-metrics-1.25.0.jar;C:\Users\jonmi\.m2\repository\io\opentelemetry\opentelemetry-sdk-logs\1.25.0-alpha\opentelemetry-sdk-logs-1.25.0-alpha.jar;C:\Users\jonmi\.m2\repository\io\opentelemetry\opentelemetry-api-logs\1.25.0-alpha\opentelemetry-api-logs-1.25.0-alpha.jar;C:\Users\jonmi\.m2\repository\io\opentelemetry\opentelemetry-api-events\1.25.0-alpha\opentelemetry-api-events-1.25.0-alpha.jar;C:\Users\jonmi\.m2\repository\io\opentelemetry\opentelemetry-sdk-common\1.25.0\opentelemetry-sdk-common-1.25.0.jar;C:\Users\jonmi\.m2\repository\io\opentelemetry\opentelemetry-sdk-extension-autoconfigure-spi\1.25.0\opentelemetry-sdk-extension-autoconfigure-spi-1.25.0.jar;C:\Users\jonmi\.m2\repository\io\opentelemetry\opentelemetry-sdk-extension-autoconfigure\1.25.0-alpha\opentelemetry-sdk-extension-autoconfigure-1.25.0-alpha.jar;C:\Users\jonmi\.m2\repository\io\opentelemetry\opentelemetry-sdk-trace\1.25.0\opentelemetry-sdk-trace-1.25.0.jar;C:\Users\jonmi\.m2\repository\io\opentelemetry\opentelemetry-sdk\1.25.0\opentelemetry-sdk-1.25.0.jar;C:\Users\jonmi\.m2\repository\io\opentelemetry\opentelemetry-semconv\1.25.0-alpha\opentelemetry-semconv-1.25.0-alpha.jar;C:\Users\jonmi\.m2\repository\io\ous\jtoml\2.0.0\jtoml-2.0.0.jar;C:\Users\jonmi\.m2\repository\net\bytebuddy\byte-buddy\1.14.4\byte-buddy-1.14.4.jar;C:\Users\jonmi\.m2\repository\org\apache\commons\commons-exec\1.3\commons-exec-1.3.jar;C:\Users\jonmi\.m2\repository\org\asynchttpclient\async-http-client\2.12.3\async-http-client-2.12.3.jar;C:\Users\jonmi\.m2\repository\org\asynchttpclient\async-http-client-netty-utils\2.12.3\async-http-client-netty-utils-2.12.3.jar;C:\Users\jonmi\.m2\repository\io\netty\netty-codec-socks\4.1.60.Final\netty-codec-socks-4.1.60.Final.jar;C:\Users\jonmi\.m2\repository\io\netty\netty-handler-proxy\4.1.60.Final\netty-handler-proxy-4.1.60.Final.jar;C:\Users\jonmi\.m2\repository\io\netty\netty-transport-native-epoll\4.1.60.Final\netty-transport-native-epoll-4.1.60.Final-linux-x86_64.jar;C:\Users\jonmi\.m2\repository\io\netty\netty-transport-native-kqueue\4.1.60.Final\netty-transport-native-kqueue-4.1.60.Final-osx-x86_64.jar;C:\Users\jonmi\.m2\repository\org\reactivestreams\reactive-streams\1.0.3\reactive-streams-1.0.3.jar;C:\Users\jonmi\.m2\repository\com\typesafe\netty\netty-reactive-streams\2.0.4\netty-reactive-streams-2.0.4.jar;C:\Users\jonmi\.m2\repository\com\sun\activation\jakarta.activation\1.2.2\jakarta.activation-1.2.2.jar;C:\Users\jonmi\.m2\repository\org\seleniumhq\selenium\selenium-safari-driver\4.9.1\selenium-safari-driver-4.9.1.jar;C:\Users\jonmi\.m2\repository\org\seleniumhq\selenium\selenium-support\4.9.1\selenium-support-4.9.1.jar;C:\Users\jonmi\.m2\repository\org\aspectj\aspectjweaver\1.9.9.1\aspectjweaver-1.9.9.1.jar;C:\Users\jonmi\.m2\repository\org\testng\testng\7.5\testng-7.5.jar;C:\Users\jonmi\.m2\repository\com\google\code\findbugs\jsr305\3.0.1\jsr305-3.0.1.jar;C:\Users\jonmi\.m2\repository\org\slf4j\slf4j-api\1.7.32\slf4j-api-1.7.32.jar;C:\Users\jonmi\.m2\repository\com\beust\jcommander\1.78\jcommander-1.78.jar;C:\Users\jonmi\.m2\repository\org\webjars\jquery\3.5.1\jquery-3.5.1.jar;C:\Users\jonmi\.m2\repository\org\apache\poi\poi-ooxml\5.2.2\poi-ooxml-5.2.2.jar;C:\Users\jonmi\.m2\repository\org\apache\poi\poi\5.2.2\poi-5.2.2.jar;C:\Users\jonmi\.m2\repository\commons-codec\commons-codec\1.15\commons-codec-1.15.jar;C:\Users\jonmi\.m2\repository\org\apache\commons\commons-math3\3.6.1\commons-math3-3.6.1.jar;C:\Users\jonmi\.m2\repository\com\zaxxer\SparseBitSet\1.2\SparseBitSet-1.2.jar;C:\Users\jonmi\.m2\repository\org\apache\poi\poi-ooxml-lite\5.2.2\poi-ooxml-lite-5.2.2.jar;C:\Users\jonmi\.m2\repository\org\apache\xmlbeans\xmlbeans\5.0.3\xmlbeans-5.0.3.jar;C:\Users\jonmi\.m2\repository\org\apache\commons\commons-compress\1.21\commons-compress-1.21.jar;C:\Users\jonmi\.m2\repository\commons-io\commons-io\2.11.0\commons-io-2.11.0.jar;C:\Users\jonmi\.m2\repository\com\github\virtuald\curvesapi\1.07\curvesapi-1.07.jar;C:\Users\jonmi\.m2\repository\org\apache\logging\log4j\log4j-api\2.17.2\log4j-api-2.17.2.jar;C:\Users\jonmi\.m2\repository\org\apache\commons\commons-collections4\4.4\commons-collections4-4.4.jar;C:\Users\jonmi\.m2\repository\org\apache\commons\commons-lang3\3.12.0\commons-lang3-3.12.0.jar;C:\Users\jonmi\.m2\repository\io\rest-assured\rest-assured\5.3.0\rest-assured-5.3.0.jar;C:\Users\jonmi\.m2\repository\org\apache\groovy\groovy\4.0.6\groovy-4.0.6.jar;C:\Users\jonmi\.m2\repository\org\apache\groovy\groovy-xml\4.0.6\groovy-xml-4.0.6.jar;C:\Users\jonmi\.m2\repository\org\apache\httpcomponents\httpclient\4.5.13\httpclient-4.5.13.jar;C:\Users\jonmi\.m2\repository\org\apache\httpcomponents\httpcore\4.4.13\httpcore-4.4.13.jar;C:\Users\jonmi\.m2\repository\commons-logging\commons-logging\1.2\commons-logging-1.2.jar;C:\Users\jonmi\.m2\repository\org\apache\httpcomponents\httpmime\4.5.13\httpmime-4.5.13.jar;C:\Users\jonmi\.m2\repository\org\hamcrest\hamcrest\2.1\hamcrest-2.1.jar;C:\Users\jonmi\.m2\repository\org\ccil\cowan\tagsoup\tagsoup\1.2.1\tagsoup-1.2.1.jar;C:\Users\jonmi\.m2\repository\io\rest-assured\json-path\5.3.0\json-path-5.3.0.jar;C:\Users\jonmi\.m2\repository\org\apache\groovy\groovy-json\4.0.6\groovy-json-4.0.6.jar;C:\Users\jonmi\.m2\repository\io\rest-assured\rest-assured-common\5.3.0\rest-assured-common-5.3.0.jar;C:\Users\jonmi\.m2\repository\io\rest-assured\xml-path\5.3.0\xml-path-5.3.0.jar;C:\Users\jonmi\.m2\repository\com\github\javafaker\javafaker\1.0.2\javafaker-1.0.2.jar;C:\Users\jonmi\.m2\repository\org\yaml\snakeyaml\1.23\snakeyaml-1.23-android.jar;C:\Users\jonmi\.m2\repository\com\github\mifmif\generex\1.0.2\generex-1.0.2.jar;C:\Users\jonmi\.m2\repository\dk\brics\automaton\automaton\1.11-8\automaton-1.11-8.jar;C:\Users\jonmi\.m2\repository\com\github\automatedowl\allure-environment-writer\1.0.0\allure-environment-writer-1.0.0.jar;C:\Users\jonmi\.m2\repository\com\google\guava\guava\31.0.1-jre\guava-31.0.1-jre.jar;C:\Users\jonmi\.m2\repository\com\google\guava\failureaccess\1.0.1\failureaccess-1.0.1.jar;C:\Users\jonmi\.m2\repository\com\google\guava\listenablefuture\9999.0-empty-to-avoid-conflict-with-guava\listenablefuture-9999.0-empty-to-avoid-conflict-with-guava.jar;C:\Users\jonmi\.m2\repository\org\checkerframework\checker-qual\3.12.0\checker-qual-3.12.0.jar;C:\Users\jonmi\.m2\repository\com\google\errorprone\error_prone_annotations\2.7.1\error_prone_annotations-2.7.1.jar;C:\Users\jonmi\.m2\repository\com\google\j2objc\j2objc-annotations\1.3\j2objc-annotations-1.3.jar;C:\Users\jonmi\.m2\repository\org\slf4j\slf4j-simple\2.0.0\slf4j-simple-2.0.0.jar;C:\Users\jonmi\.m2\repository\io\github\bonigarcia\webdrivermanager\5.3.3\webdrivermanager-5.3.3.jar;C:\Users\jonmi\.m2\repository\com\google\code\gson\gson\2.10.1\gson-2.10.1.jar;C:\Users\jonmi\.m2\repository\com\github\docker-java\docker-java\3.3.0\docker-java-3.3.0.jar;C:\Users\jonmi\.m2\repository\com\github\docker-java\docker-java-core\3.3.0\docker-java-core-3.3.0.jar;C:\Users\jonmi\.m2\repository\com\github\docker-java\docker-java-api\3.3.0\docker-java-api-3.3.0.jar;C:\Users\jonmi\.m2\repository\com\fasterxml\jackson\core\jackson-annotations\2.10.3\jackson-annotations-2.10.3.jar;C:\Users\jonmi\.m2\repository\com\fasterxml\jackson\core\jackson-databind\2.10.3\jackson-databind-2.10.3.jar;C:\Users\jonmi\.m2\repository\com\fasterxml\jackson\core\jackson-core\2.10.3\jackson-core-2.10.3.jar;C:\Users\jonmi\.m2\repository\org\bouncycastle\bcpkix-jdk15on\1.64\bcpkix-jdk15on-1.64.jar;C:\Users\jonmi\.m2\repository\org\bouncycastle\bcprov-jdk15on\1.64\bcprov-jdk15on-1.64.jar;C:\Users\jonmi\.m2\repository\org\slf4j\jcl-over-slf4j\1.7.30\jcl-over-slf4j-1.7.30.jar;C:\Users\jonmi\.m2\repository\com\github\docker-java\docker-java-transport-httpclient5\3.3.0\docker-java-transport-httpclient5-3.3.0.jar;C:\Users\jonmi\.m2\repository\com\github\docker-java\docker-java-transport\3.3.0\docker-java-transport-3.3.0.jar;C:\Users\jonmi\.m2\repository\net\java\dev\jna\jna\5.12.1\jna-5.12.1.jar;C:\Users\jonmi\.m2\repository\org\brotli\dec\0.1.2\dec-0.1.2.jar;C:\Users\jonmi\.m2\repository\org\apache\httpcomponents\client5\httpclient5\5.2.1\httpclient5-5.2.1.jar;C:\Users\jonmi\.m2\repository\org\apache\httpcomponents\core5\httpcore5\5.2\httpcore5-5.2.jar;C:\Users\jonmi\.m2\repository\org\apache\httpcomponents\core5\httpcore5-h2\5.2\httpcore5-h2-5.2.jar;C:\Users\jonmi\.m2\repository\io\appium\java-client\8.5.0\java-client-8.5.0.jar;C:\Users\jonmi\.m2\repository\cglib\cglib\3.3.0\cglib-3.3.0.jar;C:\Users\jonmi\.m2\repository\org\ow2\asm\asm\7.1\asm-7.1.jar;C:\Users\jonmi\.m2\repository\commons-validator\commons-validator\1.7\commons-validator-1.7.jar;C:\Users\jonmi\.m2\repository\commons-beanutils\commons-beanutils\1.9.4\commons-beanutils-1.9.4.jar;C:\Users\jonmi\.m2\repository\commons-digester\commons-digester\2.1\commons-digester-2.1.jar;C:\Users\jonmi\.m2\repository\commons-collections\commons-collections\3.2.2\commons-collections-3.2.2.jar;C:\Users\jonmi\.m2\repository\com\profesorfalken\jPowerShell\3.1.1\jPowerShell-3.1.1.jar;C:\Users\jonmi\.m2\repository\io\qameta\allure\allure-testng\2.22.0\allure-testng-2.22.0.jar;C:\Users\jonmi\.m2\repository\io\qameta\allure\allure-java-commons\2.22.0\allure-java-commons-2.22.0.jar;C:\Users\jonmi\.m2\repository\io\qameta\allure\allure-model\2.22.0\allure-model-2.22.0.jar;C:\Users\jonmi\.m2\repository\io\qameta\allure\allure-test-filter\2.22.0\allure-test-filter-2.22.0.jar;C:\Users\jonmi\.m2\repository\io\qameta\allure\allure-rest-assured\2.22.0\allure-rest-assured-2.22.0.jar;C:\Users\jonmi\.m2\repository\io\qameta\allure\allure-attachments\2.22.0\allure-attachments-2.22.0.jar;C:\Users\jonmi\.m2\repository\org\freemarker\freemarker\2.3.31\freemarker-2.3.31.jar;C:\Users\jonmi\.m2\repository\xalan\xalan\2.7.0\xalan-2.7.0.jar;C:\Users\jonmi\.m2\repository\xml-apis\xml-apis\1.0.b2\xml-apis-1.0.b2.jar;C:\Users\jonmi\.m2\repository\org\jetbrains\annotations\24.0.1\annotations-24.0.1.jar;C:\Users\jonmi\.m2\repository\org\apache\commons\commons-math\2.2\commons-math-2.2.jar;"/>
    <property name="java.vm.vendor" value="Oracle Corporation"/>
    <property name="sun.arch.data.model" value="64"/>
    <property name="user.variant" value=""/>
    <property name="java.vendor.url" value="http://java.oracle.com/"/>
    <property name="user.timezone" value="Asia/Jerusalem"/>
    <property name="user.country.format" value="IL"/>
    <property name="java.vm.specification.version" value="1.8"/>
    <property name="os.name" value="Windows 10"/>
    <property name="user.country" value="GB"/>
    <property name="sun.java.launcher" value="SUN_STANDARD"/>
    <property name="allure.link.issue.pattern" value="https://example.org/issue/{}"/>
    <property name="sun.boot.library.path" value="C:\Program Files\Java\jdk1.8.0_211\jre\bin"/>
    <property name="sun.java.command" value="C:\Users\jonmi\AppData\Local\Temp\surefire632123073682819181\surefirebooter-20230816205826056_3.jar C:\Users\jonmi\AppData\Local\Temp\surefire632123073682819181 2023-08-16T20-58-25_396-jvmRun1 surefire-20230816205826056_1tmp surefire_0-20230816205826056_2tmp"/>
    <property name="surefire.test.class.path" value="C:\Users\jonmi\eclipse-workspace\AutomationProject\target\test-classes;C:\Users\jonmi\eclipse-workspace\AutomationProject\target\classes;C:\Users\jonmi\.m2\repository\org\seleniumhq\selenium\selenium-java\4.9.1\selenium-java-4.9.1.jar;C:\Users\jonmi\.m2\repository\org\seleniumhq\selenium\selenium-api\4.9.1\selenium-api-4.9.1.jar;C:\Users\jonmi\.m2\repository\org\seleniumhq\selenium\selenium-chrome-driver\4.9.1\selenium-chrome-driver-4.9.1.jar;C:\Users\jonmi\.m2\repository\com\google\auto\service\auto-service-annotations\1.0.1\auto-service-annotations-1.0.1.jar;C:\Users\jonmi\.m2\repository\com\google\auto\service\auto-service\1.0.1\auto-service-1.0.1.jar;C:\Users\jonmi\.m2\repository\com\google\auto\auto-common\1.2\auto-common-1.2.jar;C:\Users\jonmi\.m2\repository\org\seleniumhq\selenium\selenium-chromium-driver\4.9.1\selenium-chromium-driver-4.9.1.jar;C:\Users\jonmi\.m2\repository\org\seleniumhq\selenium\selenium-json\4.9.1\selenium-json-4.9.1.jar;C:\Users\jonmi\.m2\repository\org\seleniumhq\selenium\selenium-manager\4.9.1\selenium-manager-4.9.1.jar;C:\Users\jonmi\.m2\repository\org\seleniumhq\selenium\selenium-devtools-v111\4.9.1\selenium-devtools-v111-4.9.1.jar;C:\Users\jonmi\.m2\repository\org\seleniumhq\selenium\selenium-devtools-v112\4.9.1\selenium-devtools-v112-4.9.1.jar;C:\Users\jonmi\.m2\repository\org\seleniumhq\selenium\selenium-devtools-v113\4.9.1\selenium-devtools-v113-4.9.1.jar;C:\Users\jonmi\.m2\repository\org\seleniumhq\selenium\selenium-devtools-v85\4.9.1\selenium-devtools-v85-4.9.1.jar;C:\Users\jonmi\.m2\repository\org\seleniumhq\selenium\selenium-edge-driver\4.9.1\selenium-edge-driver-4.9.1.jar;C:\Users\jonmi\.m2\repository\org\seleniumhq\selenium\selenium-firefox-driver\4.9.1\selenium-firefox-driver-4.9.1.jar;C:\Users\jonmi\.m2\repository\org\seleniumhq\selenium\selenium-http\4.9.1\selenium-http-4.9.1.jar;C:\Users\jonmi\.m2\repository\dev\failsafe\failsafe\3.3.1\failsafe-3.3.1.jar;C:\Users\jonmi\.m2\repository\org\seleniumhq\selenium\selenium-ie-driver\4.9.1\selenium-ie-driver-4.9.1.jar;C:\Users\jonmi\.m2\repository\org\seleniumhq\selenium\selenium-remote-driver\4.9.1\selenium-remote-driver-4.9.1.jar;C:\Users\jonmi\.m2\repository\io\netty\netty-buffer\4.1.91.Final\netty-buffer-4.1.91.Final.jar;C:\Users\jonmi\.m2\repository\io\netty\netty-codec-http\4.1.91.Final\netty-codec-http-4.1.91.Final.jar;C:\Users\jonmi\.m2\repository\io\netty\netty-codec\4.1.91.Final\netty-codec-4.1.91.Final.jar;C:\Users\jonmi\.m2\repository\io\netty\netty-handler\4.1.91.Final\netty-handler-4.1.91.Final.jar;C:\Users\jonmi\.m2\repository\io\netty\netty-common\4.1.91.Final\netty-common-4.1.91.Final.jar;C:\Users\jonmi\.m2\repository\io\netty\netty-transport-classes-epoll\4.1.91.Final\netty-transport-classes-epoll-4.1.91.Final.jar;C:\Users\jonmi\.m2\repository\io\netty\netty-transport-classes-kqueue\4.1.91.Final\netty-transport-classes-kqueue-4.1.91.Final.jar;C:\Users\jonmi\.m2\repository\io\netty\netty-transport-native-epoll\4.1.91.Final\netty-transport-native-epoll-4.1.91.Final.jar;C:\Users\jonmi\.m2\repository\io\netty\netty-transport-native-kqueue\4.1.91.Final\netty-transport-native-kqueue-4.1.91.Final.jar;C:\Users\jonmi\.m2\repository\io\netty\netty-transport-native-unix-common\4.1.91.Final\netty-transport-native-unix-common-4.1.91.Final.jar;C:\Users\jonmi\.m2\repository\io\netty\netty-transport\4.1.91.Final\netty-transport-4.1.91.Final.jar;C:\Users\jonmi\.m2\repository\io\netty\netty-resolver\4.1.91.Final\netty-resolver-4.1.91.Final.jar;C:\Users\jonmi\.m2\repository\io\opentelemetry\opentelemetry-api\1.25.0\opentelemetry-api-1.25.0.jar;C:\Users\jonmi\.m2\repository\io\opentelemetry\opentelemetry-context\1.25.0\opentelemetry-context-1.25.0.jar;C:\Users\jonmi\.m2\repository\io\opentelemetry\opentelemetry-exporter-logging\1.25.0\opentelemetry-exporter-logging-1.25.0.jar;C:\Users\jonmi\.m2\repository\io\opentelemetry\opentelemetry-sdk-metrics\1.25.0\opentelemetry-sdk-metrics-1.25.0.jar;C:\Users\jonmi\.m2\repository\io\opentelemetry\opentelemetry-sdk-logs\1.25.0-alpha\opentelemetry-sdk-logs-1.25.0-alpha.jar;C:\Users\jonmi\.m2\repository\io\opentelemetry\opentelemetry-api-logs\1.25.0-alpha\opentelemetry-api-logs-1.25.0-alpha.jar;C:\Users\jonmi\.m2\repository\io\opentelemetry\opentelemetry-api-events\1.25.0-alpha\opentelemetry-api-events-1.25.0-alpha.jar;C:\Users\jonmi\.m2\repository\io\opentelemetry\opentelemetry-sdk-common\1.25.0\opentelemetry-sdk-common-1.25.0.jar;C:\Users\jonmi\.m2\repository\io\opentelemetry\opentelemetry-sdk-extension-autoconfigure-spi\1.25.0\opentelemetry-sdk-extension-autoconfigure-spi-1.25.0.jar;C:\Users\jonmi\.m2\repository\io\opentelemetry\opentelemetry-sdk-extension-autoconfigure\1.25.0-alpha\opentelemetry-sdk-extension-autoconfigure-1.25.0-alpha.jar;C:\Users\jonmi\.m2\repository\io\opentelemetry\opentelemetry-sdk-trace\1.25.0\opentelemetry-sdk-trace-1.25.0.jar;C:\Users\jonmi\.m2\repository\io\opentelemetry\opentelemetry-sdk\1.25.0\opentelemetry-sdk-1.25.0.jar;C:\Users\jonmi\.m2\repository\io\opentelemetry\opentelemetry-semconv\1.25.0-alpha\opentelemetry-semconv-1.25.0-alpha.jar;C:\Users\jonmi\.m2\repository\io\ous\jtoml\2.0.0\jtoml-2.0.0.jar;C:\Users\jonmi\.m2\repository\net\bytebuddy\byte-buddy\1.14.4\byte-buddy-1.14.4.jar;C:\Users\jonmi\.m2\repository\org\apache\commons\commons-exec\1.3\commons-exec-1.3.jar;C:\Users\jonmi\.m2\repository\org\asynchttpclient\async-http-client\2.12.3\async-http-client-2.12.3.jar;C:\Users\jonmi\.m2\repository\org\asynchttpclient\async-http-client-netty-utils\2.12.3\async-http-client-netty-utils-2.12.3.jar;C:\Users\jonmi\.m2\repository\io\netty\netty-codec-socks\4.1.60.Final\netty-codec-socks-4.1.60.Final.jar;C:\Users\jonmi\.m2\repository\io\netty\netty-handler-proxy\4.1.60.Final\netty-handler-proxy-4.1.60.Final.jar;C:\Users\jonmi\.m2\repository\io\netty\netty-transport-native-epoll\4.1.60.Final\netty-transport-native-epoll-4.1.60.Final-linux-x86_64.jar;C:\Users\jonmi\.m2\repository\io\netty\netty-transport-native-kqueue\4.1.60.Final\netty-transport-native-kqueue-4.1.60.Final-osx-x86_64.jar;C:\Users\jonmi\.m2\repository\org\reactivestreams\reactive-streams\1.0.3\reactive-streams-1.0.3.jar;C:\Users\jonmi\.m2\repository\com\typesafe\netty\netty-reactive-streams\2.0.4\netty-reactive-streams-2.0.4.jar;C:\Users\jonmi\.m2\repository\com\sun\activation\jakarta.activation\1.2.2\jakarta.activation-1.2.2.jar;C:\Users\jonmi\.m2\repository\org\seleniumhq\selenium\selenium-safari-driver\4.9.1\selenium-safari-driver-4.9.1.jar;C:\Users\jonmi\.m2\repository\org\seleniumhq\selenium\selenium-support\4.9.1\selenium-support-4.9.1.jar;C:\Users\jonmi\.m2\repository\org\aspectj\aspectjweaver\1.9.9.1\aspectjweaver-1.9.9.1.jar;C:\Users\jonmi\.m2\repository\org\testng\testng\7.5\testng-7.5.jar;C:\Users\jonmi\.m2\repository\com\google\code\findbugs\jsr305\3.0.1\jsr305-3.0.1.jar;C:\Users\jonmi\.m2\repository\org\slf4j\slf4j-api\1.7.32\slf4j-api-1.7.32.jar;C:\Users\jonmi\.m2\repository\com\beust\jcommander\1.78\jcommander-1.78.jar;C:\Users\jonmi\.m2\repository\org\webjars\jquery\3.5.1\jquery-3.5.1.jar;C:\Users\jonmi\.m2\repository\org\apache\poi\poi-ooxml\5.2.2\poi-ooxml-5.2.2.jar;C:\Users\jonmi\.m2\repository\org\apache\poi\poi\5.2.2\poi-5.2.2.jar;C:\Users\jonmi\.m2\repository\commons-codec\commons-codec\1.15\commons-codec-1.15.jar;C:\Users\jonmi\.m2\repository\org\apache\commons\commons-math3\3.6.1\commons-math3-3.6.1.jar;C:\Users\jonmi\.m2\repository\com\zaxxer\SparseBitSet\1.2\SparseBitSet-1.2.jar;C:\Users\jonmi\.m2\repository\org\apache\poi\poi-ooxml-lite\5.2.2\poi-ooxml-lite-5.2.2.jar;C:\Users\jonmi\.m2\repository\org\apache\xmlbeans\xmlbeans\5.0.3\xmlbeans-5.0.3.jar;C:\Users\jonmi\.m2\repository\org\apache\commons\commons-compress\1.21\commons-compress-1.21.jar;C:\Users\jonmi\.m2\repository\commons-io\commons-io\2.11.0\commons-io-2.11.0.jar;C:\Users\jonmi\.m2\repository\com\github\virtuald\curvesapi\1.07\curvesapi-1.07.jar;C:\Users\jonmi\.m2\repository\org\apache\logging\log4j\log4j-api\2.17.2\log4j-api-2.17.2.jar;C:\Users\jonmi\.m2\repository\org\apache\commons\commons-collections4\4.4\commons-collections4-4.4.jar;C:\Users\jonmi\.m2\repository\org\apache\commons\commons-lang3\3.12.0\commons-lang3-3.12.0.jar;C:\Users\jonmi\.m2\repository\io\rest-assured\rest-assured\5.3.0\rest-assured-5.3.0.jar;C:\Users\jonmi\.m2\repository\org\apache\groovy\groovy\4.0.6\groovy-4.0.6.jar;C:\Users\jonmi\.m2\repository\org\apache\groovy\groovy-xml\4.0.6\groovy-xml-4.0.6.jar;C:\Users\jonmi\.m2\repository\org\apache\httpcomponents\httpclient\4.5.13\httpclient-4.5.13.jar;C:\Users\jonmi\.m2\repository\org\apache\httpcomponents\httpcore\4.4.13\httpcore-4.4.13.jar;C:\Users\jonmi\.m2\repository\commons-logging\commons-logging\1.2\commons-logging-1.2.jar;C:\Users\jonmi\.m2\repository\org\apache\httpcomponents\httpmime\4.5.13\httpmime-4.5.13.jar;C:\Users\jonmi\.m2\repository\org\hamcrest\hamcrest\2.1\hamcrest-2.1.jar;C:\Users\jonmi\.m2\repository\org\ccil\cowan\tagsoup\tagsoup\1.2.1\tagsoup-1.2.1.jar;C:\Users\jonmi\.m2\repository\io\rest-assured\json-path\5.3.0\json-path-5.3.0.jar;C:\Users\jonmi\.m2\repository\org\apache\groovy\groovy-json\4.0.6\groovy-json-4.0.6.jar;C:\Users\jonmi\.m2\repository\io\rest-assured\rest-assured-common\5.3.0\rest-assured-common-5.3.0.jar;C:\Users\jonmi\.m2\repository\io\rest-assured\xml-path\5.3.0\xml-path-5.3.0.jar;C:\Users\jonmi\.m2\repository\com\github\javafaker\javafaker\1.0.2\javafaker-1.0.2.jar;C:\Users\jonmi\.m2\repository\org\yaml\snakeyaml\1.23\snakeyaml-1.23-android.jar;C:\Users\jonmi\.m2\repository\com\github\mifmif\generex\1.0.2\generex-1.0.2.jar;C:\Users\jonmi\.m2\repository\dk\brics\automaton\automaton\1.11-8\automaton-1.11-8.jar;C:\Users\jonmi\.m2\repository\com\github\automatedowl\allure-environment-writer\1.0.0\allure-environment-writer-1.0.0.jar;C:\Users\jonmi\.m2\repository\com\google\guava\guava\31.0.1-jre\guava-31.0.1-jre.jar;C:\Users\jonmi\.m2\repository\com\google\guava\failureaccess\1.0.1\failureaccess-1.0.1.jar;C:\Users\jonmi\.m2\repository\com\google\guava\listenablefuture\9999.0-empty-to-avoid-conflict-with-guava\listenablefuture-9999.0-empty-to-avoid-conflict-with-guava.jar;C:\Users\jonmi\.m2\repository\org\checkerframework\checker-qual\3.12.0\checker-qual-3.12.0.jar;C:\Users\jonmi\.m2\repository\com\google\errorprone\error_prone_annotations\2.7.1\error_prone_annotations-2.7.1.jar;C:\Users\jonmi\.m2\repository\com\google\j2objc\j2objc-annotations\1.3\j2objc-annotations-1.3.jar;C:\Users\jonmi\.m2\repository\org\slf4j\slf4j-simple\2.0.0\slf4j-simple-2.0.0.jar;C:\Users\jonmi\.m2\repository\io\github\bonigarcia\webdrivermanager\5.3.3\webdrivermanager-5.3.3.jar;C:\Users\jonmi\.m2\repository\com\google\code\gson\gson\2.10.1\gson-2.10.1.jar;C:\Users\jonmi\.m2\repository\com\github\docker-java\docker-java\3.3.0\docker-java-3.3.0.jar;C:\Users\jonmi\.m2\repository\com\github\docker-java\docker-java-core\3.3.0\docker-java-core-3.3.0.jar;C:\Users\jonmi\.m2\repository\com\github\docker-java\docker-java-api\3.3.0\docker-java-api-3.3.0.jar;C:\Users\jonmi\.m2\repository\com\fasterxml\jackson\core\jackson-annotations\2.10.3\jackson-annotations-2.10.3.jar;C:\Users\jonmi\.m2\repository\com\fasterxml\jackson\core\jackson-databind\2.10.3\jackson-databind-2.10.3.jar;C:\Users\jonmi\.m2\repository\com\fasterxml\jackson\core\jackson-core\2.10.3\jackson-core-2.10.3.jar;C:\Users\jonmi\.m2\repository\org\bouncycastle\bcpkix-jdk15on\1.64\bcpkix-jdk15on-1.64.jar;C:\Users\jonmi\.m2\repository\org\bouncycastle\bcprov-jdk15on\1.64\bcprov-jdk15on-1.64.jar;C:\Users\jonmi\.m2\repository\org\slf4j\jcl-over-slf4j\1.7.30\jcl-over-slf4j-1.7.30.jar;C:\Users\jonmi\.m2\repository\com\github\docker-java\docker-java-transport-httpclient5\3.3.0\docker-java-transport-httpclient5-3.3.0.jar;C:\Users\jonmi\.m2\repository\com\github\docker-java\docker-java-transport\3.3.0\docker-java-transport-3.3.0.jar;C:\Users\jonmi\.m2\repository\net\java\dev\jna\jna\5.12.1\jna-5.12.1.jar;C:\Users\jonmi\.m2\repository\org\brotli\dec\0.1.2\dec-0.1.2.jar;C:\Users\jonmi\.m2\repository\org\apache\httpcomponents\client5\httpclient5\5.2.1\httpclient5-5.2.1.jar;C:\Users\jonmi\.m2\repository\org\apache\httpcomponents\core5\httpcore5\5.2\httpcore5-5.2.jar;C:\Users\jonmi\.m2\repository\org\apache\httpcomponents\core5\httpcore5-h2\5.2\httpcore5-h2-5.2.jar;C:\Users\jonmi\.m2\repository\io\appium\java-client\8.5.0\java-client-8.5.0.jar;C:\Users\jonmi\.m2\repository\cglib\cglib\3.3.0\cglib-3.3.0.jar;C:\Users\jonmi\.m2\repository\org\ow2\asm\asm\7.1\asm-7.1.jar;C:\Users\jonmi\.m2\repository\commons-validator\commons-validator\1.7\commons-validator-1.7.jar;C:\Users\jonmi\.m2\repository\commons-beanutils\commons-beanutils\1.9.4\commons-beanutils-1.9.4.jar;C:\Users\jonmi\.m2\repository\commons-digester\commons-digester\2.1\commons-digester-2.1.jar;C:\Users\jonmi\.m2\repository\commons-collections\commons-collections\3.2.2\commons-collections-3.2.2.jar;C:\Users\jonmi\.m2\repository\com\profesorfalken\jPowerShell\3.1.1\jPowerShell-3.1.1.jar;C:\Users\jonmi\.m2\repository\io\qameta\allure\allure-testng\2.22.0\allure-testng-2.22.0.jar;C:\Users\jonmi\.m2\repository\io\qameta\allure\allure-java-commons\2.22.0\allure-java-commons-2.22.0.jar;C:\Users\jonmi\.m2\repository\io\qameta\allure\allure-model\2.22.0\allure-model-2.22.0.jar;C:\Users\jonmi\.m2\repository\io\qameta\allure\allure-test-filter\2.22.0\allure-test-filter-2.22.0.jar;C:\Users\jonmi\.m2\repository\io\qameta\allure\allure-rest-assured\2.22.0\allure-rest-assured-2.22.0.jar;C:\Users\jonmi\.m2\repository\io\qameta\allure\allure-attachments\2.22.0\allure-attachments-2.22.0.jar;C:\Users\jonmi\.m2\repository\org\freemarker\freemarker\2.3.31\freemarker-2.3.31.jar;C:\Users\jonmi\.m2\repository\xalan\xalan\2.7.0\xalan-2.7.0.jar;C:\Users\jonmi\.m2\repository\xml-apis\xml-apis\1.0.b2\xml-apis-1.0.b2.jar;C:\Users\jonmi\.m2\repository\org\jetbrains\annotations\24.0.1\annotations-24.0.1.jar;C:\Users\jonmi\.m2\repository\org\apache\commons\commons-math\2.2\commons-math-2.2.jar;"/>
    <property name="allure.results.directory" value="C:\Users\jonmi\eclipse-workspace\AutomationProject/target/allure-results"/>
    <property name="sun.cpu.endian" value="little"/>
    <property name="user.home" value="C:\Users\jonmi"/>
    <property name="user.language" value="en"/>
    <property name="java.specification.vendor" value="Oracle Corporation"/>
    <property name="java.home" value="C:\Program Files\Java\jdk1.8.0_211\jre"/>
    <property name="testng.dtd.http" value="true"/>
    <property name="basedir" value="C:\Users\jonmi\eclipse-workspace\AutomationProject"/>
    <property name="allure.link.tms.pattern" value="https://example.org/tms/{}"/>
    <property name="file.separator" value="\"/>
    <property name="line.separator" value="&#10;"/>
    <property name="java.vm.specification.vendor" value="Oracle Corporation"/>
    <property name="java.specification.name" value="Java Platform API Specification"/>
    <property name="java.awt.graphicsenv" value="sun.awt.Win32GraphicsEnvironment"/>
    <property name="surefire.real.class.path" value="C:\Users\jonmi\AppData\Local\Temp\surefire632123073682819181\surefirebooter-20230816205826056_3.jar;C:\Users\jonmi\.m2\repository/org/aspectj/aspectjweaver/1.9.9.1/aspectjweaver-1.9.9.1.jar"/>
    <property name="sun.boot.class.path" value="C:\Program Files\Java\jdk1.8.0_211\jre\lib\resources.jar;C:\Program Files\Java\jdk1.8.0_211\jre\lib\rt.jar;C:\Program Files\Java\jdk1.8.0_211\jre\lib\sunrsasign.jar;C:\Program Files\Java\jdk1.8.0_211\jre\lib\jsse.jar;C:\Program Files\Java\jdk1.8.0_211\jre\lib\jce.jar;C:\Program Files\Java\jdk1.8.0_211\jre\lib\charsets.jar;C:\Program Files\Java\jdk1.8.0_211\jre\lib\jfr.jar;C:\Program Files\Java\jdk1.8.0_211\jre\classes"/>
    <property name="user.script" value=""/>
    <property name="sun.management.compiler" value="HotSpot 64-Bit Tiered Compilers"/>
    <property name="java.runtime.version" value="1.8.0_211-b12"/>
    <property name="user.name" value="jonmi"/>
    <property name="path.separator" value=";"/>
    <property name="os.version" value="10.0"/>
    <property name="java.endorsed.dirs" value="C:\Program Files\Java\jdk1.8.0_211\jre\lib\endorsed"/>
    <property name="java.runtime.name" value="Java(TM) SE Runtime Environment"/>
    <property name="file.encoding" value="Cp1252"/>
    <property name="java.vm.name" value="Java HotSpot(TM) 64-Bit Server VM"/>
    <property name="localRepository" value="C:\Users\jonmi\.m2\repository"/>
    <property name="java.vendor.url.bug" value="http://bugreport.sun.com/bugreport/"/>
    <property name="java.io.tmpdir" value="C:\Users\jonmi\AppData\Local\Temp\"/>
    <property name="java.version" value="1.8.0_211"/>
    <property name="user.dir" value="C:\Users\jonmi\eclipse-workspace\AutomationProject"/>
    <property name="os.arch" value="amd64"/>
    <property name="java.vm.specification.name" value="Java Virtual Machine Specification"/>
    <property name="java.awt.printerjob" value="sun.awt.windows.WPrinterJob"/>
    <property name="sun.os.patch.level" value=""/>
    <property name="java.library.path" value="C:\Program Files\Java\jdk1.8.0_211\jre\bin;C:\WINDOWS\Sun\Java\bin;C:\WINDOWS\system32;C:\WINDOWS;C:\Program Files (x86)\Razer\ChromaBroadcast\bin;C:\Program Files\Razer\ChromaBroadcast\bin;C:\Program Files\Common Files\Oracle\Java\javapath;C:\Program Files (x86)\Common Files\Oracle\Java\javapath;C:\Windows\system32;C:\Windows;C:\Windows\System32\Wbem;C:\Windows\System32\WindowsPowerShell\v1.0\;C:\Windows\System32\OpenSSH\;C:\Program Files\NVIDIA Corporation\NVIDIA NvDLISR;C:\Program Files (x86)\NVIDIA Corporation\PhysX\Common;C:\Program Files\dotnet\;C:\Program Files\Git\cmd;C:\Program Files\Git\bin;C:\Program Files\Git\bin\git.exe;C:\Program Files\Git\cmd\git.exe;C:\Program Files\TortoiseGit\bin;C:\WINDOWS\system32;C:\WINDOWS;C:\WINDOWS\System32\Wbem;C:\WINDOWS\System32\WindowsPowerShell\v1.0\;C:\WINDOWS\System32\OpenSSH\;C:\ProgramData\chocolatey\bin;C:\ProgramData\chocolatey\lib\maven\apache-maven-3.9.2\bin;C:\Program Files\Java\jdk1.8.0_211\bin;C:\Program Files\nodejs\;C:\WINDOWS\system32\config\systemprofile\AppData\Local\Microsoft\WindowsApps;C:\Program Files\Docker\Docker\resources\bin;C:\Users\jonmi\AppData\Local\Android\Sdk\platform-tools;C:\Users\jonmi\AppData\Local\Android\Sdk\tools;C:\Ruby31-x64\bin;C:\Users\jonmi\AppData\Local\Microsoft\WindowsApps;C:\Users\jonmi\AppData\Local\Programs\Microsoft VS Code\bin;C:\Users\jonmi\.dotnet\tools;C:\Users\jonmi\AppData\Local\GitHubDesktop\bin;C:\Program Files\JetBrains\PyCharm Community Edition 2022.1.3\bin;;C:\platform-tools;C:\Users\jonmi\AppData\Roaming\npm;C:\Users\jonmi\AppData\Local\Pandoc\;."/>
    <property name="java.vm.info" value="mixed mode"/>
    <property name="java.vendor" value="Oracle Corporation"/>
    <property name="java.vm.version" value="25.211-b12"/>
    <property name="java.ext.dirs" value="C:\Program Files\Java\jdk1.8.0_211\jre\lib\ext;C:\WINDOWS\Sun\Java\lib\ext"/>
    <property name="sun.io.unicode.encoding" value="UnicodeLittle"/>
    <property name="java.class.version" value="52.0"/>
  </properties>
  <testcase name="setup" classname="tests.t1_Login" time="16.153">
    <failure message="Could not start a new session. Response code 500. Message: An unknown server-side error occurred while processing the command. Original error: Could not find a driver for automationName &apos;ANDROID_UIAUTOMATOR2&apos; and platformName &apos;ANDROID&apos;. Have you installed a driver that supports those capabilities? Run &apos;appium driver list --installed&apos; to see. (Lower-level error: Could not find installed driver to support given caps) &#10;Host info: host: &apos;LAPTOP-RMK290R9&apos;, ip: &apos;192.168.1.20&apos;&#10;Build info: version: &apos;4.9.1&apos;, revision: &apos;eb2032df7f&apos;&#10;System info: os.name: &apos;Windows 10&apos;, os.arch: &apos;amd64&apos;, os.version: &apos;10.0&apos;, java.version: &apos;1.8.0_211&apos;&#10;Driver info: io.appium.java_client.android.AndroidDriver&#10;Command: [null, newSession {capabilities=[{appium:udid=emulator-5554, appium:chromedriverExecutableDir=./utils/ExecutableDirs, appium:chromedriverChromeMappingFile=https://github.com/appium/appium-chromedriver/blob/master/config/mapping.json, browserName=Chrome, platformName=ANDROID, appium:deviceName=Pixel_XL_API_33, appium:automationName=ANDROID_UIAUTOMATOR2}], desiredCapabilities=Capabilities {appium:automationName: ANDROID_UIAUTOMATOR2, appium:chromedriverChromeMappingFile: https://github.com/appium/a..., appium:chromedriverExecutableDir: ./utils/ExecutableDirs, appium:deviceName: Pixel_XL_API_33, appium:udid: emulator-5554, browserName: Chrome, platformName: ANDROID}}]&#10;Capabilities {appium:automationName: ANDROID_UIAUTOMATOR2, appium:chromedriverChromeMappingFile: https://github.com/appium/a..., appium:chromedriverExecutableDir: ./utils/ExecutableDirs, appium:deviceName: Pixel_XL_API_33, appium:udid: emulator-5554, browserName: Chrome, platformName: ANDROID}" type="org.openqa.selenium.SessionNotCreatedException"><![CDATA[org.openqa.selenium.SessionNotCreatedException: 
Could not start a new session. Response code 500. Message: An unknown server-side error occurred while processing the command. Original error: Could not find a driver for automationName 'ANDROID_UIAUTOMATOR2' and platformName 'ANDROID'. Have you installed a driver that supports those capabilities? Run 'appium driver list --installed' to see. (Lower-level error: Could not find installed driver to support given caps) 
Host info: host: 'LAPTOP-RMK290R9', ip: '192.168.1.20'
Build info: version: '4.9.1', revision: 'eb2032df7f'
System info: os.name: 'Windows 10', os.arch: 'amd64', os.version: '10.0', java.version: '1.8.0_211'
Driver info: io.appium.java_client.android.AndroidDriver
Command: [null, newSession {capabilities=[{appium:udid=emulator-5554, appium:chromedriverExecutableDir=./utils/ExecutableDirs, appium:chromedriverChromeMappingFile=https://github.com/appium/appium-chromedriver/blob/master/config/mapping.json, browserName=Chrome, platformName=ANDROID, appium:deviceName=Pixel_XL_API_33, appium:automationName=ANDROID_UIAUTOMATOR2}], desiredCapabilities=Capabilities {appium:automationName: ANDROID_UIAUTOMATOR2, appium:chromedriverChromeMappingFile: https://github.com/appium/a..., appium:chromedriverExecutableDir: ./utils/ExecutableDirs, appium:deviceName: Pixel_XL_API_33, appium:udid: emulator-5554, browserName: Chrome, platformName: ANDROID}}]
Capabilities {appium:automationName: ANDROID_UIAUTOMATOR2, appium:chromedriverChromeMappingFile: https://github.com/appium/a..., appium:chromedriverExecutableDir: ./utils/ExecutableDirs, appium:deviceName: Pixel_XL_API_33, appium:udid: emulator-5554, browserName: Chrome, platformName: ANDROID}
	at org.openqa.selenium.remote.ProtocolHandshake.createSession(ProtocolHandshake.java:136)
	at sun.reflect.NativeMethodAccessorImpl.invoke0(Native Method)
	at sun.reflect.NativeMethodAccessorImpl.invoke(NativeMethodAccessorImpl.java:62)
	at sun.reflect.DelegatingMethodAccessorImpl.invoke(DelegatingMethodAccessorImpl.java:43)
	at java.lang.reflect.Method.invoke(Method.java:498)
	at io.appium.java_client.remote.AppiumProtocolHandshake.createSession(AppiumProtocolHandshake.java:133)
	at io.appium.java_client.remote.AppiumProtocolHandshake.createSession(AppiumProtocolHandshake.java:102)
	at io.appium.java_client.remote.AppiumCommandExecutor.createSession(AppiumCommandExecutor.java:182)
	at io.appium.java_client.remote.AppiumCommandExecutor.execute(AppiumCommandExecutor.java:250)
	at org.openqa.selenium.remote.RemoteWebDriver.execute(RemoteWebDriver.java:543)
	at io.appium.java_client.AppiumDriver.startSession(AppiumDriver.java:274)
	at org.openqa.selenium.remote.RemoteWebDriver.<init>(RemoteWebDriver.java:157)
	at io.appium.java_client.AppiumDriver.<init>(AppiumDriver.java:89)
	at io.appium.java_client.AppiumDriver.<init>(AppiumDriver.java:112)
	at io.appium.java_client.AppiumDriver.<init>(AppiumDriver.java:137)
	at io.appium.java_client.android.AndroidDriver.<init>(AndroidDriver.java:236)
	at tests.BaseTest.setup(BaseTest.java:90)
	at sun.reflect.NativeMethodAccessorImpl.invoke0(Native Method)
	at sun.reflect.NativeMethodAccessorImpl.invoke(NativeMethodAccessorImpl.java:62)
	at sun.reflect.DelegatingMethodAccessorImpl.invoke(DelegatingMethodAccessorImpl.java:43)
	at java.lang.reflect.Method.invoke(Method.java:498)
	at org.testng.internal.invokers.MethodInvocationHelper.invokeMethod(MethodInvocationHelper.java:135)
	at org.testng.internal.invokers.MethodInvocationHelper.invokeMethodConsideringTimeout(MethodInvocationHelper.java:65)
	at org.testng.internal.invokers.ConfigInvoker.invokeConfigurationMethod(ConfigInvoker.java:381)
	at org.testng.internal.invokers.ConfigInvoker.invokeConfigurations(ConfigInvoker.java:319)
	at org.testng.internal.invokers.TestInvoker.runConfigMethods(TestInvoker.java:803)
	at org.testng.internal.invokers.TestInvoker.invokeMethod(TestInvoker.java:589)
	at org.testng.internal.invokers.TestInvoker.invokeTestMethod(TestInvoker.java:220)
	at org.testng.internal.invokers.MethodRunner.runInSequence(MethodRunner.java:50)
	at org.testng.internal.invokers.TestInvoker$MethodInvocationAgent.invoke(TestInvoker.java:945)
	at org.testng.internal.invokers.TestInvoker.invokeTestMethods(TestInvoker.java:193)
	at org.testng.internal.invokers.TestMethodWorker.invokeTestMethods(TestMethodWorker.java:146)
	at org.testng.internal.invokers.TestMethodWorker.run(TestMethodWorker.java:128)
	at java.util.ArrayList.forEach(ArrayList.java:1257)
	at org.testng.TestRunner.privateRun(TestRunner.java:808)
	at org.testng.TestRunner.run(TestRunner.java:603)
	at org.testng.SuiteRunner.runTest(SuiteRunner.java:429)
	at org.testng.SuiteRunner.runSequentially(SuiteRunner.java:423)
	at org.testng.SuiteRunner.privateRun(SuiteRunner.java:383)
	at org.testng.SuiteRunner.run(SuiteRunner.java:326)
	at org.testng.SuiteRunnerWorker.runSuite(SuiteRunnerWorker.java:52)
	at org.testng.SuiteRunnerWorker.run(SuiteRunnerWorker.java:95)
	at org.testng.TestNG.runSuitesSequentially(TestNG.java:1249)
	at org.testng.TestNG.runSuitesLocally(TestNG.java:1169)
	at org.testng.TestNG.runSuites(TestNG.java:1092)
	at org.testng.TestNG.run(TestNG.java:1060)
	at org.apache.maven.surefire.testng.TestNGExecutor.run(TestNGExecutor.java:324)
	at org.apache.maven.surefire.testng.TestNGXmlTestSuite.execute(TestNGXmlTestSuite.java:74)
	at org.apache.maven.surefire.testng.TestNGProvider.invoke(TestNGProvider.java:123)
	at org.apache.maven.surefire.booter.ForkedBooter.runSuitesInProcess(ForkedBooter.java:456)
	at org.apache.maven.surefire.booter.ForkedBooter.execute(ForkedBooter.java:169)
	at org.apache.maven.surefire.booter.ForkedBooter.run(ForkedBooter.java:595)
	at org.apache.maven.surefire.booter.ForkedBooter.main(ForkedBooter.java:581)
]]></failure>
    <system-out><![CDATA[&amp#27;[35m[Appium]&amp#27;[39m Welcome to Appium v2.0.0
&amp#27;[35m[Appium]&amp#27;[39m Attempting to load driver uiautomator2...
[debug] &amp#27;[35m[Appium]&amp#27;[39m Requiring driver at C:\Users\jonmi\.appium\node_modules\appium-uiautomator2-driver
&amp#27;[35m[Appium]&amp#27;[39m Appium REST http interface listener started on http://0.0.0.0:4723
&amp#27;[35m[Appium]&amp#27;[39m You can provide the following URLS in your client code to connect to this server:
&amp#27;[35m[Appium]&amp#27;[39m 	http://192.168.1.20:4723/
&amp#27;[35m[Appium]&amp#27;[39m 	http://127.0.0.1:4723/ (only accessible from the same host)
&amp#27;[35m[Appium]&amp#27;[39m Available drivers:
&amp#27;[35m[Appium]&amp#27;[39m   - uiautomator2@2.29.2 (automationName 'UiAutomator2')
&amp#27;[35m[Appium]&amp#27;[39m No plugins have been installed. Use the "appium plugin" command to install the one(s) you want to use.
&amp#27;[38;5;0m[HTTP]&amp#27;[0m &amp#27;[37m-->&amp#27;[39m &amp#27;[37mGET&amp#27;[39m &amp#27;[37m/status&amp#27;[39m
&amp#27;[38;5;0m[HTTP]&amp#27;[0m &amp#27;[90m{}&amp#27;[39m
[debug] &amp#27;[38;5;16m[AppiumDriver@ae6b]&amp#27;[0m Calling AppiumDriver.getStatus() with args: []
[debug] &amp#27;[38;5;16m[AppiumDriver@ae6b]&amp#27;[0m Responding to client with driver.getStatus() result: {"build":{"version":"2.0.0"}}
&amp#27;[38;5;0m[HTTP]&amp#27;[0m &amp#27;[37m<-- GET /status &amp#27;[39m&amp#27;[32m200&amp#27;[39m &amp#27;[90m7 ms - 39&amp#27;[39m
&amp#27;[38;5;0m[HTTP]&amp#27;[0m &amp#27;[90m&amp#27;[39m
[debug] &amp#27;[38;5;0m[HTTP]&amp#27;[0m Request idempotency key: 5ce1ca70-19da-4424-82c2-42790f391a54
&amp#27;[38;5;0m[HTTP]&amp#27;[0m &amp#27;[37m-->&amp#27;[39m &amp#27;[37mPOST&amp#27;[39m &amp#27;[37m/session&amp#27;[39m
&amp#27;[38;5;0m[HTTP]&amp#27;[0m &amp#27;[90m{"capabilities":{"firstMatch":[{}],"alwaysMatch":{"appium:automationName":"ANDROID_UIAUTOMATOR2","appium:chromedriverChromeMappingFile":"https://github.com/appium/appium-chromedriver/blob/master/config/mapping.json","appium:chromedriverExecutableDir":"./utils/ExecutableDirs","appium:deviceName":"Pixel_XL_API_33","appium:udid":"emulator-5554","browserName":"Chrome","platformName":"ANDROID"}}}&amp#27;[39m
[debug] &amp#27;[38;5;16m[AppiumDriver@ae6b]&amp#27;[0m Calling AppiumDriver.createSession() with args: [null,null,{"firstMatch":[{}],"alwaysMatch":{"appium:automationName":"ANDROID_UIAUTOMATOR2","appium:chromedriverChromeMappingFile":"https://github.com/appium/appium-chromedriver/blob/master/config/mapping.json","appium:chromedriverExecutableDir":"./utils/ExecutableDirs","appium:deviceName":"Pixel_XL_API_33","appium:udid":"emulator-5554","browserName":"Chrome","platformName":"ANDROID"}}]
[debug] &amp#27;[38;5;16m[AppiumDriver@ae6b]&amp#27;[0m Event 'newSessionRequested' logged at 1692208722868 (20:58:42 GMT+0300 (Israel Daylight Time))
&amp#27;[35m[Appium]&amp#27;[39m Attempting to find matching driver for automationName 'ANDROID_UIAUTOMATOR2' and platformName 'ANDROID'
[debug] &amp#27;[38;5;16m[AppiumDriver@ae6b]&amp#27;[0m Event 'newSessionStarted' logged at 1692208722874 (20:58:42 GMT+0300 (Israel Daylight Time))
[debug] &amp#27;[38;5;16m[AppiumDriver@ae6b]&amp#27;[0m Encountered internal error running command: Error: Could not find a driver for automationName 'ANDROID_UIAUTOMATOR2' and platformName 'ANDROID'. Have you installed a driver that supports those capabilities? Run 'appium driver list --installed' to see. (Lower-level error: Could not find installed driver to support given caps)
[debug] &amp#27;[38;5;16m[AppiumDriver@ae6b]&amp#27;[0m     at DriverConfig.findMatchingDriver (C:\Users\jonmi\AppData\Roaming\npm\node_modules\appium\lib\extension\driver-config.js:175:13)
[debug] &amp#27;[38;5;16m[AppiumDriver@ae6b]&amp#27;[0m     at AppiumDriver.createSession (C:\Users\jonmi\AppData\Roaming\npm\node_modules\appium\lib\appium.js:273:29)
[debug] &amp#27;[38;5;16m[AppiumDriver@ae6b]&amp#27;[0m     at commandExecutor (C:\Users\jonmi\AppData\Roaming\npm\node_modules\appium\node_modules\@appium\base-driver\lib\basedriver\driver.ts:107:18)
[debug] &amp#27;[38;5;16m[AppiumDriver@ae6b]&amp#27;[0m     at AppiumDriver.executeCommand (C:\Users\jonmi\AppData\Roaming\npm\node_modules\appium\node_modules\@appium\base-driver\lib\basedriver\driver.ts:124:15)
[debug] &amp#27;[38;5;16m[AppiumDriver@ae6b]&amp#27;[0m     at processTicksAndRejections (node:internal/process/task_queues:95:5)
[debug] &amp#27;[38;5;16m[AppiumDriver@ae6b]&amp#27;[0m     at defaultBehavior (C:\Users\jonmi\AppData\Roaming\npm\node_modules\appium\lib\appium.js:680:16)
[debug] &amp#27;[38;5;16m[AppiumDriver@ae6b]&amp#27;[0m     at AppiumDriver.executeWrappedCommand (C:\Users\jonmi\AppData\Roaming\npm\node_modules\appium\lib\appium.js:774:16)
[debug] &amp#27;[38;5;16m[AppiumDriver@ae6b]&amp#27;[0m     at AppiumDriver.executeCommand (C:\Users\jonmi\AppData\Roaming\npm\node_modules\appium\lib\appium.js:696:17)
[debug] &amp#27;[38;5;16m[AppiumDriver@ae6b]&amp#27;[0m     at asyncHandler (C:\Users\jonmi\AppData\Roaming\npm\node_modules\appium\node_modules\@appium\base-driver\lib\protocol\protocol.js:393:19)
&amp#27;[38;5;0m[HTTP]&amp#27;[0m &amp#27;[37m<-- POST /session &amp#27;[39m&amp#27;[31m500&amp#27;[39m &amp#27;[90m44 ms - 1116&amp#27;[39m
&amp#27;[38;5;0m[HTTP]&amp#27;[0m &amp#27;[90m&amp#27;[39m
]]></system-out>
    <system-err><![CDATA[SLF4J: Failed to load class "org.slf4j.impl.StaticLoggerBinder".
SLF4J: Defaulting to no-operation (NOP) logger implementation
SLF4J: See http://www.slf4j.org/codes.html#StaticLoggerBinder for further details.
ERROR StatusLogger Log4j2 could not find a logging implementation. Please add log4j-core to the classpath. Using SimpleLogger to log to the console...
]]></system-err>
  </testcase>
  <testcase name="setup" classname="tests.t1_Login" time="0">
    <skipped/>
  </testcase>
  <testcase name="setup" classname="tests.t1_Login" time="0">
    <skipped/>
  </testcase>
  <testcase name="setup" classname="tests.t1_Login" time="0">
    <skipped/>
  </testcase>
  <testcase name="setup" classname="tests.t1_Login" time="0">
    <skipped/>
  </testcase>
  <testcase name="setup" classname="tests.t1_Login" time="0">
    <skipped/>
  </testcase>
  <testcase name="setup" classname="tests.t1_Login" time="0">
    <skipped/>
  </testcase>
  <testcase name="setup" classname="tests.t1_Login" time="0">
    <skipped/>
  </testcase>
  <testcase name="setup" classname="tests.t1_Login" time="0">
    <skipped/>
  </testcase>
  <testcase name="setup" classname="tests.t1_Login" time="0">
    <skipped/>
  </testcase>
  <testcase name="tc01_userLogin[standard_user, secret_sauce, ](1)" classname="tests.t1_Login" time="0">
    <skipped message="Could not start a new session. Response code 500. Message: An unknown server-side error occurred while processing the command. Original error: Could not find a driver for automationName &apos;ANDROID_UIAUTOMATOR2&apos; and platformName &apos;ANDROID&apos;. Have you installed a driver that supports those capabilities? Run &apos;appium driver list --installed&apos; to see. (Lower-level error: Could not find installed driver to support given caps) &#10;Host info: host: &apos;LAPTOP-RMK290R9&apos;, ip: &apos;192.168.1.20&apos;&#10;Build info: version: &apos;4.9.1&apos;, revision: &apos;eb2032df7f&apos;&#10;System info: os.name: &apos;Windows 10&apos;, os.arch: &apos;amd64&apos;, os.version: &apos;10.0&apos;, java.version: &apos;1.8.0_211&apos;&#10;Driver info: io.appium.java_client.android.AndroidDriver&#10;Command: [null, newSession {capabilities=[{appium:udid=emulator-5554, appium:chromedriverExecutableDir=./utils/ExecutableDirs, appium:chromedriverChromeMappingFile=https://github.com/appium/appium-chromedriver/blob/master/config/mapping.json, browserName=Chrome, platformName=ANDROID, appium:deviceName=Pixel_XL_API_33, appium:automationName=ANDROID_UIAUTOMATOR2}], desiredCapabilities=Capabilities {appium:automationName: ANDROID_UIAUTOMATOR2, appium:chromedriverChromeMappingFile: https://github.com/appium/a..., appium:chromedriverExecutableDir: ./utils/ExecutableDirs, appium:deviceName: Pixel_XL_API_33, appium:udid: emulator-5554, browserName: Chrome, platformName: ANDROID}}]&#10;Capabilities {appium:automationName: ANDROID_UIAUTOMATOR2, appium:chromedriverChromeMappingFile: https://github.com/appium/a..., appium:chromedriverExecutableDir: ./utils/ExecutableDirs, appium:deviceName: Pixel_XL_API_33, appium:udid: emulator-5554, browserName: Chrome, platformName: ANDROID}"/>
  </testcase>
  <testcase name="TearDown" classname="tests.t1_Login" time="0">
    <skipped/>
  </testcase>
  <testcase name="TearDown" classname="tests.t1_Login" time="0">
    <skipped/>
  </testcase>
  <testcase name="TearDown" classname="tests.t1_Login" time="0">
    <skipped/>
  </testcase>
  <testcase name="TearDown" classname="tests.t1_Login" time="0">
    <skipped/>
  </testcase>
  <testcase name="TearDown" classname="tests.t1_Login" time="0">
    <skipped/>
  </testcase>
  <testcase name="TearDown" classname="tests.t1_Login" time="0">
    <skipped/>
  </testcase>
  <testcase name="TearDown" classname="tests.t1_Login" time="0">
    <skipped/>
  </testcase>
  <testcase name="TearDown" classname="tests.t1_Login" time="0">
    <skipped/>
  </testcase>
  <testcase name="TearDown" classname="tests.t1_Login" time="0">
    <skipped/>
  </testcase>
  <testcase name="TearDown" classname="tests.t1_Login" time="0">
    <skipped/>
  </testcase>
  <testcase name="tc01_userLogin[locked_out_user, secret_sauce, Epic sadface: Sorry, this user has been locked out.](2)" classname="tests.t1_Login" time="0">
    <skipped message="Could not start a new session. Response code 500. Message: An unknown server-side error occurred while processing the command. Original error: Could not find a driver for automationName &apos;ANDROID_UIAUTOMATOR2&apos; and platformName &apos;ANDROID&apos;. Have you installed a driver that supports those capabilities? Run &apos;appium driver list --installed&apos; to see. (Lower-level error: Could not find installed driver to support given caps) &#10;Host info: host: &apos;LAPTOP-RMK290R9&apos;, ip: &apos;192.168.1.20&apos;&#10;Build info: version: &apos;4.9.1&apos;, revision: &apos;eb2032df7f&apos;&#10;System info: os.name: &apos;Windows 10&apos;, os.arch: &apos;amd64&apos;, os.version: &apos;10.0&apos;, java.version: &apos;1.8.0_211&apos;&#10;Driver info: io.appium.java_client.android.AndroidDriver&#10;Command: [null, newSession {capabilities=[{appium:udid=emulator-5554, appium:chromedriverExecutableDir=./utils/ExecutableDirs, appium:chromedriverChromeMappingFile=https://github.com/appium/appium-chromedriver/blob/master/config/mapping.json, browserName=Chrome, platformName=ANDROID, appium:deviceName=Pixel_XL_API_33, appium:automationName=ANDROID_UIAUTOMATOR2}], desiredCapabilities=Capabilities {appium:automationName: ANDROID_UIAUTOMATOR2, appium:chromedriverChromeMappingFile: https://github.com/appium/a..., appium:chromedriverExecutableDir: ./utils/ExecutableDirs, appium:deviceName: Pixel_XL_API_33, appium:udid: emulator-5554, browserName: Chrome, platformName: ANDROID}}]&#10;Capabilities {appium:automationName: ANDROID_UIAUTOMATOR2, appium:chromedriverChromeMappingFile: https://github.com/appium/a..., appium:chromedriverExecutableDir: ./utils/ExecutableDirs, appium:deviceName: Pixel_XL_API_33, appium:udid: emulator-5554, browserName: Chrome, platformName: ANDROID}"/>
  </testcase>
  <testcase name="tc01_userLogin[problem_user, secret_sauce, ](3)" classname="tests.t1_Login" time="0">
    <skipped message="Could not start a new session. Response code 500. Message: An unknown server-side error occurred while processing the command. Original error: Could not find a driver for automationName &apos;ANDROID_UIAUTOMATOR2&apos; and platformName &apos;ANDROID&apos;. Have you installed a driver that supports those capabilities? Run &apos;appium driver list --installed&apos; to see. (Lower-level error: Could not find installed driver to support given caps) &#10;Host info: host: &apos;LAPTOP-RMK290R9&apos;, ip: &apos;192.168.1.20&apos;&#10;Build info: version: &apos;4.9.1&apos;, revision: &apos;eb2032df7f&apos;&#10;System info: os.name: &apos;Windows 10&apos;, os.arch: &apos;amd64&apos;, os.version: &apos;10.0&apos;, java.version: &apos;1.8.0_211&apos;&#10;Driver info: io.appium.java_client.android.AndroidDriver&#10;Command: [null, newSession {capabilities=[{appium:udid=emulator-5554, appium:chromedriverExecutableDir=./utils/ExecutableDirs, appium:chromedriverChromeMappingFile=https://github.com/appium/appium-chromedriver/blob/master/config/mapping.json, browserName=Chrome, platformName=ANDROID, appium:deviceName=Pixel_XL_API_33, appium:automationName=ANDROID_UIAUTOMATOR2}], desiredCapabilities=Capabilities {appium:automationName: ANDROID_UIAUTOMATOR2, appium:chromedriverChromeMappingFile: https://github.com/appium/a..., appium:chromedriverExecutableDir: ./utils/ExecutableDirs, appium:deviceName: Pixel_XL_API_33, appium:udid: emulator-5554, browserName: Chrome, platformName: ANDROID}}]&#10;Capabilities {appium:automationName: ANDROID_UIAUTOMATOR2, appium:chromedriverChromeMappingFile: https://github.com/appium/a..., appium:chromedriverExecutableDir: ./utils/ExecutableDirs, appium:deviceName: Pixel_XL_API_33, appium:udid: emulator-5554, browserName: Chrome, platformName: ANDROID}"/>
  </testcase>
  <testcase name="tc01_userLogin[performance_glitch_user, secret_sauce, ](4)" classname="tests.t1_Login" time="0">
    <skipped message="Could not start a new session. Response code 500. Message: An unknown server-side error occurred while processing the command. Original error: Could not find a driver for automationName &apos;ANDROID_UIAUTOMATOR2&apos; and platformName &apos;ANDROID&apos;. Have you installed a driver that supports those capabilities? Run &apos;appium driver list --installed&apos; to see. (Lower-level error: Could not find installed driver to support given caps) &#10;Host info: host: &apos;LAPTOP-RMK290R9&apos;, ip: &apos;192.168.1.20&apos;&#10;Build info: version: &apos;4.9.1&apos;, revision: &apos;eb2032df7f&apos;&#10;System info: os.name: &apos;Windows 10&apos;, os.arch: &apos;amd64&apos;, os.version: &apos;10.0&apos;, java.version: &apos;1.8.0_211&apos;&#10;Driver info: io.appium.java_client.android.AndroidDriver&#10;Command: [null, newSession {capabilities=[{appium:udid=emulator-5554, appium:chromedriverExecutableDir=./utils/ExecutableDirs, appium:chromedriverChromeMappingFile=https://github.com/appium/appium-chromedriver/blob/master/config/mapping.json, browserName=Chrome, platformName=ANDROID, appium:deviceName=Pixel_XL_API_33, appium:automationName=ANDROID_UIAUTOMATOR2}], desiredCapabilities=Capabilities {appium:automationName: ANDROID_UIAUTOMATOR2, appium:chromedriverChromeMappingFile: https://github.com/appium/a..., appium:chromedriverExecutableDir: ./utils/ExecutableDirs, appium:deviceName: Pixel_XL_API_33, appium:udid: emulator-5554, browserName: Chrome, platformName: ANDROID}}]&#10;Capabilities {appium:automationName: ANDROID_UIAUTOMATOR2, appium:chromedriverChromeMappingFile: https://github.com/appium/a..., appium:chromedriverExecutableDir: ./utils/ExecutableDirs, appium:deviceName: Pixel_XL_API_33, appium:udid: emulator-5554, browserName: Chrome, platformName: ANDROID}"/>
  </testcase>
  <testcase name="tc01_userLogin[, , Epic sadface: Username is required](5)" classname="tests.t1_Login" time="0">
    <skipped message="Could not start a new session. Response code 500. Message: An unknown server-side error occurred while processing the command. Original error: Could not find a driver for automationName &apos;ANDROID_UIAUTOMATOR2&apos; and platformName &apos;ANDROID&apos;. Have you installed a driver that supports those capabilities? Run &apos;appium driver list --installed&apos; to see. (Lower-level error: Could not find installed driver to support given caps) &#10;Host info: host: &apos;LAPTOP-RMK290R9&apos;, ip: &apos;192.168.1.20&apos;&#10;Build info: version: &apos;4.9.1&apos;, revision: &apos;eb2032df7f&apos;&#10;System info: os.name: &apos;Windows 10&apos;, os.arch: &apos;amd64&apos;, os.version: &apos;10.0&apos;, java.version: &apos;1.8.0_211&apos;&#10;Driver info: io.appium.java_client.android.AndroidDriver&#10;Command: [null, newSession {capabilities=[{appium:udid=emulator-5554, appium:chromedriverExecutableDir=./utils/ExecutableDirs, appium:chromedriverChromeMappingFile=https://github.com/appium/appium-chromedriver/blob/master/config/mapping.json, browserName=Chrome, platformName=ANDROID, appium:deviceName=Pixel_XL_API_33, appium:automationName=ANDROID_UIAUTOMATOR2}], desiredCapabilities=Capabilities {appium:automationName: ANDROID_UIAUTOMATOR2, appium:chromedriverChromeMappingFile: https://github.com/appium/a..., appium:chromedriverExecutableDir: ./utils/ExecutableDirs, appium:deviceName: Pixel_XL_API_33, appium:udid: emulator-5554, browserName: Chrome, platformName: ANDROID}}]&#10;Capabilities {appium:automationName: ANDROID_UIAUTOMATOR2, appium:chromedriverChromeMappingFile: https://github.com/appium/a..., appium:chromedriverExecutableDir: ./utils/ExecutableDirs, appium:deviceName: Pixel_XL_API_33, appium:udid: emulator-5554, browserName: Chrome, platformName: ANDROID}"/>
  </testcase>
  <testcase name="tc01_userLogin[TableChair, TableChair, Epic sadface: Username and password do not match any user in this service](6)" classname="tests.t1_Login" time="0">
    <skipped message="Could not start a new session. Response code 500. Message: An unknown server-side error occurred while processing the command. Original error: Could not find a driver for automationName &apos;ANDROID_UIAUTOMATOR2&apos; and platformName &apos;ANDROID&apos;. Have you installed a driver that supports those capabilities? Run &apos;appium driver list --installed&apos; to see. (Lower-level error: Could not find installed driver to support given caps) &#10;Host info: host: &apos;LAPTOP-RMK290R9&apos;, ip: &apos;192.168.1.20&apos;&#10;Build info: version: &apos;4.9.1&apos;, revision: &apos;eb2032df7f&apos;&#10;System info: os.name: &apos;Windows 10&apos;, os.arch: &apos;amd64&apos;, os.version: &apos;10.0&apos;, java.version: &apos;1.8.0_211&apos;&#10;Driver info: io.appium.java_client.android.AndroidDriver&#10;Command: [null, newSession {capabilities=[{appium:udid=emulator-5554, appium:chromedriverExecutableDir=./utils/ExecutableDirs, appium:chromedriverChromeMappingFile=https://github.com/appium/appium-chromedriver/blob/master/config/mapping.json, browserName=Chrome, platformName=ANDROID, appium:deviceName=Pixel_XL_API_33, appium:automationName=ANDROID_UIAUTOMATOR2}], desiredCapabilities=Capabilities {appium:automationName: ANDROID_UIAUTOMATOR2, appium:chromedriverChromeMappingFile: https://github.com/appium/a..., appium:chromedriverExecutableDir: ./utils/ExecutableDirs, appium:deviceName: Pixel_XL_API_33, appium:udid: emulator-5554, browserName: Chrome, platformName: ANDROID}}]&#10;Capabilities {appium:automationName: ANDROID_UIAUTOMATOR2, appium:chromedriverChromeMappingFile: https://github.com/appium/a..., appium:chromedriverExecutableDir: ./utils/ExecutableDirs, appium:deviceName: Pixel_XL_API_33, appium:udid: emulator-5554, browserName: Chrome, platformName: ANDROID}"/>
  </testcase>
  <testcase name="tc01_userLogin[standard_user, , Epic sadface: Password is required](7)" classname="tests.t1_Login" time="0">
    <skipped message="Could not start a new session. Response code 500. Message: An unknown server-side error occurred while processing the command. Original error: Could not find a driver for automationName &apos;ANDROID_UIAUTOMATOR2&apos; and platformName &apos;ANDROID&apos;. Have you installed a driver that supports those capabilities? Run &apos;appium driver list --installed&apos; to see. (Lower-level error: Could not find installed driver to support given caps) &#10;Host info: host: &apos;LAPTOP-RMK290R9&apos;, ip: &apos;192.168.1.20&apos;&#10;Build info: version: &apos;4.9.1&apos;, revision: &apos;eb2032df7f&apos;&#10;System info: os.name: &apos;Windows 10&apos;, os.arch: &apos;amd64&apos;, os.version: &apos;10.0&apos;, java.version: &apos;1.8.0_211&apos;&#10;Driver info: io.appium.java_client.android.AndroidDriver&#10;Command: [null, newSession {capabilities=[{appium:udid=emulator-5554, appium:chromedriverExecutableDir=./utils/ExecutableDirs, appium:chromedriverChromeMappingFile=https://github.com/appium/appium-chromedriver/blob/master/config/mapping.json, browserName=Chrome, platformName=ANDROID, appium:deviceName=Pixel_XL_API_33, appium:automationName=ANDROID_UIAUTOMATOR2}], desiredCapabilities=Capabilities {appium:automationName: ANDROID_UIAUTOMATOR2, appium:chromedriverChromeMappingFile: https://github.com/appium/a..., appium:chromedriverExecutableDir: ./utils/ExecutableDirs, appium:deviceName: Pixel_XL_API_33, appium:udid: emulator-5554, browserName: Chrome, platformName: ANDROID}}]&#10;Capabilities {appium:automationName: ANDROID_UIAUTOMATOR2, appium:chromedriverChromeMappingFile: https://github.com/appium/a..., appium:chromedriverExecutableDir: ./utils/ExecutableDirs, appium:deviceName: Pixel_XL_API_33, appium:udid: emulator-5554, browserName: Chrome, platformName: ANDROID}"/>
  </testcase>
  <testcase name="tc01_userLogin[TableChair, , Epic sadface: Password is required](8)" classname="tests.t1_Login" time="0">
    <skipped message="Could not start a new session. Response code 500. Message: An unknown server-side error occurred while processing the command. Original error: Could not find a driver for automationName &apos;ANDROID_UIAUTOMATOR2&apos; and platformName &apos;ANDROID&apos;. Have you installed a driver that supports those capabilities? Run &apos;appium driver list --installed&apos; to see. (Lower-level error: Could not find installed driver to support given caps) &#10;Host info: host: &apos;LAPTOP-RMK290R9&apos;, ip: &apos;192.168.1.20&apos;&#10;Build info: version: &apos;4.9.1&apos;, revision: &apos;eb2032df7f&apos;&#10;System info: os.name: &apos;Windows 10&apos;, os.arch: &apos;amd64&apos;, os.version: &apos;10.0&apos;, java.version: &apos;1.8.0_211&apos;&#10;Driver info: io.appium.java_client.android.AndroidDriver&#10;Command: [null, newSession {capabilities=[{appium:udid=emulator-5554, appium:chromedriverExecutableDir=./utils/ExecutableDirs, appium:chromedriverChromeMappingFile=https://github.com/appium/appium-chromedriver/blob/master/config/mapping.json, browserName=Chrome, platformName=ANDROID, appium:deviceName=Pixel_XL_API_33, appium:automationName=ANDROID_UIAUTOMATOR2}], desiredCapabilities=Capabilities {appium:automationName: ANDROID_UIAUTOMATOR2, appium:chromedriverChromeMappingFile: https://github.com/appium/a..., appium:chromedriverExecutableDir: ./utils/ExecutableDirs, appium:deviceName: Pixel_XL_API_33, appium:udid: emulator-5554, browserName: Chrome, platformName: ANDROID}}]&#10;Capabilities {appium:automationName: ANDROID_UIAUTOMATOR2, appium:chromedriverChromeMappingFile: https://github.com/appium/a..., appium:chromedriverExecutableDir: ./utils/ExecutableDirs, appium:deviceName: Pixel_XL_API_33, appium:udid: emulator-5554, browserName: Chrome, platformName: ANDROID}"/>
  </testcase>
  <testcase name="tc01_userLogin[, secret_sauce, Epic sadface: Username is required](9)" classname="tests.t1_Login" time="0">
    <skipped message="Could not start a new session. Response code 500. Message: An unknown server-side error occurred while processing the command. Original error: Could not find a driver for automationName &apos;ANDROID_UIAUTOMATOR2&apos; and platformName &apos;ANDROID&apos;. Have you installed a driver that supports those capabilities? Run &apos;appium driver list --installed&apos; to see. (Lower-level error: Could not find installed driver to support given caps) &#10;Host info: host: &apos;LAPTOP-RMK290R9&apos;, ip: &apos;192.168.1.20&apos;&#10;Build info: version: &apos;4.9.1&apos;, revision: &apos;eb2032df7f&apos;&#10;System info: os.name: &apos;Windows 10&apos;, os.arch: &apos;amd64&apos;, os.version: &apos;10.0&apos;, java.version: &apos;1.8.0_211&apos;&#10;Driver info: io.appium.java_client.android.AndroidDriver&#10;Command: [null, newSession {capabilities=[{appium:udid=emulator-5554, appium:chromedriverExecutableDir=./utils/ExecutableDirs, appium:chromedriverChromeMappingFile=https://github.com/appium/appium-chromedriver/blob/master/config/mapping.json, browserName=Chrome, platformName=ANDROID, appium:deviceName=Pixel_XL_API_33, appium:automationName=ANDROID_UIAUTOMATOR2}], desiredCapabilities=Capabilities {appium:automationName: ANDROID_UIAUTOMATOR2, appium:chromedriverChromeMappingFile: https://github.com/appium/a..., appium:chromedriverExecutableDir: ./utils/ExecutableDirs, appium:deviceName: Pixel_XL_API_33, appium:udid: emulator-5554, browserName: Chrome, platformName: ANDROID}}]&#10;Capabilities {appium:automationName: ANDROID_UIAUTOMATOR2, appium:chromedriverChromeMappingFile: https://github.com/appium/a..., appium:chromedriverExecutableDir: ./utils/ExecutableDirs, appium:deviceName: Pixel_XL_API_33, appium:udid: emulator-5554, browserName: Chrome, platformName: ANDROID}"/>
  </testcase>
  <testcase name="tc01_userLogin[, TableChair, Epic sadface: Username is required](10)" classname="tests.t1_Login" time="0">
    <skipped message="Could not start a new session. Response code 500. Message: An unknown server-side error occurred while processing the command. Original error: Could not find a driver for automationName &apos;ANDROID_UIAUTOMATOR2&apos; and platformName &apos;ANDROID&apos;. Have you installed a driver that supports those capabilities? Run &apos;appium driver list --installed&apos; to see. (Lower-level error: Could not find installed driver to support given caps) &#10;Host info: host: &apos;LAPTOP-RMK290R9&apos;, ip: &apos;192.168.1.20&apos;&#10;Build info: version: &apos;4.9.1&apos;, revision: &apos;eb2032df7f&apos;&#10;System info: os.name: &apos;Windows 10&apos;, os.arch: &apos;amd64&apos;, os.version: &apos;10.0&apos;, java.version: &apos;1.8.0_211&apos;&#10;Driver info: io.appium.java_client.android.AndroidDriver&#10;Command: [null, newSession {capabilities=[{appium:udid=emulator-5554, appium:chromedriverExecutableDir=./utils/ExecutableDirs, appium:chromedriverChromeMappingFile=https://github.com/appium/appium-chromedriver/blob/master/config/mapping.json, browserName=Chrome, platformName=ANDROID, appium:deviceName=Pixel_XL_API_33, appium:automationName=ANDROID_UIAUTOMATOR2}], desiredCapabilities=Capabilities {appium:automationName: ANDROID_UIAUTOMATOR2, appium:chromedriverChromeMappingFile: https://github.com/appium/a..., appium:chromedriverExecutableDir: ./utils/ExecutableDirs, appium:deviceName: Pixel_XL_API_33, appium:udid: emulator-5554, browserName: Chrome, platformName: ANDROID}}]&#10;Capabilities {appium:automationName: ANDROID_UIAUTOMATOR2, appium:chromedriverChromeMappingFile: https://github.com/appium/a..., appium:chromedriverExecutableDir: ./utils/ExecutableDirs, appium:deviceName: Pixel_XL_API_33, appium:udid: emulator-5554, browserName: Chrome, platformName: ANDROID}"/>
  </testcase>
  <testcase name="setup" classname="tests.t2_AddProducts" time="1.209">
    <failure message="Could not start a new session. Response code 500. Message: An unknown server-side error occurred while processing the command. Original error: Could not find a driver for automationName &apos;ANDROID_UIAUTOMATOR2&apos; and platformName &apos;ANDROID&apos;. Have you installed a driver that supports those capabilities? Run &apos;appium driver list --installed&apos; to see. (Lower-level error: Could not find installed driver to support given caps) &#10;Host info: host: &apos;LAPTOP-RMK290R9&apos;, ip: &apos;192.168.1.20&apos;&#10;Build info: version: &apos;4.9.1&apos;, revision: &apos;eb2032df7f&apos;&#10;System info: os.name: &apos;Windows 10&apos;, os.arch: &apos;amd64&apos;, os.version: &apos;10.0&apos;, java.version: &apos;1.8.0_211&apos;&#10;Driver info: io.appium.java_client.android.AndroidDriver&#10;Command: [null, newSession {capabilities=[{appium:udid=emulator-5554, appium:chromedriverExecutableDir=./utils/ExecutableDirs, appium:chromedriverChromeMappingFile=https://github.com/appium/appium-chromedriver/blob/master/config/mapping.json, browserName=Chrome, platformName=ANDROID, appium:deviceName=Pixel_XL_API_33, appium:automationName=ANDROID_UIAUTOMATOR2}], desiredCapabilities=Capabilities {appium:automationName: ANDROID_UIAUTOMATOR2, appium:chromedriverChromeMappingFile: https://github.com/appium/a..., appium:chromedriverExecutableDir: ./utils/ExecutableDirs, appium:deviceName: Pixel_XL_API_33, appium:udid: emulator-5554, browserName: Chrome, platformName: ANDROID}}]&#10;Capabilities {appium:automationName: ANDROID_UIAUTOMATOR2, appium:chromedriverChromeMappingFile: https://github.com/appium/a..., appium:chromedriverExecutableDir: ./utils/ExecutableDirs, appium:deviceName: Pixel_XL_API_33, appium:udid: emulator-5554, browserName: Chrome, platformName: ANDROID}" type="org.openqa.selenium.SessionNotCreatedException"><![CDATA[org.openqa.selenium.SessionNotCreatedException: 
Could not start a new session. Response code 500. Message: An unknown server-side error occurred while processing the command. Original error: Could not find a driver for automationName 'ANDROID_UIAUTOMATOR2' and platformName 'ANDROID'. Have you installed a driver that supports those capabilities? Run 'appium driver list --installed' to see. (Lower-level error: Could not find installed driver to support given caps) 
Host info: host: 'LAPTOP-RMK290R9', ip: '192.168.1.20'
Build info: version: '4.9.1', revision: 'eb2032df7f'
System info: os.name: 'Windows 10', os.arch: 'amd64', os.version: '10.0', java.version: '1.8.0_211'
Driver info: io.appium.java_client.android.AndroidDriver
Command: [null, newSession {capabilities=[{appium:udid=emulator-5554, appium:chromedriverExecutableDir=./utils/ExecutableDirs, appium:chromedriverChromeMappingFile=https://github.com/appium/appium-chromedriver/blob/master/config/mapping.json, browserName=Chrome, platformName=ANDROID, appium:deviceName=Pixel_XL_API_33, appium:automationName=ANDROID_UIAUTOMATOR2}], desiredCapabilities=Capabilities {appium:automationName: ANDROID_UIAUTOMATOR2, appium:chromedriverChromeMappingFile: https://github.com/appium/a..., appium:chromedriverExecutableDir: ./utils/ExecutableDirs, appium:deviceName: Pixel_XL_API_33, appium:udid: emulator-5554, browserName: Chrome, platformName: ANDROID}}]
Capabilities {appium:automationName: ANDROID_UIAUTOMATOR2, appium:chromedriverChromeMappingFile: https://github.com/appium/a..., appium:chromedriverExecutableDir: ./utils/ExecutableDirs, appium:deviceName: Pixel_XL_API_33, appium:udid: emulator-5554, browserName: Chrome, platformName: ANDROID}
	at org.openqa.selenium.remote.ProtocolHandshake.createSession(ProtocolHandshake.java:136)
	at sun.reflect.NativeMethodAccessorImpl.invoke0(Native Method)
	at sun.reflect.NativeMethodAccessorImpl.invoke(NativeMethodAccessorImpl.java:62)
	at sun.reflect.DelegatingMethodAccessorImpl.invoke(DelegatingMethodAccessorImpl.java:43)
	at java.lang.reflect.Method.invoke(Method.java:498)
	at io.appium.java_client.remote.AppiumProtocolHandshake.createSession(AppiumProtocolHandshake.java:133)
	at io.appium.java_client.remote.AppiumProtocolHandshake.createSession(AppiumProtocolHandshake.java:102)
	at io.appium.java_client.remote.AppiumCommandExecutor.createSession(AppiumCommandExecutor.java:182)
	at io.appium.java_client.remote.AppiumCommandExecutor.execute(AppiumCommandExecutor.java:250)
	at org.openqa.selenium.remote.RemoteWebDriver.execute(RemoteWebDriver.java:543)
	at io.appium.java_client.AppiumDriver.startSession(AppiumDriver.java:274)
	at org.openqa.selenium.remote.RemoteWebDriver.<init>(RemoteWebDriver.java:157)
	at io.appium.java_client.AppiumDriver.<init>(AppiumDriver.java:89)
	at io.appium.java_client.AppiumDriver.<init>(AppiumDriver.java:112)
	at io.appium.java_client.AppiumDriver.<init>(AppiumDriver.java:137)
	at io.appium.java_client.android.AndroidDriver.<init>(AndroidDriver.java:236)
	at tests.BaseTest.setup(BaseTest.java:90)
	at sun.reflect.NativeMethodAccessorImpl.invoke0(Native Method)
	at sun.reflect.NativeMethodAccessorImpl.invoke(NativeMethodAccessorImpl.java:62)
	at sun.reflect.DelegatingMethodAccessorImpl.invoke(DelegatingMethodAccessorImpl.java:43)
	at java.lang.reflect.Method.invoke(Method.java:498)
	at org.testng.internal.invokers.MethodInvocationHelper.invokeMethod(MethodInvocationHelper.java:135)
	at org.testng.internal.invokers.MethodInvocationHelper.invokeMethodConsideringTimeout(MethodInvocationHelper.java:65)
	at org.testng.internal.invokers.ConfigInvoker.invokeConfigurationMethod(ConfigInvoker.java:381)
	at org.testng.internal.invokers.ConfigInvoker.invokeConfigurations(ConfigInvoker.java:319)
	at org.testng.internal.invokers.TestInvoker.runConfigMethods(TestInvoker.java:803)
	at org.testng.internal.invokers.TestInvoker.invokeMethod(TestInvoker.java:589)
	at org.testng.internal.invokers.TestInvoker.invokeTestMethod(TestInvoker.java:220)
	at org.testng.internal.invokers.MethodRunner.runInSequence(MethodRunner.java:50)
	at org.testng.internal.invokers.TestInvoker$MethodInvocationAgent.invoke(TestInvoker.java:945)
	at org.testng.internal.invokers.TestInvoker.invokeTestMethods(TestInvoker.java:193)
	at org.testng.internal.invokers.TestMethodWorker.invokeTestMethods(TestMethodWorker.java:146)
	at org.testng.internal.invokers.TestMethodWorker.run(TestMethodWorker.java:128)
	at java.util.ArrayList.forEach(ArrayList.java:1257)
	at org.testng.TestRunner.privateRun(TestRunner.java:808)
	at org.testng.TestRunner.run(TestRunner.java:603)
	at org.testng.SuiteRunner.runTest(SuiteRunner.java:429)
	at org.testng.SuiteRunner.runSequentially(SuiteRunner.java:423)
	at org.testng.SuiteRunner.privateRun(SuiteRunner.java:383)
	at org.testng.SuiteRunner.run(SuiteRunner.java:326)
	at org.testng.SuiteRunnerWorker.runSuite(SuiteRunnerWorker.java:52)
	at org.testng.SuiteRunnerWorker.run(SuiteRunnerWorker.java:95)
	at org.testng.TestNG.runSuitesSequentially(TestNG.java:1249)
	at org.testng.TestNG.runSuitesLocally(TestNG.java:1169)
	at org.testng.TestNG.runSuites(TestNG.java:1092)
	at org.testng.TestNG.run(TestNG.java:1060)
	at org.apache.maven.surefire.testng.TestNGExecutor.run(TestNGExecutor.java:324)
	at org.apache.maven.surefire.testng.TestNGXmlTestSuite.execute(TestNGXmlTestSuite.java:74)
	at org.apache.maven.surefire.testng.TestNGProvider.invoke(TestNGProvider.java:123)
	at org.apache.maven.surefire.booter.ForkedBooter.runSuitesInProcess(ForkedBooter.java:456)
	at org.apache.maven.surefire.booter.ForkedBooter.execute(ForkedBooter.java:169)
	at org.apache.maven.surefire.booter.ForkedBooter.run(ForkedBooter.java:595)
	at org.apache.maven.surefire.booter.ForkedBooter.main(ForkedBooter.java:581)
]]></failure>
    <system-out><![CDATA[&amp#27;[38;5;0m[HTTP]&amp#27;[0m &amp#27;[37m-->&amp#27;[39m &amp#27;[37mGET&amp#27;[39m &amp#27;[37m/status&amp#27;[39m
&amp#27;[38;5;0m[HTTP]&amp#27;[0m &amp#27;[90m{}&amp#27;[39m
[debug] &amp#27;[38;5;16m[AppiumDriver@ae6b]&amp#27;[0m Calling AppiumDriver.getStatus() with args: []
[debug] &amp#27;[38;5;16m[AppiumDriver@ae6b]&amp#27;[0m Responding to client with driver.getStatus() result: {"build":{"version":"2.0.0"}}
&amp#27;[38;5;0m[HTTP]&amp#27;[0m &amp#27;[37m<-- GET /status &amp#27;[39m&amp#27;[32m200&amp#27;[39m &amp#27;[90m1 ms - 39&amp#27;[39m
&amp#27;[38;5;0m[HTTP]&amp#27;[0m &amp#27;[90m&amp#27;[39m
[debug] &amp#27;[38;5;0m[HTTP]&amp#27;[0m Request idempotency key: a9ad71fc-8e7a-42dc-bdb6-da8234e8dc6c
&amp#27;[38;5;0m[HTTP]&amp#27;[0m &amp#27;[37m-->&amp#27;[39m &amp#27;[37mPOST&amp#27;[39m &amp#27;[37m/session&amp#27;[39m
&amp#27;[38;5;0m[HTTP]&amp#27;[0m &amp#27;[90m{"capabilities":{"firstMatch":[{}],"alwaysMatch":{"appium:automationName":"ANDROID_UIAUTOMATOR2","appium:chromedriverChromeMappingFile":"https://github.com/appium/appium-chromedriver/blob/master/config/mapping.json","appium:chromedriverExecutableDir":"./utils/ExecutableDirs","appium:deviceName":"Pixel_XL_API_33","appium:udid":"emulator-5554","browserName":"Chrome","platformName":"ANDROID"}}}&amp#27;[39m
[debug] &amp#27;[38;5;16m[AppiumDriver@ae6b]&amp#27;[0m Calling AppiumDriver.createSession() with args: [null,null,{"firstMatch":[{}],"alwaysMatch":{"appium:automationName":"ANDROID_UIAUTOMATOR2","appium:chromedriverChromeMappingFile":"https://github.com/appium/appium-chromedriver/blob/master/config/mapping.json","appium:chromedriverExecutableDir":"./utils/ExecutableDirs","appium:deviceName":"Pixel_XL_API_33","appium:udid":"emulator-5554","browserName":"Chrome","platformName":"ANDROID"}}]
[debug] &amp#27;[38;5;16m[AppiumDriver@ae6b]&amp#27;[0m Event 'newSessionRequested' logged at 1692208724331 (20:58:44 GMT+0300 (Israel Daylight Time))
&amp#27;[35m[Appium]&amp#27;[39m Attempting to find matching driver for automationName 'ANDROID_UIAUTOMATOR2' and platformName 'ANDROID'
[debug] &amp#27;[38;5;16m[AppiumDriver@ae6b]&amp#27;[0m Event 'newSessionStarted' logged at 1692208724334 (20:58:44 GMT+0300 (Israel Daylight Time))
[debug] &amp#27;[38;5;16m[AppiumDriver@ae6b]&amp#27;[0m Encountered internal error running command: Error: Could not find a driver for automationName 'ANDROID_UIAUTOMATOR2' and platformName 'ANDROID'. Have you installed a driver that supports those capabilities? Run 'appium driver list --installed' to see. (Lower-level error: Could not find installed driver to support given caps)
[debug] &amp#27;[38;5;16m[AppiumDriver@ae6b]&amp#27;[0m     at DriverConfig.findMatchingDriver (C:\Users\jonmi\AppData\Roaming\npm\node_modules\appium\lib\extension\driver-config.js:175:13)
[debug] &amp#27;[38;5;16m[AppiumDriver@ae6b]&amp#27;[0m     at AppiumDriver.createSession (C:\Users\jonmi\AppData\Roaming\npm\node_modules\appium\lib\appium.js:273:29)
[debug] &amp#27;[38;5;16m[AppiumDriver@ae6b]&amp#27;[0m     at commandExecutor (C:\Users\jonmi\AppData\Roaming\npm\node_modules\appium\node_modules\@appium\base-driver\lib\basedriver\driver.ts:107:18)
[debug] &amp#27;[38;5;16m[AppiumDriver@ae6b]&amp#27;[0m     at AppiumDriver.executeCommand (C:\Users\jonmi\AppData\Roaming\npm\node_modules\appium\node_modules\@appium\base-driver\lib\basedriver\driver.ts:124:15)
[debug] &amp#27;[38;5;16m[AppiumDriver@ae6b]&amp#27;[0m     at processTicksAndRejections (node:internal/process/task_queues:95:5)
[debug] &amp#27;[38;5;16m[AppiumDriver@ae6b]&amp#27;[0m     at defaultBehavior (C:\Users\jonmi\AppData\Roaming\npm\node_modules\appium\lib\appium.js:680:16)
[debug] &amp#27;[38;5;16m[AppiumDriver@ae6b]&amp#27;[0m     at AppiumDriver.executeWrappedCommand (C:\Users\jonmi\AppData\Roaming\npm\node_modules\appium\lib\appium.js:774:16)
[debug] &amp#27;[38;5;16m[AppiumDriver@ae6b]&amp#27;[0m     at AppiumDriver.executeCommand (C:\Users\jonmi\AppData\Roaming\npm\node_modules\appium\lib\appium.js:696:17)
[debug] &amp#27;[38;5;16m[AppiumDriver@ae6b]&amp#27;[0m     at asyncHandler (C:\Users\jonmi\AppData\Roaming\npm\node_modules\appium\node_modules\@appium\base-driver\lib\protocol\protocol.js:393:19)
&amp#27;[38;5;0m[HTTP]&amp#27;[0m &amp#27;[37m<-- POST /session &amp#27;[39m&amp#27;[31m500&amp#27;[39m &amp#27;[90m7 ms - 1116&amp#27;[39m
&amp#27;[38;5;0m[HTTP]&amp#27;[0m &amp#27;[90m&amp#27;[39m
]]></system-out>
  </testcase>
  <testcase name="setup" classname="tests.t2_AddProducts" time="0">
    <skipped/>
  </testcase>
  <testcase name="tc01_AddItemsFromProductsPage" classname="tests.t2_AddProducts" time="0">
    <skipped message="Could not start a new session. Response code 500. Message: An unknown server-side error occurred while processing the command. Original error: Could not find a driver for automationName &apos;ANDROID_UIAUTOMATOR2&apos; and platformName &apos;ANDROID&apos;. Have you installed a driver that supports those capabilities? Run &apos;appium driver list --installed&apos; to see. (Lower-level error: Could not find installed driver to support given caps) &#10;Host info: host: &apos;LAPTOP-RMK290R9&apos;, ip: &apos;192.168.1.20&apos;&#10;Build info: version: &apos;4.9.1&apos;, revision: &apos;eb2032df7f&apos;&#10;System info: os.name: &apos;Windows 10&apos;, os.arch: &apos;amd64&apos;, os.version: &apos;10.0&apos;, java.version: &apos;1.8.0_211&apos;&#10;Driver info: io.appium.java_client.android.AndroidDriver&#10;Command: [null, newSession {capabilities=[{appium:udid=emulator-5554, appium:chromedriverExecutableDir=./utils/ExecutableDirs, appium:chromedriverChromeMappingFile=https://github.com/appium/appium-chromedriver/blob/master/config/mapping.json, browserName=Chrome, platformName=ANDROID, appium:deviceName=Pixel_XL_API_33, appium:automationName=ANDROID_UIAUTOMATOR2}], desiredCapabilities=Capabilities {appium:automationName: ANDROID_UIAUTOMATOR2, appium:chromedriverChromeMappingFile: https://github.com/appium/a..., appium:chromedriverExecutableDir: ./utils/ExecutableDirs, appium:deviceName: Pixel_XL_API_33, appium:udid: emulator-5554, browserName: Chrome, platformName: ANDROID}}]&#10;Capabilities {appium:automationName: ANDROID_UIAUTOMATOR2, appium:chromedriverChromeMappingFile: https://github.com/appium/a..., appium:chromedriverExecutableDir: ./utils/ExecutableDirs, appium:deviceName: Pixel_XL_API_33, appium:udid: emulator-5554, browserName: Chrome, platformName: ANDROID}"/>
  </testcase>
  <testcase name="TearDown" classname="tests.t2_AddProducts" time="0">
    <skipped/>
  </testcase>
  <testcase name="TearDown" classname="tests.t2_AddProducts" time="0">
    <skipped/>
  </testcase>
  <testcase name="tc02_AddItemsFromProductPage" classname="tests.t2_AddProducts" time="0">
    <skipped message="Could not start a new session. Response code 500. Message: An unknown server-side error occurred while processing the command. Original error: Could not find a driver for automationName &apos;ANDROID_UIAUTOMATOR2&apos; and platformName &apos;ANDROID&apos;. Have you installed a driver that supports those capabilities? Run &apos;appium driver list --installed&apos; to see. (Lower-level error: Could not find installed driver to support given caps) &#10;Host info: host: &apos;LAPTOP-RMK290R9&apos;, ip: &apos;192.168.1.20&apos;&#10;Build info: version: &apos;4.9.1&apos;, revision: &apos;eb2032df7f&apos;&#10;System info: os.name: &apos;Windows 10&apos;, os.arch: &apos;amd64&apos;, os.version: &apos;10.0&apos;, java.version: &apos;1.8.0_211&apos;&#10;Driver info: io.appium.java_client.android.AndroidDriver&#10;Command: [null, newSession {capabilities=[{appium:udid=emulator-5554, appium:chromedriverExecutableDir=./utils/ExecutableDirs, appium:chromedriverChromeMappingFile=https://github.com/appium/appium-chromedriver/blob/master/config/mapping.json, browserName=Chrome, platformName=ANDROID, appium:deviceName=Pixel_XL_API_33, appium:automationName=ANDROID_UIAUTOMATOR2}], desiredCapabilities=Capabilities {appium:automationName: ANDROID_UIAUTOMATOR2, appium:chromedriverChromeMappingFile: https://github.com/appium/a..., appium:chromedriverExecutableDir: ./utils/ExecutableDirs, appium:deviceName: Pixel_XL_API_33, appium:udid: emulator-5554, browserName: Chrome, platformName: ANDROID}}]&#10;Capabilities {appium:automationName: ANDROID_UIAUTOMATOR2, appium:chromedriverChromeMappingFile: https://github.com/appium/a..., appium:chromedriverExecutableDir: ./utils/ExecutableDirs, appium:deviceName: Pixel_XL_API_33, appium:udid: emulator-5554, browserName: Chrome, platformName: ANDROID}"/>
  </testcase>
  <testcase name="setup" classname="tests.t3_RemoveProducts" time="1.066">
    <failure message="Could not start a new session. Response code 500. Message: An unknown server-side error occurred while processing the command. Original error: Could not find a driver for automationName &apos;ANDROID_UIAUTOMATOR2&apos; and platformName &apos;ANDROID&apos;. Have you installed a driver that supports those capabilities? Run &apos;appium driver list --installed&apos; to see. (Lower-level error: Could not find installed driver to support given caps) &#10;Host info: host: &apos;LAPTOP-RMK290R9&apos;, ip: &apos;192.168.1.20&apos;&#10;Build info: version: &apos;4.9.1&apos;, revision: &apos;eb2032df7f&apos;&#10;System info: os.name: &apos;Windows 10&apos;, os.arch: &apos;amd64&apos;, os.version: &apos;10.0&apos;, java.version: &apos;1.8.0_211&apos;&#10;Driver info: io.appium.java_client.android.AndroidDriver&#10;Command: [null, newSession {capabilities=[{appium:udid=emulator-5554, appium:chromedriverExecutableDir=./utils/ExecutableDirs, appium:chromedriverChromeMappingFile=https://github.com/appium/appium-chromedriver/blob/master/config/mapping.json, browserName=Chrome, platformName=ANDROID, appium:deviceName=Pixel_XL_API_33, appium:automationName=ANDROID_UIAUTOMATOR2}], desiredCapabilities=Capabilities {appium:automationName: ANDROID_UIAUTOMATOR2, appium:chromedriverChromeMappingFile: https://github.com/appium/a..., appium:chromedriverExecutableDir: ./utils/ExecutableDirs, appium:deviceName: Pixel_XL_API_33, appium:udid: emulator-5554, browserName: Chrome, platformName: ANDROID}}]&#10;Capabilities {appium:automationName: ANDROID_UIAUTOMATOR2, appium:chromedriverChromeMappingFile: https://github.com/appium/a..., appium:chromedriverExecutableDir: ./utils/ExecutableDirs, appium:deviceName: Pixel_XL_API_33, appium:udid: emulator-5554, browserName: Chrome, platformName: ANDROID}" type="org.openqa.selenium.SessionNotCreatedException"><![CDATA[org.openqa.selenium.SessionNotCreatedException: 
Could not start a new session. Response code 500. Message: An unknown server-side error occurred while processing the command. Original error: Could not find a driver for automationName 'ANDROID_UIAUTOMATOR2' and platformName 'ANDROID'. Have you installed a driver that supports those capabilities? Run 'appium driver list --installed' to see. (Lower-level error: Could not find installed driver to support given caps) 
Host info: host: 'LAPTOP-RMK290R9', ip: '192.168.1.20'
Build info: version: '4.9.1', revision: 'eb2032df7f'
System info: os.name: 'Windows 10', os.arch: 'amd64', os.version: '10.0', java.version: '1.8.0_211'
Driver info: io.appium.java_client.android.AndroidDriver
Command: [null, newSession {capabilities=[{appium:udid=emulator-5554, appium:chromedriverExecutableDir=./utils/ExecutableDirs, appium:chromedriverChromeMappingFile=https://github.com/appium/appium-chromedriver/blob/master/config/mapping.json, browserName=Chrome, platformName=ANDROID, appium:deviceName=Pixel_XL_API_33, appium:automationName=ANDROID_UIAUTOMATOR2}], desiredCapabilities=Capabilities {appium:automationName: ANDROID_UIAUTOMATOR2, appium:chromedriverChromeMappingFile: https://github.com/appium/a..., appium:chromedriverExecutableDir: ./utils/ExecutableDirs, appium:deviceName: Pixel_XL_API_33, appium:udid: emulator-5554, browserName: Chrome, platformName: ANDROID}}]
Capabilities {appium:automationName: ANDROID_UIAUTOMATOR2, appium:chromedriverChromeMappingFile: https://github.com/appium/a..., appium:chromedriverExecutableDir: ./utils/ExecutableDirs, appium:deviceName: Pixel_XL_API_33, appium:udid: emulator-5554, browserName: Chrome, platformName: ANDROID}
	at org.openqa.selenium.remote.ProtocolHandshake.createSession(ProtocolHandshake.java:136)
	at sun.reflect.NativeMethodAccessorImpl.invoke0(Native Method)
	at sun.reflect.NativeMethodAccessorImpl.invoke(NativeMethodAccessorImpl.java:62)
	at sun.reflect.DelegatingMethodAccessorImpl.invoke(DelegatingMethodAccessorImpl.java:43)
	at java.lang.reflect.Method.invoke(Method.java:498)
	at io.appium.java_client.remote.AppiumProtocolHandshake.createSession(AppiumProtocolHandshake.java:133)
	at io.appium.java_client.remote.AppiumProtocolHandshake.createSession(AppiumProtocolHandshake.java:102)
	at io.appium.java_client.remote.AppiumCommandExecutor.createSession(AppiumCommandExecutor.java:182)
	at io.appium.java_client.remote.AppiumCommandExecutor.execute(AppiumCommandExecutor.java:250)
	at org.openqa.selenium.remote.RemoteWebDriver.execute(RemoteWebDriver.java:543)
	at io.appium.java_client.AppiumDriver.startSession(AppiumDriver.java:274)
	at org.openqa.selenium.remote.RemoteWebDriver.<init>(RemoteWebDriver.java:157)
	at io.appium.java_client.AppiumDriver.<init>(AppiumDriver.java:89)
	at io.appium.java_client.AppiumDriver.<init>(AppiumDriver.java:112)
	at io.appium.java_client.AppiumDriver.<init>(AppiumDriver.java:137)
	at io.appium.java_client.android.AndroidDriver.<init>(AndroidDriver.java:236)
	at tests.BaseTest.setup(BaseTest.java:90)
	at sun.reflect.NativeMethodAccessorImpl.invoke0(Native Method)
	at sun.reflect.NativeMethodAccessorImpl.invoke(NativeMethodAccessorImpl.java:62)
	at sun.reflect.DelegatingMethodAccessorImpl.invoke(DelegatingMethodAccessorImpl.java:43)
	at java.lang.reflect.Method.invoke(Method.java:498)
	at org.testng.internal.invokers.MethodInvocationHelper.invokeMethod(MethodInvocationHelper.java:135)
	at org.testng.internal.invokers.MethodInvocationHelper.invokeMethodConsideringTimeout(MethodInvocationHelper.java:65)
	at org.testng.internal.invokers.ConfigInvoker.invokeConfigurationMethod(ConfigInvoker.java:381)
	at org.testng.internal.invokers.ConfigInvoker.invokeConfigurations(ConfigInvoker.java:319)
	at org.testng.internal.invokers.TestInvoker.runConfigMethods(TestInvoker.java:803)
	at org.testng.internal.invokers.TestInvoker.invokeMethod(TestInvoker.java:589)
	at org.testng.internal.invokers.TestInvoker.invokeTestMethod(TestInvoker.java:220)
	at org.testng.internal.invokers.MethodRunner.runInSequence(MethodRunner.java:50)
	at org.testng.internal.invokers.TestInvoker$MethodInvocationAgent.invoke(TestInvoker.java:945)
	at org.testng.internal.invokers.TestInvoker.invokeTestMethods(TestInvoker.java:193)
	at org.testng.internal.invokers.TestMethodWorker.invokeTestMethods(TestMethodWorker.java:146)
	at org.testng.internal.invokers.TestMethodWorker.run(TestMethodWorker.java:128)
	at java.util.ArrayList.forEach(ArrayList.java:1257)
	at org.testng.TestRunner.privateRun(TestRunner.java:808)
	at org.testng.TestRunner.run(TestRunner.java:603)
	at org.testng.SuiteRunner.runTest(SuiteRunner.java:429)
	at org.testng.SuiteRunner.runSequentially(SuiteRunner.java:423)
	at org.testng.SuiteRunner.privateRun(SuiteRunner.java:383)
	at org.testng.SuiteRunner.run(SuiteRunner.java:326)
	at org.testng.SuiteRunnerWorker.runSuite(SuiteRunnerWorker.java:52)
	at org.testng.SuiteRunnerWorker.run(SuiteRunnerWorker.java:95)
	at org.testng.TestNG.runSuitesSequentially(TestNG.java:1249)
	at org.testng.TestNG.runSuitesLocally(TestNG.java:1169)
	at org.testng.TestNG.runSuites(TestNG.java:1092)
	at org.testng.TestNG.run(TestNG.java:1060)
	at org.apache.maven.surefire.testng.TestNGExecutor.run(TestNGExecutor.java:324)
	at org.apache.maven.surefire.testng.TestNGXmlTestSuite.execute(TestNGXmlTestSuite.java:74)
	at org.apache.maven.surefire.testng.TestNGProvider.invoke(TestNGProvider.java:123)
	at org.apache.maven.surefire.booter.ForkedBooter.runSuitesInProcess(ForkedBooter.java:456)
	at org.apache.maven.surefire.booter.ForkedBooter.execute(ForkedBooter.java:169)
	at org.apache.maven.surefire.booter.ForkedBooter.run(ForkedBooter.java:595)
	at org.apache.maven.surefire.booter.ForkedBooter.main(ForkedBooter.java:581)
]]></failure>
    <system-out><![CDATA[&amp#27;[38;5;0m[HTTP]&amp#27;[0m &amp#27;[37m-->&amp#27;[39m &amp#27;[37mGET&amp#27;[39m &amp#27;[37m/status&amp#27;[39m
&amp#27;[38;5;0m[HTTP]&amp#27;[0m &amp#27;[90m{}&amp#27;[39m
[debug] &amp#27;[38;5;16m[AppiumDriver@ae6b]&amp#27;[0m Calling AppiumDriver.getStatus() with args: []
[debug] &amp#27;[38;5;16m[AppiumDriver@ae6b]&amp#27;[0m Responding to client with driver.getStatus() result: {"build":{"version":"2.0.0"}}
&amp#27;[38;5;0m[HTTP]&amp#27;[0m &amp#27;[37m<-- GET /status &amp#27;[39m&amp#27;[32m200&amp#27;[39m &amp#27;[90m2 ms - 39&amp#27;[39m
&amp#27;[38;5;0m[HTTP]&amp#27;[0m &amp#27;[90m&amp#27;[39m
[debug] &amp#27;[38;5;0m[HTTP]&amp#27;[0m Request idempotency key: 809b086d-5d27-4352-8170-fc87a5fd15ae
&amp#27;[38;5;0m[HTTP]&amp#27;[0m &amp#27;[37m-->&amp#27;[39m &amp#27;[37mPOST&amp#27;[39m &amp#27;[37m/session&amp#27;[39m
&amp#27;[38;5;0m[HTTP]&amp#27;[0m &amp#27;[90m{"capabilities":{"firstMatch":[{}],"alwaysMatch":{"appium:automationName":"ANDROID_UIAUTOMATOR2","appium:chromedriverChromeMappingFile":"https://github.com/appium/appium-chromedriver/blob/master/config/mapping.json","appium:chromedriverExecutableDir":"./utils/ExecutableDirs","appium:deviceName":"Pixel_XL_API_33","appium:udid":"emulator-5554","browserName":"Chrome","platformName":"ANDROID"}}}&amp#27;[39m
[debug] &amp#27;[38;5;16m[AppiumDriver@ae6b]&amp#27;[0m Calling AppiumDriver.createSession() with args: [null,null,{"firstMatch":[{}],"alwaysMatch":{"appium:automationName":"ANDROID_UIAUTOMATOR2","appium:chromedriverChromeMappingFile":"https://github.com/appium/appium-chromedriver/blob/master/config/mapping.json","appium:chromedriverExecutableDir":"./utils/ExecutableDirs","appium:deviceName":"Pixel_XL_API_33","appium:udid":"emulator-5554","browserName":"Chrome","platformName":"ANDROID"}}]
[debug] &amp#27;[38;5;16m[AppiumDriver@ae6b]&amp#27;[0m Event 'newSessionRequested' logged at 1692208725466 (20:58:45 GMT+0300 (Israel Daylight Time))
&amp#27;[35m[Appium]&amp#27;[39m Attempting to find matching driver for automationName 'ANDROID_UIAUTOMATOR2' and platformName 'ANDROID'
[debug] &amp#27;[38;5;16m[AppiumDriver@ae6b]&amp#27;[0m Event 'newSessionStarted' logged at 1692208725468 (20:58:45 GMT+0300 (Israel Daylight Time))
[debug] &amp#27;[38;5;16m[AppiumDriver@ae6b]&amp#27;[0m Encountered internal error running command: Error: Could not find a driver for automationName 'ANDROID_UIAUTOMATOR2' and platformName 'ANDROID'. Have you installed a driver that supports those capabilities? Run 'appium driver list --installed' to see. (Lower-level error: Could not find installed driver to support given caps)
[debug] &amp#27;[38;5;16m[AppiumDriver@ae6b]&amp#27;[0m     at DriverConfig.findMatchingDriver (C:\Users\jonmi\AppData\Roaming\npm\node_modules\appium\lib\extension\driver-config.js:175:13)
[debug] &amp#27;[38;5;16m[AppiumDriver@ae6b]&amp#27;[0m     at AppiumDriver.createSession (C:\Users\jonmi\AppData\Roaming\npm\node_modules\appium\lib\appium.js:273:29)
[debug] &amp#27;[38;5;16m[AppiumDriver@ae6b]&amp#27;[0m     at commandExecutor (C:\Users\jonmi\AppData\Roaming\npm\node_modules\appium\node_modules\@appium\base-driver\lib\basedriver\driver.ts:107:18)
[debug] &amp#27;[38;5;16m[AppiumDriver@ae6b]&amp#27;[0m     at AppiumDriver.executeCommand (C:\Users\jonmi\AppData\Roaming\npm\node_modules\appium\node_modules\@appium\base-driver\lib\basedriver\driver.ts:124:15)
[debug] &amp#27;[38;5;16m[AppiumDriver@ae6b]&amp#27;[0m     at processTicksAndRejections (node:internal/process/task_queues:95:5)
[debug] &amp#27;[38;5;16m[AppiumDriver@ae6b]&amp#27;[0m     at defaultBehavior (C:\Users\jonmi\AppData\Roaming\npm\node_modules\appium\lib\appium.js:680:16)
[debug] &amp#27;[38;5;16m[AppiumDriver@ae6b]&amp#27;[0m     at AppiumDriver.executeWrappedCommand (C:\Users\jonmi\AppData\Roaming\npm\node_modules\appium\lib\appium.js:774:16)
[debug] &amp#27;[38;5;16m[AppiumDriver@ae6b]&amp#27;[0m     at AppiumDriver.executeCommand (C:\Users\jonmi\AppData\Roaming\npm\node_modules\appium\lib\appium.js:696:17)
[debug] &amp#27;[38;5;16m[AppiumDriver@ae6b]&amp#27;[0m     at asyncHandler (C:\Users\jonmi\AppData\Roaming\npm\node_modules\appium\node_modules\@appium\base-driver\lib\protocol\protocol.js:393:19)
&amp#27;[38;5;0m[HTTP]&amp#27;[0m &amp#27;[37m<-- POST /session &amp#27;[39m&amp#27;[31m500&amp#27;[39m &amp#27;[90m6 ms - 1116&amp#27;[39m
&amp#27;[38;5;0m[HTTP]&amp#27;[0m &amp#27;[90m&amp#27;[39m
]]></system-out>
  </testcase>
  <testcase name="setup" classname="tests.t3_RemoveProducts" time="0">
    <skipped/>
  </testcase>
  <testcase name="tc01_removeItemsFromProductPage" classname="tests.t3_RemoveProducts" time="0">
    <skipped message="Could not start a new session. Response code 500. Message: An unknown server-side error occurred while processing the command. Original error: Could not find a driver for automationName &apos;ANDROID_UIAUTOMATOR2&apos; and platformName &apos;ANDROID&apos;. Have you installed a driver that supports those capabilities? Run &apos;appium driver list --installed&apos; to see. (Lower-level error: Could not find installed driver to support given caps) &#10;Host info: host: &apos;LAPTOP-RMK290R9&apos;, ip: &apos;192.168.1.20&apos;&#10;Build info: version: &apos;4.9.1&apos;, revision: &apos;eb2032df7f&apos;&#10;System info: os.name: &apos;Windows 10&apos;, os.arch: &apos;amd64&apos;, os.version: &apos;10.0&apos;, java.version: &apos;1.8.0_211&apos;&#10;Driver info: io.appium.java_client.android.AndroidDriver&#10;Command: [null, newSession {capabilities=[{appium:udid=emulator-5554, appium:chromedriverExecutableDir=./utils/ExecutableDirs, appium:chromedriverChromeMappingFile=https://github.com/appium/appium-chromedriver/blob/master/config/mapping.json, browserName=Chrome, platformName=ANDROID, appium:deviceName=Pixel_XL_API_33, appium:automationName=ANDROID_UIAUTOMATOR2}], desiredCapabilities=Capabilities {appium:automationName: ANDROID_UIAUTOMATOR2, appium:chromedriverChromeMappingFile: https://github.com/appium/a..., appium:chromedriverExecutableDir: ./utils/ExecutableDirs, appium:deviceName: Pixel_XL_API_33, appium:udid: emulator-5554, browserName: Chrome, platformName: ANDROID}}]&#10;Capabilities {appium:automationName: ANDROID_UIAUTOMATOR2, appium:chromedriverChromeMappingFile: https://github.com/appium/a..., appium:chromedriverExecutableDir: ./utils/ExecutableDirs, appium:deviceName: Pixel_XL_API_33, appium:udid: emulator-5554, browserName: Chrome, platformName: ANDROID}"/>
  </testcase>
  <testcase name="TearDown" classname="tests.t3_RemoveProducts" time="0">
    <skipped/>
  </testcase>
  <testcase name="TearDown" classname="tests.t3_RemoveProducts" time="0">
    <skipped/>
  </testcase>
  <testcase name="tc01_removeItemsFromProductsPage" classname="tests.t3_RemoveProducts" time="0">
    <skipped message="Could not start a new session. Response code 500. Message: An unknown server-side error occurred while processing the command. Original error: Could not find a driver for automationName &apos;ANDROID_UIAUTOMATOR2&apos; and platformName &apos;ANDROID&apos;. Have you installed a driver that supports those capabilities? Run &apos;appium driver list --installed&apos; to see. (Lower-level error: Could not find installed driver to support given caps) &#10;Host info: host: &apos;LAPTOP-RMK290R9&apos;, ip: &apos;192.168.1.20&apos;&#10;Build info: version: &apos;4.9.1&apos;, revision: &apos;eb2032df7f&apos;&#10;System info: os.name: &apos;Windows 10&apos;, os.arch: &apos;amd64&apos;, os.version: &apos;10.0&apos;, java.version: &apos;1.8.0_211&apos;&#10;Driver info: io.appium.java_client.android.AndroidDriver&#10;Command: [null, newSession {capabilities=[{appium:udid=emulator-5554, appium:chromedriverExecutableDir=./utils/ExecutableDirs, appium:chromedriverChromeMappingFile=https://github.com/appium/appium-chromedriver/blob/master/config/mapping.json, browserName=Chrome, platformName=ANDROID, appium:deviceName=Pixel_XL_API_33, appium:automationName=ANDROID_UIAUTOMATOR2}], desiredCapabilities=Capabilities {appium:automationName: ANDROID_UIAUTOMATOR2, appium:chromedriverChromeMappingFile: https://github.com/appium/a..., appium:chromedriverExecutableDir: ./utils/ExecutableDirs, appium:deviceName: Pixel_XL_API_33, appium:udid: emulator-5554, browserName: Chrome, platformName: ANDROID}}]&#10;Capabilities {appium:automationName: ANDROID_UIAUTOMATOR2, appium:chromedriverChromeMappingFile: https://github.com/appium/a..., appium:chromedriverExecutableDir: ./utils/ExecutableDirs, appium:deviceName: Pixel_XL_API_33, appium:udid: emulator-5554, browserName: Chrome, platformName: ANDROID}"/>
  </testcase>
  <testcase name="setup" classname="tests.t4_BuyProducts" time="1.152">
    <failure message="Could not start a new session. Response code 500. Message: An unknown server-side error occurred while processing the command. Original error: Could not find a driver for automationName &apos;ANDROID_UIAUTOMATOR2&apos; and platformName &apos;ANDROID&apos;. Have you installed a driver that supports those capabilities? Run &apos;appium driver list --installed&apos; to see. (Lower-level error: Could not find installed driver to support given caps) &#10;Host info: host: &apos;LAPTOP-RMK290R9&apos;, ip: &apos;192.168.1.20&apos;&#10;Build info: version: &apos;4.9.1&apos;, revision: &apos;eb2032df7f&apos;&#10;System info: os.name: &apos;Windows 10&apos;, os.arch: &apos;amd64&apos;, os.version: &apos;10.0&apos;, java.version: &apos;1.8.0_211&apos;&#10;Driver info: io.appium.java_client.android.AndroidDriver&#10;Command: [null, newSession {capabilities=[{appium:udid=emulator-5554, appium:chromedriverExecutableDir=./utils/ExecutableDirs, appium:chromedriverChromeMappingFile=https://github.com/appium/appium-chromedriver/blob/master/config/mapping.json, browserName=Chrome, platformName=ANDROID, appium:deviceName=Pixel_XL_API_33, appium:automationName=ANDROID_UIAUTOMATOR2}], desiredCapabilities=Capabilities {appium:automationName: ANDROID_UIAUTOMATOR2, appium:chromedriverChromeMappingFile: https://github.com/appium/a..., appium:chromedriverExecutableDir: ./utils/ExecutableDirs, appium:deviceName: Pixel_XL_API_33, appium:udid: emulator-5554, browserName: Chrome, platformName: ANDROID}}]&#10;Capabilities {appium:automationName: ANDROID_UIAUTOMATOR2, appium:chromedriverChromeMappingFile: https://github.com/appium/a..., appium:chromedriverExecutableDir: ./utils/ExecutableDirs, appium:deviceName: Pixel_XL_API_33, appium:udid: emulator-5554, browserName: Chrome, platformName: ANDROID}" type="org.openqa.selenium.SessionNotCreatedException"><![CDATA[org.openqa.selenium.SessionNotCreatedException: 
Could not start a new session. Response code 500. Message: An unknown server-side error occurred while processing the command. Original error: Could not find a driver for automationName 'ANDROID_UIAUTOMATOR2' and platformName 'ANDROID'. Have you installed a driver that supports those capabilities? Run 'appium driver list --installed' to see. (Lower-level error: Could not find installed driver to support given caps) 
Host info: host: 'LAPTOP-RMK290R9', ip: '192.168.1.20'
Build info: version: '4.9.1', revision: 'eb2032df7f'
System info: os.name: 'Windows 10', os.arch: 'amd64', os.version: '10.0', java.version: '1.8.0_211'
Driver info: io.appium.java_client.android.AndroidDriver
Command: [null, newSession {capabilities=[{appium:udid=emulator-5554, appium:chromedriverExecutableDir=./utils/ExecutableDirs, appium:chromedriverChromeMappingFile=https://github.com/appium/appium-chromedriver/blob/master/config/mapping.json, browserName=Chrome, platformName=ANDROID, appium:deviceName=Pixel_XL_API_33, appium:automationName=ANDROID_UIAUTOMATOR2}], desiredCapabilities=Capabilities {appium:automationName: ANDROID_UIAUTOMATOR2, appium:chromedriverChromeMappingFile: https://github.com/appium/a..., appium:chromedriverExecutableDir: ./utils/ExecutableDirs, appium:deviceName: Pixel_XL_API_33, appium:udid: emulator-5554, browserName: Chrome, platformName: ANDROID}}]
Capabilities {appium:automationName: ANDROID_UIAUTOMATOR2, appium:chromedriverChromeMappingFile: https://github.com/appium/a..., appium:chromedriverExecutableDir: ./utils/ExecutableDirs, appium:deviceName: Pixel_XL_API_33, appium:udid: emulator-5554, browserName: Chrome, platformName: ANDROID}
	at org.openqa.selenium.remote.ProtocolHandshake.createSession(ProtocolHandshake.java:136)
	at sun.reflect.NativeMethodAccessorImpl.invoke0(Native Method)
	at sun.reflect.NativeMethodAccessorImpl.invoke(NativeMethodAccessorImpl.java:62)
	at sun.reflect.DelegatingMethodAccessorImpl.invoke(DelegatingMethodAccessorImpl.java:43)
	at java.lang.reflect.Method.invoke(Method.java:498)
	at io.appium.java_client.remote.AppiumProtocolHandshake.createSession(AppiumProtocolHandshake.java:133)
	at io.appium.java_client.remote.AppiumProtocolHandshake.createSession(AppiumProtocolHandshake.java:102)
	at io.appium.java_client.remote.AppiumCommandExecutor.createSession(AppiumCommandExecutor.java:182)
	at io.appium.java_client.remote.AppiumCommandExecutor.execute(AppiumCommandExecutor.java:250)
	at org.openqa.selenium.remote.RemoteWebDriver.execute(RemoteWebDriver.java:543)
	at io.appium.java_client.AppiumDriver.startSession(AppiumDriver.java:274)
	at org.openqa.selenium.remote.RemoteWebDriver.<init>(RemoteWebDriver.java:157)
	at io.appium.java_client.AppiumDriver.<init>(AppiumDriver.java:89)
	at io.appium.java_client.AppiumDriver.<init>(AppiumDriver.java:112)
	at io.appium.java_client.AppiumDriver.<init>(AppiumDriver.java:137)
	at io.appium.java_client.android.AndroidDriver.<init>(AndroidDriver.java:236)
	at tests.BaseTest.setup(BaseTest.java:90)
	at sun.reflect.NativeMethodAccessorImpl.invoke0(Native Method)
	at sun.reflect.NativeMethodAccessorImpl.invoke(NativeMethodAccessorImpl.java:62)
	at sun.reflect.DelegatingMethodAccessorImpl.invoke(DelegatingMethodAccessorImpl.java:43)
	at java.lang.reflect.Method.invoke(Method.java:498)
	at org.testng.internal.invokers.MethodInvocationHelper.invokeMethod(MethodInvocationHelper.java:135)
	at org.testng.internal.invokers.MethodInvocationHelper.invokeMethodConsideringTimeout(MethodInvocationHelper.java:65)
	at org.testng.internal.invokers.ConfigInvoker.invokeConfigurationMethod(ConfigInvoker.java:381)
	at org.testng.internal.invokers.ConfigInvoker.invokeConfigurations(ConfigInvoker.java:319)
	at org.testng.internal.invokers.TestInvoker.runConfigMethods(TestInvoker.java:803)
	at org.testng.internal.invokers.TestInvoker.invokeMethod(TestInvoker.java:589)
	at org.testng.internal.invokers.TestInvoker.invokeTestMethod(TestInvoker.java:220)
	at org.testng.internal.invokers.MethodRunner.runInSequence(MethodRunner.java:50)
	at org.testng.internal.invokers.TestInvoker$MethodInvocationAgent.invoke(TestInvoker.java:945)
	at org.testng.internal.invokers.TestInvoker.invokeTestMethods(TestInvoker.java:193)
	at org.testng.internal.invokers.TestMethodWorker.invokeTestMethods(TestMethodWorker.java:146)
	at org.testng.internal.invokers.TestMethodWorker.run(TestMethodWorker.java:128)
	at java.util.ArrayList.forEach(ArrayList.java:1257)
	at org.testng.TestRunner.privateRun(TestRunner.java:808)
	at org.testng.TestRunner.run(TestRunner.java:603)
	at org.testng.SuiteRunner.runTest(SuiteRunner.java:429)
	at org.testng.SuiteRunner.runSequentially(SuiteRunner.java:423)
	at org.testng.SuiteRunner.privateRun(SuiteRunner.java:383)
	at org.testng.SuiteRunner.run(SuiteRunner.java:326)
	at org.testng.SuiteRunnerWorker.runSuite(SuiteRunnerWorker.java:52)
	at org.testng.SuiteRunnerWorker.run(SuiteRunnerWorker.java:95)
	at org.testng.TestNG.runSuitesSequentially(TestNG.java:1249)
	at org.testng.TestNG.runSuitesLocally(TestNG.java:1169)
	at org.testng.TestNG.runSuites(TestNG.java:1092)
	at org.testng.TestNG.run(TestNG.java:1060)
	at org.apache.maven.surefire.testng.TestNGExecutor.run(TestNGExecutor.java:324)
	at org.apache.maven.surefire.testng.TestNGXmlTestSuite.execute(TestNGXmlTestSuite.java:74)
	at org.apache.maven.surefire.testng.TestNGProvider.invoke(TestNGProvider.java:123)
	at org.apache.maven.surefire.booter.ForkedBooter.runSuitesInProcess(ForkedBooter.java:456)
	at org.apache.maven.surefire.booter.ForkedBooter.execute(ForkedBooter.java:169)
	at org.apache.maven.surefire.booter.ForkedBooter.run(ForkedBooter.java:595)
	at org.apache.maven.surefire.booter.ForkedBooter.main(ForkedBooter.java:581)
]]></failure>
    <system-out><![CDATA[&amp#27;[38;5;0m[HTTP]&amp#27;[0m &amp#27;[37m-->&amp#27;[39m &amp#27;[37mGET&amp#27;[39m &amp#27;[37m/status&amp#27;[39m
&amp#27;[38;5;0m[HTTP]&amp#27;[0m &amp#27;[90m{}&amp#27;[39m
[debug] &amp#27;[38;5;16m[AppiumDriver@ae6b]&amp#27;[0m Calling AppiumDriver.getStatus() with args: []
[debug] &amp#27;[38;5;16m[AppiumDriver@ae6b]&amp#27;[0m Responding to client with driver.getStatus() result: {"build":{"version":"2.0.0"}}
&amp#27;[38;5;0m[HTTP]&amp#27;[0m &amp#27;[37m<-- GET /status &amp#27;[39m&amp#27;[32m200&amp#27;[39m &amp#27;[90m1 ms - 39&amp#27;[39m
&amp#27;[38;5;0m[HTTP]&amp#27;[0m &amp#27;[90m&amp#27;[39m
[debug] &amp#27;[38;5;0m[HTTP]&amp#27;[0m Request idempotency key: 2a06440c-d3a0-44a9-95b6-cff51ddc0669
&amp#27;[38;5;0m[HTTP]&amp#27;[0m &amp#27;[37m-->&amp#27;[39m &amp#27;[37mPOST&amp#27;[39m &amp#27;[37m/session&amp#27;[39m
&amp#27;[38;5;0m[HTTP]&amp#27;[0m &amp#27;[90m{"capabilities":{"firstMatch":[{}],"alwaysMatch":{"appium:automationName":"ANDROID_UIAUTOMATOR2","appium:chromedriverChromeMappingFile":"https://github.com/appium/appium-chromedriver/blob/master/config/mapping.json","appium:chromedriverExecutableDir":"./utils/ExecutableDirs","appium:deviceName":"Pixel_XL_API_33","appium:udid":"emulator-5554","browserName":"Chrome","platformName":"ANDROID"}}}&amp#27;[39m
[debug] &amp#27;[38;5;16m[AppiumDriver@ae6b]&amp#27;[0m Calling AppiumDriver.createSession() with args: [null,null,{"firstMatch":[{}],"alwaysMatch":{"appium:automationName":"ANDROID_UIAUTOMATOR2","appium:chromedriverChromeMappingFile":"https://github.com/appium/appium-chromedriver/blob/master/config/mapping.json","appium:chromedriverExecutableDir":"./utils/ExecutableDirs","appium:deviceName":"Pixel_XL_API_33","appium:udid":"emulator-5554","browserName":"Chrome","platformName":"ANDROID"}}]
[debug] &amp#27;[38;5;16m[AppiumDriver@ae6b]&amp#27;[0m Event 'newSessionRequested' logged at 1692208726612 (20:58:46 GMT+0300 (Israel Daylight Time))
&amp#27;[35m[Appium]&amp#27;[39m Attempting to find matching driver for automationName 'ANDROID_UIAUTOMATOR2' and platformName 'ANDROID'
[debug] &amp#27;[38;5;16m[AppiumDriver@ae6b]&amp#27;[0m Event 'newSessionStarted' logged at 1692208726614 (20:58:46 GMT+0300 (Israel Daylight Time))
[debug] &amp#27;[38;5;16m[AppiumDriver@ae6b]&amp#27;[0m Encountered internal error running command: Error: Could not find a driver for automationName 'ANDROID_UIAUTOMATOR2' and platformName 'ANDROID'. Have you installed a driver that supports those capabilities? Run 'appium driver list --installed' to see. (Lower-level error: Could not find installed driver to support given caps)
[debug] &amp#27;[38;5;16m[AppiumDriver@ae6b]&amp#27;[0m     at DriverConfig.findMatchingDriver (C:\Users\jonmi\AppData\Roaming\npm\node_modules\appium\lib\extension\driver-config.js:175:13)
[debug] &amp#27;[38;5;16m[AppiumDriver@ae6b]&amp#27;[0m     at AppiumDriver.createSession (C:\Users\jonmi\AppData\Roaming\npm\node_modules\appium\lib\appium.js:273:29)
[debug] &amp#27;[38;5;16m[AppiumDriver@ae6b]&amp#27;[0m     at commandExecutor (C:\Users\jonmi\AppData\Roaming\npm\node_modules\appium\node_modules\@appium\base-driver\lib\basedriver\driver.ts:107:18)
[debug] &amp#27;[38;5;16m[AppiumDriver@ae6b]&amp#27;[0m     at AppiumDriver.executeCommand (C:\Users\jonmi\AppData\Roaming\npm\node_modules\appium\node_modules\@appium\base-driver\lib\basedriver\driver.ts:124:15)
[debug] &amp#27;[38;5;16m[AppiumDriver@ae6b]&amp#27;[0m     at processTicksAndRejections (node:internal/process/task_queues:95:5)
[debug] &amp#27;[38;5;16m[AppiumDriver@ae6b]&amp#27;[0m     at defaultBehavior (C:\Users\jonmi\AppData\Roaming\npm\node_modules\appium\lib\appium.js:680:16)
[debug] &amp#27;[38;5;16m[AppiumDriver@ae6b]&amp#27;[0m     at AppiumDriver.executeWrappedCommand (C:\Users\jonmi\AppData\Roaming\npm\node_modules\appium\lib\appium.js:774:16)
[debug] &amp#27;[38;5;16m[AppiumDriver@ae6b]&amp#27;[0m     at AppiumDriver.executeCommand (C:\Users\jonmi\AppData\Roaming\npm\node_modules\appium\lib\appium.js:696:17)
[debug] &amp#27;[38;5;16m[AppiumDriver@ae6b]&amp#27;[0m     at asyncHandler (C:\Users\jonmi\AppData\Roaming\npm\node_modules\appium\node_modules\@appium\base-driver\lib\protocol\protocol.js:393:19)
&amp#27;[38;5;0m[HTTP]&amp#27;[0m &amp#27;[37m<-- POST /session &amp#27;[39m&amp#27;[31m500&amp#27;[39m &amp#27;[90m5 ms - 1116&amp#27;[39m
&amp#27;[38;5;0m[HTTP]&amp#27;[0m &amp#27;[90m&amp#27;[39m
]]></system-out>
  </testcase>
  <testcase name="setup" classname="tests.t4_BuyProducts" time="0">
    <skipped/>
  </testcase>
  <testcase name="setup" classname="tests.t4_BuyProducts" time="0">
    <skipped/>
  </testcase>
  <testcase name="setup" classname="tests.t4_BuyProducts" time="0">
    <skipped/>
  </testcase>
  <testcase name="tc01_addProductsFromProductsPageAndBuy" classname="tests.t4_BuyProducts" time="0">
    <skipped message="Could not start a new session. Response code 500. Message: An unknown server-side error occurred while processing the command. Original error: Could not find a driver for automationName &apos;ANDROID_UIAUTOMATOR2&apos; and platformName &apos;ANDROID&apos;. Have you installed a driver that supports those capabilities? Run &apos;appium driver list --installed&apos; to see. (Lower-level error: Could not find installed driver to support given caps) &#10;Host info: host: &apos;LAPTOP-RMK290R9&apos;, ip: &apos;192.168.1.20&apos;&#10;Build info: version: &apos;4.9.1&apos;, revision: &apos;eb2032df7f&apos;&#10;System info: os.name: &apos;Windows 10&apos;, os.arch: &apos;amd64&apos;, os.version: &apos;10.0&apos;, java.version: &apos;1.8.0_211&apos;&#10;Driver info: io.appium.java_client.android.AndroidDriver&#10;Command: [null, newSession {capabilities=[{appium:udid=emulator-5554, appium:chromedriverExecutableDir=./utils/ExecutableDirs, appium:chromedriverChromeMappingFile=https://github.com/appium/appium-chromedriver/blob/master/config/mapping.json, browserName=Chrome, platformName=ANDROID, appium:deviceName=Pixel_XL_API_33, appium:automationName=ANDROID_UIAUTOMATOR2}], desiredCapabilities=Capabilities {appium:automationName: ANDROID_UIAUTOMATOR2, appium:chromedriverChromeMappingFile: https://github.com/appium/a..., appium:chromedriverExecutableDir: ./utils/ExecutableDirs, appium:deviceName: Pixel_XL_API_33, appium:udid: emulator-5554, browserName: Chrome, platformName: ANDROID}}]&#10;Capabilities {appium:automationName: ANDROID_UIAUTOMATOR2, appium:chromedriverChromeMappingFile: https://github.com/appium/a..., appium:chromedriverExecutableDir: ./utils/ExecutableDirs, appium:deviceName: Pixel_XL_API_33, appium:udid: emulator-5554, browserName: Chrome, platformName: ANDROID}"/>
  </testcase>
  <testcase name="TearDown" classname="tests.t4_BuyProducts" time="0">
    <skipped/>
  </testcase>
  <testcase name="TearDown" classname="tests.t4_BuyProducts" time="0">
    <skipped/>
  </testcase>
  <testcase name="TearDown" classname="tests.t4_BuyProducts" time="0">
    <skipped/>
  </testcase>
  <testcase name="TearDown" classname="tests.t4_BuyProducts" time="0">
    <skipped/>
  </testcase>
  <testcase name="tc02_addProductsFromProductPageAndBuy" classname="tests.t4_BuyProducts" time="0">
    <skipped message="Could not start a new session. Response code 500. Message: An unknown server-side error occurred while processing the command. Original error: Could not find a driver for automationName &apos;ANDROID_UIAUTOMATOR2&apos; and platformName &apos;ANDROID&apos;. Have you installed a driver that supports those capabilities? Run &apos;appium driver list --installed&apos; to see. (Lower-level error: Could not find installed driver to support given caps) &#10;Host info: host: &apos;LAPTOP-RMK290R9&apos;, ip: &apos;192.168.1.20&apos;&#10;Build info: version: &apos;4.9.1&apos;, revision: &apos;eb2032df7f&apos;&#10;System info: os.name: &apos;Windows 10&apos;, os.arch: &apos;amd64&apos;, os.version: &apos;10.0&apos;, java.version: &apos;1.8.0_211&apos;&#10;Driver info: io.appium.java_client.android.AndroidDriver&#10;Command: [null, newSession {capabilities=[{appium:udid=emulator-5554, appium:chromedriverExecutableDir=./utils/ExecutableDirs, appium:chromedriverChromeMappingFile=https://github.com/appium/appium-chromedriver/blob/master/config/mapping.json, browserName=Chrome, platformName=ANDROID, appium:deviceName=Pixel_XL_API_33, appium:automationName=ANDROID_UIAUTOMATOR2}], desiredCapabilities=Capabilities {appium:automationName: ANDROID_UIAUTOMATOR2, appium:chromedriverChromeMappingFile: https://github.com/appium/a..., appium:chromedriverExecutableDir: ./utils/ExecutableDirs, appium:deviceName: Pixel_XL_API_33, appium:udid: emulator-5554, browserName: Chrome, platformName: ANDROID}}]&#10;Capabilities {appium:automationName: ANDROID_UIAUTOMATOR2, appium:chromedriverChromeMappingFile: https://github.com/appium/a..., appium:chromedriverExecutableDir: ./utils/ExecutableDirs, appium:deviceName: Pixel_XL_API_33, appium:udid: emulator-5554, browserName: Chrome, platformName: ANDROID}"/>
  </testcase>
  <testcase name="tc03_AddProductsFromProductsPageRemoveSomeAndBuy" classname="tests.t4_BuyProducts" time="0">
    <skipped message="Could not start a new session. Response code 500. Message: An unknown server-side error occurred while processing the command. Original error: Could not find a driver for automationName &apos;ANDROID_UIAUTOMATOR2&apos; and platformName &apos;ANDROID&apos;. Have you installed a driver that supports those capabilities? Run &apos;appium driver list --installed&apos; to see. (Lower-level error: Could not find installed driver to support given caps) &#10;Host info: host: &apos;LAPTOP-RMK290R9&apos;, ip: &apos;192.168.1.20&apos;&#10;Build info: version: &apos;4.9.1&apos;, revision: &apos;eb2032df7f&apos;&#10;System info: os.name: &apos;Windows 10&apos;, os.arch: &apos;amd64&apos;, os.version: &apos;10.0&apos;, java.version: &apos;1.8.0_211&apos;&#10;Driver info: io.appium.java_client.android.AndroidDriver&#10;Command: [null, newSession {capabilities=[{appium:udid=emulator-5554, appium:chromedriverExecutableDir=./utils/ExecutableDirs, appium:chromedriverChromeMappingFile=https://github.com/appium/appium-chromedriver/blob/master/config/mapping.json, browserName=Chrome, platformName=ANDROID, appium:deviceName=Pixel_XL_API_33, appium:automationName=ANDROID_UIAUTOMATOR2}], desiredCapabilities=Capabilities {appium:automationName: ANDROID_UIAUTOMATOR2, appium:chromedriverChromeMappingFile: https://github.com/appium/a..., appium:chromedriverExecutableDir: ./utils/ExecutableDirs, appium:deviceName: Pixel_XL_API_33, appium:udid: emulator-5554, browserName: Chrome, platformName: ANDROID}}]&#10;Capabilities {appium:automationName: ANDROID_UIAUTOMATOR2, appium:chromedriverChromeMappingFile: https://github.com/appium/a..., appium:chromedriverExecutableDir: ./utils/ExecutableDirs, appium:deviceName: Pixel_XL_API_33, appium:udid: emulator-5554, browserName: Chrome, platformName: ANDROID}"/>
  </testcase>
  <testcase name="tc04_addProductsFromProductPageRemoveSomeAndBuy" classname="tests.t4_BuyProducts" time="0">
    <skipped message="Could not start a new session. Response code 500. Message: An unknown server-side error occurred while processing the command. Original error: Could not find a driver for automationName &apos;ANDROID_UIAUTOMATOR2&apos; and platformName &apos;ANDROID&apos;. Have you installed a driver that supports those capabilities? Run &apos;appium driver list --installed&apos; to see. (Lower-level error: Could not find installed driver to support given caps) &#10;Host info: host: &apos;LAPTOP-RMK290R9&apos;, ip: &apos;192.168.1.20&apos;&#10;Build info: version: &apos;4.9.1&apos;, revision: &apos;eb2032df7f&apos;&#10;System info: os.name: &apos;Windows 10&apos;, os.arch: &apos;amd64&apos;, os.version: &apos;10.0&apos;, java.version: &apos;1.8.0_211&apos;&#10;Driver info: io.appium.java_client.android.AndroidDriver&#10;Command: [null, newSession {capabilities=[{appium:udid=emulator-5554, appium:chromedriverExecutableDir=./utils/ExecutableDirs, appium:chromedriverChromeMappingFile=https://github.com/appium/appium-chromedriver/blob/master/config/mapping.json, browserName=Chrome, platformName=ANDROID, appium:deviceName=Pixel_XL_API_33, appium:automationName=ANDROID_UIAUTOMATOR2}], desiredCapabilities=Capabilities {appium:automationName: ANDROID_UIAUTOMATOR2, appium:chromedriverChromeMappingFile: https://github.com/appium/a..., appium:chromedriverExecutableDir: ./utils/ExecutableDirs, appium:deviceName: Pixel_XL_API_33, appium:udid: emulator-5554, browserName: Chrome, platformName: ANDROID}}]&#10;Capabilities {appium:automationName: ANDROID_UIAUTOMATOR2, appium:chromedriverChromeMappingFile: https://github.com/appium/a..., appium:chromedriverExecutableDir: ./utils/ExecutableDirs, appium:deviceName: Pixel_XL_API_33, appium:udid: emulator-5554, browserName: Chrome, platformName: ANDROID}"/>
  </testcase>
  <testcase name="setup" classname="tests.t5_ContinueShopping" time="1.259">
    <failure message="Could not start a new session. Response code 500. Message: An unknown server-side error occurred while processing the command. Original error: Could not find a driver for automationName &apos;ANDROID_UIAUTOMATOR2&apos; and platformName &apos;ANDROID&apos;. Have you installed a driver that supports those capabilities? Run &apos;appium driver list --installed&apos; to see. (Lower-level error: Could not find installed driver to support given caps) &#10;Host info: host: &apos;LAPTOP-RMK290R9&apos;, ip: &apos;192.168.1.20&apos;&#10;Build info: version: &apos;4.9.1&apos;, revision: &apos;eb2032df7f&apos;&#10;System info: os.name: &apos;Windows 10&apos;, os.arch: &apos;amd64&apos;, os.version: &apos;10.0&apos;, java.version: &apos;1.8.0_211&apos;&#10;Driver info: io.appium.java_client.android.AndroidDriver&#10;Command: [null, newSession {capabilities=[{appium:udid=emulator-5554, appium:chromedriverExecutableDir=./utils/ExecutableDirs, appium:chromedriverChromeMappingFile=https://github.com/appium/appium-chromedriver/blob/master/config/mapping.json, browserName=Chrome, platformName=ANDROID, appium:deviceName=Pixel_XL_API_33, appium:automationName=ANDROID_UIAUTOMATOR2}], desiredCapabilities=Capabilities {appium:automationName: ANDROID_UIAUTOMATOR2, appium:chromedriverChromeMappingFile: https://github.com/appium/a..., appium:chromedriverExecutableDir: ./utils/ExecutableDirs, appium:deviceName: Pixel_XL_API_33, appium:udid: emulator-5554, browserName: Chrome, platformName: ANDROID}}]&#10;Capabilities {appium:automationName: ANDROID_UIAUTOMATOR2, appium:chromedriverChromeMappingFile: https://github.com/appium/a..., appium:chromedriverExecutableDir: ./utils/ExecutableDirs, appium:deviceName: Pixel_XL_API_33, appium:udid: emulator-5554, browserName: Chrome, platformName: ANDROID}" type="org.openqa.selenium.SessionNotCreatedException"><![CDATA[org.openqa.selenium.SessionNotCreatedException: 
Could not start a new session. Response code 500. Message: An unknown server-side error occurred while processing the command. Original error: Could not find a driver for automationName 'ANDROID_UIAUTOMATOR2' and platformName 'ANDROID'. Have you installed a driver that supports those capabilities? Run 'appium driver list --installed' to see. (Lower-level error: Could not find installed driver to support given caps) 
Host info: host: 'LAPTOP-RMK290R9', ip: '192.168.1.20'
Build info: version: '4.9.1', revision: 'eb2032df7f'
System info: os.name: 'Windows 10', os.arch: 'amd64', os.version: '10.0', java.version: '1.8.0_211'
Driver info: io.appium.java_client.android.AndroidDriver
Command: [null, newSession {capabilities=[{appium:udid=emulator-5554, appium:chromedriverExecutableDir=./utils/ExecutableDirs, appium:chromedriverChromeMappingFile=https://github.com/appium/appium-chromedriver/blob/master/config/mapping.json, browserName=Chrome, platformName=ANDROID, appium:deviceName=Pixel_XL_API_33, appium:automationName=ANDROID_UIAUTOMATOR2}], desiredCapabilities=Capabilities {appium:automationName: ANDROID_UIAUTOMATOR2, appium:chromedriverChromeMappingFile: https://github.com/appium/a..., appium:chromedriverExecutableDir: ./utils/ExecutableDirs, appium:deviceName: Pixel_XL_API_33, appium:udid: emulator-5554, browserName: Chrome, platformName: ANDROID}}]
Capabilities {appium:automationName: ANDROID_UIAUTOMATOR2, appium:chromedriverChromeMappingFile: https://github.com/appium/a..., appium:chromedriverExecutableDir: ./utils/ExecutableDirs, appium:deviceName: Pixel_XL_API_33, appium:udid: emulator-5554, browserName: Chrome, platformName: ANDROID}
	at org.openqa.selenium.remote.ProtocolHandshake.createSession(ProtocolHandshake.java:136)
	at sun.reflect.NativeMethodAccessorImpl.invoke0(Native Method)
	at sun.reflect.NativeMethodAccessorImpl.invoke(NativeMethodAccessorImpl.java:62)
	at sun.reflect.DelegatingMethodAccessorImpl.invoke(DelegatingMethodAccessorImpl.java:43)
	at java.lang.reflect.Method.invoke(Method.java:498)
	at io.appium.java_client.remote.AppiumProtocolHandshake.createSession(AppiumProtocolHandshake.java:133)
	at io.appium.java_client.remote.AppiumProtocolHandshake.createSession(AppiumProtocolHandshake.java:102)
	at io.appium.java_client.remote.AppiumCommandExecutor.createSession(AppiumCommandExecutor.java:182)
	at io.appium.java_client.remote.AppiumCommandExecutor.execute(AppiumCommandExecutor.java:250)
	at org.openqa.selenium.remote.RemoteWebDriver.execute(RemoteWebDriver.java:543)
	at io.appium.java_client.AppiumDriver.startSession(AppiumDriver.java:274)
	at org.openqa.selenium.remote.RemoteWebDriver.<init>(RemoteWebDriver.java:157)
	at io.appium.java_client.AppiumDriver.<init>(AppiumDriver.java:89)
	at io.appium.java_client.AppiumDriver.<init>(AppiumDriver.java:112)
	at io.appium.java_client.AppiumDriver.<init>(AppiumDriver.java:137)
	at io.appium.java_client.android.AndroidDriver.<init>(AndroidDriver.java:236)
	at tests.BaseTest.setup(BaseTest.java:90)
	at sun.reflect.NativeMethodAccessorImpl.invoke0(Native Method)
	at sun.reflect.NativeMethodAccessorImpl.invoke(NativeMethodAccessorImpl.java:62)
	at sun.reflect.DelegatingMethodAccessorImpl.invoke(DelegatingMethodAccessorImpl.java:43)
	at java.lang.reflect.Method.invoke(Method.java:498)
	at org.testng.internal.invokers.MethodInvocationHelper.invokeMethod(MethodInvocationHelper.java:135)
	at org.testng.internal.invokers.MethodInvocationHelper.invokeMethodConsideringTimeout(MethodInvocationHelper.java:65)
	at org.testng.internal.invokers.ConfigInvoker.invokeConfigurationMethod(ConfigInvoker.java:381)
	at org.testng.internal.invokers.ConfigInvoker.invokeConfigurations(ConfigInvoker.java:319)
	at org.testng.internal.invokers.TestInvoker.runConfigMethods(TestInvoker.java:803)
	at org.testng.internal.invokers.TestInvoker.invokeMethod(TestInvoker.java:589)
	at org.testng.internal.invokers.TestInvoker.invokeTestMethod(TestInvoker.java:220)
	at org.testng.internal.invokers.MethodRunner.runInSequence(MethodRunner.java:50)
	at org.testng.internal.invokers.TestInvoker$MethodInvocationAgent.invoke(TestInvoker.java:945)
	at org.testng.internal.invokers.TestInvoker.invokeTestMethods(TestInvoker.java:193)
	at org.testng.internal.invokers.TestMethodWorker.invokeTestMethods(TestMethodWorker.java:146)
	at org.testng.internal.invokers.TestMethodWorker.run(TestMethodWorker.java:128)
	at java.util.ArrayList.forEach(ArrayList.java:1257)
	at org.testng.TestRunner.privateRun(TestRunner.java:808)
	at org.testng.TestRunner.run(TestRunner.java:603)
	at org.testng.SuiteRunner.runTest(SuiteRunner.java:429)
	at org.testng.SuiteRunner.runSequentially(SuiteRunner.java:423)
	at org.testng.SuiteRunner.privateRun(SuiteRunner.java:383)
	at org.testng.SuiteRunner.run(SuiteRunner.java:326)
	at org.testng.SuiteRunnerWorker.runSuite(SuiteRunnerWorker.java:52)
	at org.testng.SuiteRunnerWorker.run(SuiteRunnerWorker.java:95)
	at org.testng.TestNG.runSuitesSequentially(TestNG.java:1249)
	at org.testng.TestNG.runSuitesLocally(TestNG.java:1169)
	at org.testng.TestNG.runSuites(TestNG.java:1092)
	at org.testng.TestNG.run(TestNG.java:1060)
	at org.apache.maven.surefire.testng.TestNGExecutor.run(TestNGExecutor.java:324)
	at org.apache.maven.surefire.testng.TestNGXmlTestSuite.execute(TestNGXmlTestSuite.java:74)
	at org.apache.maven.surefire.testng.TestNGProvider.invoke(TestNGProvider.java:123)
	at org.apache.maven.surefire.booter.ForkedBooter.runSuitesInProcess(ForkedBooter.java:456)
	at org.apache.maven.surefire.booter.ForkedBooter.execute(ForkedBooter.java:169)
	at org.apache.maven.surefire.booter.ForkedBooter.run(ForkedBooter.java:595)
	at org.apache.maven.surefire.booter.ForkedBooter.main(ForkedBooter.java:581)
]]></failure>
    <system-out><![CDATA[&amp#27;[38;5;0m[HTTP]&amp#27;[0m &amp#27;[37m-->&amp#27;[39m &amp#27;[37mGET&amp#27;[39m &amp#27;[37m/status&amp#27;[39m
&amp#27;[38;5;0m[HTTP]&amp#27;[0m &amp#27;[90m{}&amp#27;[39m
[debug] &amp#27;[38;5;16m[AppiumDriver@ae6b]&amp#27;[0m Calling AppiumDriver.getStatus() with args: []
[debug] &amp#27;[38;5;16m[AppiumDriver@ae6b]&amp#27;[0m Responding to client with driver.getStatus() result: {"build":{"version":"2.0.0"}}
&amp#27;[38;5;0m[HTTP]&amp#27;[0m &amp#27;[37m<-- GET /status &amp#27;[39m&amp#27;[32m200&amp#27;[39m &amp#27;[90m2 ms - 39&amp#27;[39m
&amp#27;[38;5;0m[HTTP]&amp#27;[0m &amp#27;[90m&amp#27;[39m
[debug] &amp#27;[38;5;0m[HTTP]&amp#27;[0m Request idempotency key: 2d6e923c-0af3-4245-b9fa-aea3bdb4742f
&amp#27;[38;5;0m[HTTP]&amp#27;[0m &amp#27;[37m-->&amp#27;[39m &amp#27;[37mPOST&amp#27;[39m &amp#27;[37m/session&amp#27;[39m
&amp#27;[38;5;0m[HTTP]&amp#27;[0m &amp#27;[90m{"capabilities":{"firstMatch":[{}],"alwaysMatch":{"appium:automationName":"ANDROID_UIAUTOMATOR2","appium:chromedriverChromeMappingFile":"https://github.com/appium/appium-chromedriver/blob/master/config/mapping.json","appium:chromedriverExecutableDir":"./utils/ExecutableDirs","appium:deviceName":"Pixel_XL_API_33","appium:udid":"emulator-5554","browserName":"Chrome","platformName":"ANDROID"}}}&amp#27;[39m
[debug] &amp#27;[38;5;16m[AppiumDriver@ae6b]&amp#27;[0m Calling AppiumDriver.createSession() with args: [null,null,{"firstMatch":[{}],"alwaysMatch":{"appium:automationName":"ANDROID_UIAUTOMATOR2","appium:chromedriverChromeMappingFile":"https://github.com/appium/appium-chromedriver/blob/master/config/mapping.json","appium:chromedriverExecutableDir":"./utils/ExecutableDirs","appium:deviceName":"Pixel_XL_API_33","appium:udid":"emulator-5554","browserName":"Chrome","platformName":"ANDROID"}}]
[debug] &amp#27;[38;5;16m[AppiumDriver@ae6b]&amp#27;[0m Event 'newSessionRequested' logged at 1692208727853 (20:58:47 GMT+0300 (Israel Daylight Time))
&amp#27;[35m[Appium]&amp#27;[39m Attempting to find matching driver for automationName 'ANDROID_UIAUTOMATOR2' and platformName 'ANDROID'
[debug] &amp#27;[38;5;16m[AppiumDriver@ae6b]&amp#27;[0m Event 'newSessionStarted' logged at 1692208727855 (20:58:47 GMT+0300 (Israel Daylight Time))
[debug] &amp#27;[38;5;16m[AppiumDriver@ae6b]&amp#27;[0m Encountered internal error running command: Error: Could not find a driver for automationName 'ANDROID_UIAUTOMATOR2' and platformName 'ANDROID'. Have you installed a driver that supports those capabilities? Run 'appium driver list --installed' to see. (Lower-level error: Could not find installed driver to support given caps)
[debug] &amp#27;[38;5;16m[AppiumDriver@ae6b]&amp#27;[0m     at DriverConfig.findMatchingDriver (C:\Users\jonmi\AppData\Roaming\npm\node_modules\appium\lib\extension\driver-config.js:175:13)
[debug] &amp#27;[38;5;16m[AppiumDriver@ae6b]&amp#27;[0m     at AppiumDriver.createSession (C:\Users\jonmi\AppData\Roaming\npm\node_modules\appium\lib\appium.js:273:29)
[debug] &amp#27;[38;5;16m[AppiumDriver@ae6b]&amp#27;[0m     at commandExecutor (C:\Users\jonmi\AppData\Roaming\npm\node_modules\appium\node_modules\@appium\base-driver\lib\basedriver\driver.ts:107:18)
[debug] &amp#27;[38;5;16m[AppiumDriver@ae6b]&amp#27;[0m     at AppiumDriver.executeCommand (C:\Users\jonmi\AppData\Roaming\npm\node_modules\appium\node_modules\@appium\base-driver\lib\basedriver\driver.ts:124:15)
[debug] &amp#27;[38;5;16m[AppiumDriver@ae6b]&amp#27;[0m     at processTicksAndRejections (node:internal/process/task_queues:95:5)
[debug] &amp#27;[38;5;16m[AppiumDriver@ae6b]&amp#27;[0m     at defaultBehavior (C:\Users\jonmi\AppData\Roaming\npm\node_modules\appium\lib\appium.js:680:16)
[debug] &amp#27;[38;5;16m[AppiumDriver@ae6b]&amp#27;[0m     at AppiumDriver.executeWrappedCommand (C:\Users\jonmi\AppData\Roaming\npm\node_modules\appium\lib\appium.js:774:16)
[debug] &amp#27;[38;5;16m[AppiumDriver@ae6b]&amp#27;[0m     at AppiumDriver.executeCommand (C:\Users\jonmi\AppData\Roaming\npm\node_modules\appium\lib\appium.js:696:17)
[debug] &amp#27;[38;5;16m[AppiumDriver@ae6b]&amp#27;[0m     at asyncHandler (C:\Users\jonmi\AppData\Roaming\npm\node_modules\appium\node_modules\@appium\base-driver\lib\protocol\protocol.js:393:19)
&amp#27;[38;5;0m[HTTP]&amp#27;[0m &amp#27;[37m<-- POST /session &amp#27;[39m&amp#27;[31m500&amp#27;[39m &amp#27;[90m7 ms - 1116&amp#27;[39m
&amp#27;[38;5;0m[HTTP]&amp#27;[0m &amp#27;[90m&amp#27;[39m
]]></system-out>
  </testcase>
  <testcase name="setup" classname="tests.t5_ContinueShopping" time="0">
    <skipped/>
  </testcase>
  <testcase name="tc01_addProductsGoToCheckoutAndContinueShopping" classname="tests.t5_ContinueShopping" time="0">
    <skipped message="Could not start a new session. Response code 500. Message: An unknown server-side error occurred while processing the command. Original error: Could not find a driver for automationName &apos;ANDROID_UIAUTOMATOR2&apos; and platformName &apos;ANDROID&apos;. Have you installed a driver that supports those capabilities? Run &apos;appium driver list --installed&apos; to see. (Lower-level error: Could not find installed driver to support given caps) &#10;Host info: host: &apos;LAPTOP-RMK290R9&apos;, ip: &apos;192.168.1.20&apos;&#10;Build info: version: &apos;4.9.1&apos;, revision: &apos;eb2032df7f&apos;&#10;System info: os.name: &apos;Windows 10&apos;, os.arch: &apos;amd64&apos;, os.version: &apos;10.0&apos;, java.version: &apos;1.8.0_211&apos;&#10;Driver info: io.appium.java_client.android.AndroidDriver&#10;Command: [null, newSession {capabilities=[{appium:udid=emulator-5554, appium:chromedriverExecutableDir=./utils/ExecutableDirs, appium:chromedriverChromeMappingFile=https://github.com/appium/appium-chromedriver/blob/master/config/mapping.json, browserName=Chrome, platformName=ANDROID, appium:deviceName=Pixel_XL_API_33, appium:automationName=ANDROID_UIAUTOMATOR2}], desiredCapabilities=Capabilities {appium:automationName: ANDROID_UIAUTOMATOR2, appium:chromedriverChromeMappingFile: https://github.com/appium/a..., appium:chromedriverExecutableDir: ./utils/ExecutableDirs, appium:deviceName: Pixel_XL_API_33, appium:udid: emulator-5554, browserName: Chrome, platformName: ANDROID}}]&#10;Capabilities {appium:automationName: ANDROID_UIAUTOMATOR2, appium:chromedriverChromeMappingFile: https://github.com/appium/a..., appium:chromedriverExecutableDir: ./utils/ExecutableDirs, appium:deviceName: Pixel_XL_API_33, appium:udid: emulator-5554, browserName: Chrome, platformName: ANDROID}"/>
  </testcase>
  <testcase name="TearDown" classname="tests.t5_ContinueShopping" time="0">
    <skipped/>
  </testcase>
  <testcase name="TearDown" classname="tests.t5_ContinueShopping" time="0">
    <skipped/>
  </testcase>
  <testcase name="tc01_addProductsGoToPaymentAndCancel" classname="tests.t5_ContinueShopping" time="0">
    <skipped message="Could not start a new session. Response code 500. Message: An unknown server-side error occurred while processing the command. Original error: Could not find a driver for automationName &apos;ANDROID_UIAUTOMATOR2&apos; and platformName &apos;ANDROID&apos;. Have you installed a driver that supports those capabilities? Run &apos;appium driver list --installed&apos; to see. (Lower-level error: Could not find installed driver to support given caps) &#10;Host info: host: &apos;LAPTOP-RMK290R9&apos;, ip: &apos;192.168.1.20&apos;&#10;Build info: version: &apos;4.9.1&apos;, revision: &apos;eb2032df7f&apos;&#10;System info: os.name: &apos;Windows 10&apos;, os.arch: &apos;amd64&apos;, os.version: &apos;10.0&apos;, java.version: &apos;1.8.0_211&apos;&#10;Driver info: io.appium.java_client.android.AndroidDriver&#10;Command: [null, newSession {capabilities=[{appium:udid=emulator-5554, appium:chromedriverExecutableDir=./utils/ExecutableDirs, appium:chromedriverChromeMappingFile=https://github.com/appium/appium-chromedriver/blob/master/config/mapping.json, browserName=Chrome, platformName=ANDROID, appium:deviceName=Pixel_XL_API_33, appium:automationName=ANDROID_UIAUTOMATOR2}], desiredCapabilities=Capabilities {appium:automationName: ANDROID_UIAUTOMATOR2, appium:chromedriverChromeMappingFile: https://github.com/appium/a..., appium:chromedriverExecutableDir: ./utils/ExecutableDirs, appium:deviceName: Pixel_XL_API_33, appium:udid: emulator-5554, browserName: Chrome, platformName: ANDROID}}]&#10;Capabilities {appium:automationName: ANDROID_UIAUTOMATOR2, appium:chromedriverChromeMappingFile: https://github.com/appium/a..., appium:chromedriverExecutableDir: ./utils/ExecutableDirs, appium:deviceName: Pixel_XL_API_33, appium:udid: emulator-5554, browserName: Chrome, platformName: ANDROID}"/>
  </testcase>
  <testcase name="setup" classname="tests.t6_CheckoutInformationFields" time="1.375">
    <failure message="Could not start a new session. Response code 500. Message: An unknown server-side error occurred while processing the command. Original error: Could not find a driver for automationName &apos;ANDROID_UIAUTOMATOR2&apos; and platformName &apos;ANDROID&apos;. Have you installed a driver that supports those capabilities? Run &apos;appium driver list --installed&apos; to see. (Lower-level error: Could not find installed driver to support given caps) &#10;Host info: host: &apos;LAPTOP-RMK290R9&apos;, ip: &apos;192.168.1.20&apos;&#10;Build info: version: &apos;4.9.1&apos;, revision: &apos;eb2032df7f&apos;&#10;System info: os.name: &apos;Windows 10&apos;, os.arch: &apos;amd64&apos;, os.version: &apos;10.0&apos;, java.version: &apos;1.8.0_211&apos;&#10;Driver info: io.appium.java_client.android.AndroidDriver&#10;Command: [null, newSession {capabilities=[{appium:udid=emulator-5554, appium:chromedriverExecutableDir=./utils/ExecutableDirs, appium:chromedriverChromeMappingFile=https://github.com/appium/appium-chromedriver/blob/master/config/mapping.json, browserName=Chrome, platformName=ANDROID, appium:deviceName=Pixel_XL_API_33, appium:automationName=ANDROID_UIAUTOMATOR2}], desiredCapabilities=Capabilities {appium:automationName: ANDROID_UIAUTOMATOR2, appium:chromedriverChromeMappingFile: https://github.com/appium/a..., appium:chromedriverExecutableDir: ./utils/ExecutableDirs, appium:deviceName: Pixel_XL_API_33, appium:udid: emulator-5554, browserName: Chrome, platformName: ANDROID}}]&#10;Capabilities {appium:automationName: ANDROID_UIAUTOMATOR2, appium:chromedriverChromeMappingFile: https://github.com/appium/a..., appium:chromedriverExecutableDir: ./utils/ExecutableDirs, appium:deviceName: Pixel_XL_API_33, appium:udid: emulator-5554, browserName: Chrome, platformName: ANDROID}" type="org.openqa.selenium.SessionNotCreatedException"><![CDATA[org.openqa.selenium.SessionNotCreatedException: 
Could not start a new session. Response code 500. Message: An unknown server-side error occurred while processing the command. Original error: Could not find a driver for automationName 'ANDROID_UIAUTOMATOR2' and platformName 'ANDROID'. Have you installed a driver that supports those capabilities? Run 'appium driver list --installed' to see. (Lower-level error: Could not find installed driver to support given caps) 
Host info: host: 'LAPTOP-RMK290R9', ip: '192.168.1.20'
Build info: version: '4.9.1', revision: 'eb2032df7f'
System info: os.name: 'Windows 10', os.arch: 'amd64', os.version: '10.0', java.version: '1.8.0_211'
Driver info: io.appium.java_client.android.AndroidDriver
Command: [null, newSession {capabilities=[{appium:udid=emulator-5554, appium:chromedriverExecutableDir=./utils/ExecutableDirs, appium:chromedriverChromeMappingFile=https://github.com/appium/appium-chromedriver/blob/master/config/mapping.json, browserName=Chrome, platformName=ANDROID, appium:deviceName=Pixel_XL_API_33, appium:automationName=ANDROID_UIAUTOMATOR2}], desiredCapabilities=Capabilities {appium:automationName: ANDROID_UIAUTOMATOR2, appium:chromedriverChromeMappingFile: https://github.com/appium/a..., appium:chromedriverExecutableDir: ./utils/ExecutableDirs, appium:deviceName: Pixel_XL_API_33, appium:udid: emulator-5554, browserName: Chrome, platformName: ANDROID}}]
Capabilities {appium:automationName: ANDROID_UIAUTOMATOR2, appium:chromedriverChromeMappingFile: https://github.com/appium/a..., appium:chromedriverExecutableDir: ./utils/ExecutableDirs, appium:deviceName: Pixel_XL_API_33, appium:udid: emulator-5554, browserName: Chrome, platformName: ANDROID}
	at org.openqa.selenium.remote.ProtocolHandshake.createSession(ProtocolHandshake.java:136)
	at sun.reflect.NativeMethodAccessorImpl.invoke0(Native Method)
	at sun.reflect.NativeMethodAccessorImpl.invoke(NativeMethodAccessorImpl.java:62)
	at sun.reflect.DelegatingMethodAccessorImpl.invoke(DelegatingMethodAccessorImpl.java:43)
	at java.lang.reflect.Method.invoke(Method.java:498)
	at io.appium.java_client.remote.AppiumProtocolHandshake.createSession(AppiumProtocolHandshake.java:133)
	at io.appium.java_client.remote.AppiumProtocolHandshake.createSession(AppiumProtocolHandshake.java:102)
	at io.appium.java_client.remote.AppiumCommandExecutor.createSession(AppiumCommandExecutor.java:182)
	at io.appium.java_client.remote.AppiumCommandExecutor.execute(AppiumCommandExecutor.java:250)
	at org.openqa.selenium.remote.RemoteWebDriver.execute(RemoteWebDriver.java:543)
	at io.appium.java_client.AppiumDriver.startSession(AppiumDriver.java:274)
	at org.openqa.selenium.remote.RemoteWebDriver.<init>(RemoteWebDriver.java:157)
	at io.appium.java_client.AppiumDriver.<init>(AppiumDriver.java:89)
	at io.appium.java_client.AppiumDriver.<init>(AppiumDriver.java:112)
	at io.appium.java_client.AppiumDriver.<init>(AppiumDriver.java:137)
	at io.appium.java_client.android.AndroidDriver.<init>(AndroidDriver.java:236)
	at tests.BaseTest.setup(BaseTest.java:90)
	at sun.reflect.NativeMethodAccessorImpl.invoke0(Native Method)
	at sun.reflect.NativeMethodAccessorImpl.invoke(NativeMethodAccessorImpl.java:62)
	at sun.reflect.DelegatingMethodAccessorImpl.invoke(DelegatingMethodAccessorImpl.java:43)
	at java.lang.reflect.Method.invoke(Method.java:498)
	at org.testng.internal.invokers.MethodInvocationHelper.invokeMethod(MethodInvocationHelper.java:135)
	at org.testng.internal.invokers.MethodInvocationHelper.invokeMethodConsideringTimeout(MethodInvocationHelper.java:65)
	at org.testng.internal.invokers.ConfigInvoker.invokeConfigurationMethod(ConfigInvoker.java:381)
	at org.testng.internal.invokers.ConfigInvoker.invokeConfigurations(ConfigInvoker.java:319)
	at org.testng.internal.invokers.TestInvoker.runConfigMethods(TestInvoker.java:803)
	at org.testng.internal.invokers.TestInvoker.invokeMethod(TestInvoker.java:589)
	at org.testng.internal.invokers.TestInvoker.invokeTestMethod(TestInvoker.java:220)
	at org.testng.internal.invokers.MethodRunner.runInSequence(MethodRunner.java:50)
	at org.testng.internal.invokers.TestInvoker$MethodInvocationAgent.invoke(TestInvoker.java:945)
	at org.testng.internal.invokers.TestInvoker.invokeTestMethods(TestInvoker.java:193)
	at org.testng.internal.invokers.TestMethodWorker.invokeTestMethods(TestMethodWorker.java:146)
	at org.testng.internal.invokers.TestMethodWorker.run(TestMethodWorker.java:128)
	at java.util.ArrayList.forEach(ArrayList.java:1257)
	at org.testng.TestRunner.privateRun(TestRunner.java:808)
	at org.testng.TestRunner.run(TestRunner.java:603)
	at org.testng.SuiteRunner.runTest(SuiteRunner.java:429)
	at org.testng.SuiteRunner.runSequentially(SuiteRunner.java:423)
	at org.testng.SuiteRunner.privateRun(SuiteRunner.java:383)
	at org.testng.SuiteRunner.run(SuiteRunner.java:326)
	at org.testng.SuiteRunnerWorker.runSuite(SuiteRunnerWorker.java:52)
	at org.testng.SuiteRunnerWorker.run(SuiteRunnerWorker.java:95)
	at org.testng.TestNG.runSuitesSequentially(TestNG.java:1249)
	at org.testng.TestNG.runSuitesLocally(TestNG.java:1169)
	at org.testng.TestNG.runSuites(TestNG.java:1092)
	at org.testng.TestNG.run(TestNG.java:1060)
	at org.apache.maven.surefire.testng.TestNGExecutor.run(TestNGExecutor.java:324)
	at org.apache.maven.surefire.testng.TestNGXmlTestSuite.execute(TestNGXmlTestSuite.java:74)
	at org.apache.maven.surefire.testng.TestNGProvider.invoke(TestNGProvider.java:123)
	at org.apache.maven.surefire.booter.ForkedBooter.runSuitesInProcess(ForkedBooter.java:456)
	at org.apache.maven.surefire.booter.ForkedBooter.execute(ForkedBooter.java:169)
	at org.apache.maven.surefire.booter.ForkedBooter.run(ForkedBooter.java:595)
	at org.apache.maven.surefire.booter.ForkedBooter.main(ForkedBooter.java:581)
]]></failure>
    <system-out><![CDATA[&amp#27;[38;5;0m[HTTP]&amp#27;[0m &amp#27;[37m-->&amp#27;[39m &amp#27;[37mGET&amp#27;[39m &amp#27;[37m/status&amp#27;[39m
&amp#27;[38;5;0m[HTTP]&amp#27;[0m &amp#27;[90m{}&amp#27;[39m
[debug] &amp#27;[38;5;16m[AppiumDriver@ae6b]&amp#27;[0m Calling AppiumDriver.getStatus() with args: []
[debug] &amp#27;[38;5;16m[AppiumDriver@ae6b]&amp#27;[0m Responding to client with driver.getStatus() result: {"build":{"version":"2.0.0"}}
&amp#27;[38;5;0m[HTTP]&amp#27;[0m &amp#27;[37m<-- GET /status &amp#27;[39m&amp#27;[32m200&amp#27;[39m &amp#27;[90m2 ms - 39&amp#27;[39m
&amp#27;[38;5;0m[HTTP]&amp#27;[0m &amp#27;[90m&amp#27;[39m
[debug] &amp#27;[38;5;0m[HTTP]&amp#27;[0m Request idempotency key: 1c396858-5b25-4a30-964d-1ba766842278
&amp#27;[38;5;0m[HTTP]&amp#27;[0m &amp#27;[37m-->&amp#27;[39m &amp#27;[37mPOST&amp#27;[39m &amp#27;[37m/session&amp#27;[39m
&amp#27;[38;5;0m[HTTP]&amp#27;[0m &amp#27;[90m{"capabilities":{"firstMatch":[{}],"alwaysMatch":{"appium:automationName":"ANDROID_UIAUTOMATOR2","appium:chromedriverChromeMappingFile":"https://github.com/appium/appium-chromedriver/blob/master/config/mapping.json","appium:chromedriverExecutableDir":"./utils/ExecutableDirs","appium:deviceName":"Pixel_XL_API_33","appium:udid":"emulator-5554","browserName":"Chrome","platformName":"ANDROID"}}}&amp#27;[39m
[debug] &amp#27;[38;5;16m[AppiumDriver@ae6b]&amp#27;[0m Calling AppiumDriver.createSession() with args: [null,null,{"firstMatch":[{}],"alwaysMatch":{"appium:automationName":"ANDROID_UIAUTOMATOR2","appium:chromedriverChromeMappingFile":"https://github.com/appium/appium-chromedriver/blob/master/config/mapping.json","appium:chromedriverExecutableDir":"./utils/ExecutableDirs","appium:deviceName":"Pixel_XL_API_33","appium:udid":"emulator-5554","browserName":"Chrome","platformName":"ANDROID"}}]
[debug] &amp#27;[38;5;16m[AppiumDriver@ae6b]&amp#27;[0m Event 'newSessionRequested' logged at 1692208729205 (20:58:49 GMT+0300 (Israel Daylight Time))
&amp#27;[35m[Appium]&amp#27;[39m Attempting to find matching driver for automationName 'ANDROID_UIAUTOMATOR2' and platformName 'ANDROID'
[debug] &amp#27;[38;5;16m[AppiumDriver@ae6b]&amp#27;[0m Event 'newSessionStarted' logged at 1692208729207 (20:58:49 GMT+0300 (Israel Daylight Time))
[debug] &amp#27;[38;5;16m[AppiumDriver@ae6b]&amp#27;[0m Encountered internal error running command: Error: Could not find a driver for automationName 'ANDROID_UIAUTOMATOR2' and platformName 'ANDROID'. Have you installed a driver that supports those capabilities? Run 'appium driver list --installed' to see. (Lower-level error: Could not find installed driver to support given caps)
[debug] &amp#27;[38;5;16m[AppiumDriver@ae6b]&amp#27;[0m     at DriverConfig.findMatchingDriver (C:\Users\jonmi\AppData\Roaming\npm\node_modules\appium\lib\extension\driver-config.js:175:13)
[debug] &amp#27;[38;5;16m[AppiumDriver@ae6b]&amp#27;[0m     at AppiumDriver.createSession (C:\Users\jonmi\AppData\Roaming\npm\node_modules\appium\lib\appium.js:273:29)
[debug] &amp#27;[38;5;16m[AppiumDriver@ae6b]&amp#27;[0m     at commandExecutor (C:\Users\jonmi\AppData\Roaming\npm\node_modules\appium\node_modules\@appium\base-driver\lib\basedriver\driver.ts:107:18)
[debug] &amp#27;[38;5;16m[AppiumDriver@ae6b]&amp#27;[0m     at AppiumDriver.executeCommand (C:\Users\jonmi\AppData\Roaming\npm\node_modules\appium\node_modules\@appium\base-driver\lib\basedriver\driver.ts:124:15)
[debug] &amp#27;[38;5;16m[AppiumDriver@ae6b]&amp#27;[0m     at processTicksAndRejections (node:internal/process/task_queues:95:5)
[debug] &amp#27;[38;5;16m[AppiumDriver@ae6b]&amp#27;[0m     at defaultBehavior (C:\Users\jonmi\AppData\Roaming\npm\node_modules\appium\lib\appium.js:680:16)
[debug] &amp#27;[38;5;16m[AppiumDriver@ae6b]&amp#27;[0m     at AppiumDriver.executeWrappedCommand (C:\Users\jonmi\AppData\Roaming\npm\node_modules\appium\lib\appium.js:774:16)
[debug] &amp#27;[38;5;16m[AppiumDriver@ae6b]&amp#27;[0m     at AppiumDriver.executeCommand (C:\Users\jonmi\AppData\Roaming\npm\node_modules\appium\lib\appium.js:696:17)
[debug] &amp#27;[38;5;16m[AppiumDriver@ae6b]&amp#27;[0m     at asyncHandler (C:\Users\jonmi\AppData\Roaming\npm\node_modules\appium\node_modules\@appium\base-driver\lib\protocol\protocol.js:393:19)
&amp#27;[38;5;0m[HTTP]&amp#27;[0m &amp#27;[37m<-- POST /session &amp#27;[39m&amp#27;[31m500&amp#27;[39m &amp#27;[90m7 ms - 1116&amp#27;[39m
&amp#27;[38;5;0m[HTTP]&amp#27;[0m &amp#27;[90m&amp#27;[39m
]]></system-out>
  </testcase>
  <testcase name="setup" classname="tests.t6_CheckoutInformationFields" time="0">
    <skipped/>
  </testcase>
  <testcase name="setup" classname="tests.t6_CheckoutInformationFields" time="0">
    <skipped/>
  </testcase>
  <testcase name="setup" classname="tests.t6_CheckoutInformationFields" time="0">
    <skipped/>
  </testcase>
  <testcase name="setup" classname="tests.t6_CheckoutInformationFields" time="0">
    <skipped/>
  </testcase>
  <testcase name="setup" classname="tests.t6_CheckoutInformationFields" time="0">
    <skipped/>
  </testcase>
  <testcase name="setup" classname="tests.t6_CheckoutInformationFields" time="0">
    <skipped/>
  </testcase>
  <testcase name="tc01_fillAllFields" classname="tests.t6_CheckoutInformationFields" time="0">
    <skipped message="Could not start a new session. Response code 500. Message: An unknown server-side error occurred while processing the command. Original error: Could not find a driver for automationName &apos;ANDROID_UIAUTOMATOR2&apos; and platformName &apos;ANDROID&apos;. Have you installed a driver that supports those capabilities? Run &apos;appium driver list --installed&apos; to see. (Lower-level error: Could not find installed driver to support given caps) &#10;Host info: host: &apos;LAPTOP-RMK290R9&apos;, ip: &apos;192.168.1.20&apos;&#10;Build info: version: &apos;4.9.1&apos;, revision: &apos;eb2032df7f&apos;&#10;System info: os.name: &apos;Windows 10&apos;, os.arch: &apos;amd64&apos;, os.version: &apos;10.0&apos;, java.version: &apos;1.8.0_211&apos;&#10;Driver info: io.appium.java_client.android.AndroidDriver&#10;Command: [null, newSession {capabilities=[{appium:udid=emulator-5554, appium:chromedriverExecutableDir=./utils/ExecutableDirs, appium:chromedriverChromeMappingFile=https://github.com/appium/appium-chromedriver/blob/master/config/mapping.json, browserName=Chrome, platformName=ANDROID, appium:deviceName=Pixel_XL_API_33, appium:automationName=ANDROID_UIAUTOMATOR2}], desiredCapabilities=Capabilities {appium:automationName: ANDROID_UIAUTOMATOR2, appium:chromedriverChromeMappingFile: https://github.com/appium/a..., appium:chromedriverExecutableDir: ./utils/ExecutableDirs, appium:deviceName: Pixel_XL_API_33, appium:udid: emulator-5554, browserName: Chrome, platformName: ANDROID}}]&#10;Capabilities {appium:automationName: ANDROID_UIAUTOMATOR2, appium:chromedriverChromeMappingFile: https://github.com/appium/a..., appium:chromedriverExecutableDir: ./utils/ExecutableDirs, appium:deviceName: Pixel_XL_API_33, appium:udid: emulator-5554, browserName: Chrome, platformName: ANDROID}"/>
  </testcase>
  <testcase name="TearDown" classname="tests.t6_CheckoutInformationFields" time="0">
    <skipped/>
  </testcase>
  <testcase name="TearDown" classname="tests.t6_CheckoutInformationFields" time="0">
    <skipped/>
  </testcase>
  <testcase name="TearDown" classname="tests.t6_CheckoutInformationFields" time="0">
    <skipped/>
  </testcase>
  <testcase name="TearDown" classname="tests.t6_CheckoutInformationFields" time="0">
    <skipped/>
  </testcase>
  <testcase name="TearDown" classname="tests.t6_CheckoutInformationFields" time="0">
    <skipped/>
  </testcase>
  <testcase name="TearDown" classname="tests.t6_CheckoutInformationFields" time="0">
    <skipped/>
  </testcase>
  <testcase name="TearDown" classname="tests.t6_CheckoutInformationFields" time="0">
    <skipped/>
  </testcase>
  <testcase name="tc02_fillOnlyFirstNameField" classname="tests.t6_CheckoutInformationFields" time="0">
    <skipped message="Could not start a new session. Response code 500. Message: An unknown server-side error occurred while processing the command. Original error: Could not find a driver for automationName &apos;ANDROID_UIAUTOMATOR2&apos; and platformName &apos;ANDROID&apos;. Have you installed a driver that supports those capabilities? Run &apos;appium driver list --installed&apos; to see. (Lower-level error: Could not find installed driver to support given caps) &#10;Host info: host: &apos;LAPTOP-RMK290R9&apos;, ip: &apos;192.168.1.20&apos;&#10;Build info: version: &apos;4.9.1&apos;, revision: &apos;eb2032df7f&apos;&#10;System info: os.name: &apos;Windows 10&apos;, os.arch: &apos;amd64&apos;, os.version: &apos;10.0&apos;, java.version: &apos;1.8.0_211&apos;&#10;Driver info: io.appium.java_client.android.AndroidDriver&#10;Command: [null, newSession {capabilities=[{appium:udid=emulator-5554, appium:chromedriverExecutableDir=./utils/ExecutableDirs, appium:chromedriverChromeMappingFile=https://github.com/appium/appium-chromedriver/blob/master/config/mapping.json, browserName=Chrome, platformName=ANDROID, appium:deviceName=Pixel_XL_API_33, appium:automationName=ANDROID_UIAUTOMATOR2}], desiredCapabilities=Capabilities {appium:automationName: ANDROID_UIAUTOMATOR2, appium:chromedriverChromeMappingFile: https://github.com/appium/a..., appium:chromedriverExecutableDir: ./utils/ExecutableDirs, appium:deviceName: Pixel_XL_API_33, appium:udid: emulator-5554, browserName: Chrome, platformName: ANDROID}}]&#10;Capabilities {appium:automationName: ANDROID_UIAUTOMATOR2, appium:chromedriverChromeMappingFile: https://github.com/appium/a..., appium:chromedriverExecutableDir: ./utils/ExecutableDirs, appium:deviceName: Pixel_XL_API_33, appium:udid: emulator-5554, browserName: Chrome, platformName: ANDROID}"/>
  </testcase>
  <testcase name="tc03_fillOnlyLastNameField" classname="tests.t6_CheckoutInformationFields" time="0">
    <skipped message="Could not start a new session. Response code 500. Message: An unknown server-side error occurred while processing the command. Original error: Could not find a driver for automationName &apos;ANDROID_UIAUTOMATOR2&apos; and platformName &apos;ANDROID&apos;. Have you installed a driver that supports those capabilities? Run &apos;appium driver list --installed&apos; to see. (Lower-level error: Could not find installed driver to support given caps) &#10;Host info: host: &apos;LAPTOP-RMK290R9&apos;, ip: &apos;192.168.1.20&apos;&#10;Build info: version: &apos;4.9.1&apos;, revision: &apos;eb2032df7f&apos;&#10;System info: os.name: &apos;Windows 10&apos;, os.arch: &apos;amd64&apos;, os.version: &apos;10.0&apos;, java.version: &apos;1.8.0_211&apos;&#10;Driver info: io.appium.java_client.android.AndroidDriver&#10;Command: [null, newSession {capabilities=[{appium:udid=emulator-5554, appium:chromedriverExecutableDir=./utils/ExecutableDirs, appium:chromedriverChromeMappingFile=https://github.com/appium/appium-chromedriver/blob/master/config/mapping.json, browserName=Chrome, platformName=ANDROID, appium:deviceName=Pixel_XL_API_33, appium:automationName=ANDROID_UIAUTOMATOR2}], desiredCapabilities=Capabilities {appium:automationName: ANDROID_UIAUTOMATOR2, appium:chromedriverChromeMappingFile: https://github.com/appium/a..., appium:chromedriverExecutableDir: ./utils/ExecutableDirs, appium:deviceName: Pixel_XL_API_33, appium:udid: emulator-5554, browserName: Chrome, platformName: ANDROID}}]&#10;Capabilities {appium:automationName: ANDROID_UIAUTOMATOR2, appium:chromedriverChromeMappingFile: https://github.com/appium/a..., appium:chromedriverExecutableDir: ./utils/ExecutableDirs, appium:deviceName: Pixel_XL_API_33, appium:udid: emulator-5554, browserName: Chrome, platformName: ANDROID}"/>
  </testcase>
  <testcase name="tc04_fillOnlyZipCodeField" classname="tests.t6_CheckoutInformationFields" time="0">
    <skipped message="Could not start a new session. Response code 500. Message: An unknown server-side error occurred while processing the command. Original error: Could not find a driver for automationName &apos;ANDROID_UIAUTOMATOR2&apos; and platformName &apos;ANDROID&apos;. Have you installed a driver that supports those capabilities? Run &apos;appium driver list --installed&apos; to see. (Lower-level error: Could not find installed driver to support given caps) &#10;Host info: host: &apos;LAPTOP-RMK290R9&apos;, ip: &apos;192.168.1.20&apos;&#10;Build info: version: &apos;4.9.1&apos;, revision: &apos;eb2032df7f&apos;&#10;System info: os.name: &apos;Windows 10&apos;, os.arch: &apos;amd64&apos;, os.version: &apos;10.0&apos;, java.version: &apos;1.8.0_211&apos;&#10;Driver info: io.appium.java_client.android.AndroidDriver&#10;Command: [null, newSession {capabilities=[{appium:udid=emulator-5554, appium:chromedriverExecutableDir=./utils/ExecutableDirs, appium:chromedriverChromeMappingFile=https://github.com/appium/appium-chromedriver/blob/master/config/mapping.json, browserName=Chrome, platformName=ANDROID, appium:deviceName=Pixel_XL_API_33, appium:automationName=ANDROID_UIAUTOMATOR2}], desiredCapabilities=Capabilities {appium:automationName: ANDROID_UIAUTOMATOR2, appium:chromedriverChromeMappingFile: https://github.com/appium/a..., appium:chromedriverExecutableDir: ./utils/ExecutableDirs, appium:deviceName: Pixel_XL_API_33, appium:udid: emulator-5554, browserName: Chrome, platformName: ANDROID}}]&#10;Capabilities {appium:automationName: ANDROID_UIAUTOMATOR2, appium:chromedriverChromeMappingFile: https://github.com/appium/a..., appium:chromedriverExecutableDir: ./utils/ExecutableDirs, appium:deviceName: Pixel_XL_API_33, appium:udid: emulator-5554, browserName: Chrome, platformName: ANDROID}"/>
  </testcase>
  <testcase name="tc05_fillOnlyFirstAndLastNameFields" classname="tests.t6_CheckoutInformationFields" time="0">
    <skipped message="Could not start a new session. Response code 500. Message: An unknown server-side error occurred while processing the command. Original error: Could not find a driver for automationName &apos;ANDROID_UIAUTOMATOR2&apos; and platformName &apos;ANDROID&apos;. Have you installed a driver that supports those capabilities? Run &apos;appium driver list --installed&apos; to see. (Lower-level error: Could not find installed driver to support given caps) &#10;Host info: host: &apos;LAPTOP-RMK290R9&apos;, ip: &apos;192.168.1.20&apos;&#10;Build info: version: &apos;4.9.1&apos;, revision: &apos;eb2032df7f&apos;&#10;System info: os.name: &apos;Windows 10&apos;, os.arch: &apos;amd64&apos;, os.version: &apos;10.0&apos;, java.version: &apos;1.8.0_211&apos;&#10;Driver info: io.appium.java_client.android.AndroidDriver&#10;Command: [null, newSession {capabilities=[{appium:udid=emulator-5554, appium:chromedriverExecutableDir=./utils/ExecutableDirs, appium:chromedriverChromeMappingFile=https://github.com/appium/appium-chromedriver/blob/master/config/mapping.json, browserName=Chrome, platformName=ANDROID, appium:deviceName=Pixel_XL_API_33, appium:automationName=ANDROID_UIAUTOMATOR2}], desiredCapabilities=Capabilities {appium:automationName: ANDROID_UIAUTOMATOR2, appium:chromedriverChromeMappingFile: https://github.com/appium/a..., appium:chromedriverExecutableDir: ./utils/ExecutableDirs, appium:deviceName: Pixel_XL_API_33, appium:udid: emulator-5554, browserName: Chrome, platformName: ANDROID}}]&#10;Capabilities {appium:automationName: ANDROID_UIAUTOMATOR2, appium:chromedriverChromeMappingFile: https://github.com/appium/a..., appium:chromedriverExecutableDir: ./utils/ExecutableDirs, appium:deviceName: Pixel_XL_API_33, appium:udid: emulator-5554, browserName: Chrome, platformName: ANDROID}"/>
  </testcase>
  <testcase name="tc06_fillOnlyFirstNameZipCodeFields" classname="tests.t6_CheckoutInformationFields" time="0">
    <skipped message="Could not start a new session. Response code 500. Message: An unknown server-side error occurred while processing the command. Original error: Could not find a driver for automationName &apos;ANDROID_UIAUTOMATOR2&apos; and platformName &apos;ANDROID&apos;. Have you installed a driver that supports those capabilities? Run &apos;appium driver list --installed&apos; to see. (Lower-level error: Could not find installed driver to support given caps) &#10;Host info: host: &apos;LAPTOP-RMK290R9&apos;, ip: &apos;192.168.1.20&apos;&#10;Build info: version: &apos;4.9.1&apos;, revision: &apos;eb2032df7f&apos;&#10;System info: os.name: &apos;Windows 10&apos;, os.arch: &apos;amd64&apos;, os.version: &apos;10.0&apos;, java.version: &apos;1.8.0_211&apos;&#10;Driver info: io.appium.java_client.android.AndroidDriver&#10;Command: [null, newSession {capabilities=[{appium:udid=emulator-5554, appium:chromedriverExecutableDir=./utils/ExecutableDirs, appium:chromedriverChromeMappingFile=https://github.com/appium/appium-chromedriver/blob/master/config/mapping.json, browserName=Chrome, platformName=ANDROID, appium:deviceName=Pixel_XL_API_33, appium:automationName=ANDROID_UIAUTOMATOR2}], desiredCapabilities=Capabilities {appium:automationName: ANDROID_UIAUTOMATOR2, appium:chromedriverChromeMappingFile: https://github.com/appium/a..., appium:chromedriverExecutableDir: ./utils/ExecutableDirs, appium:deviceName: Pixel_XL_API_33, appium:udid: emulator-5554, browserName: Chrome, platformName: ANDROID}}]&#10;Capabilities {appium:automationName: ANDROID_UIAUTOMATOR2, appium:chromedriverChromeMappingFile: https://github.com/appium/a..., appium:chromedriverExecutableDir: ./utils/ExecutableDirs, appium:deviceName: Pixel_XL_API_33, appium:udid: emulator-5554, browserName: Chrome, platformName: ANDROID}"/>
  </testcase>
  <testcase name="tc07_fillOnlyLastNameAndZipCodeFields" classname="tests.t6_CheckoutInformationFields" time="0">
    <skipped message="Could not start a new session. Response code 500. Message: An unknown server-side error occurred while processing the command. Original error: Could not find a driver for automationName &apos;ANDROID_UIAUTOMATOR2&apos; and platformName &apos;ANDROID&apos;. Have you installed a driver that supports those capabilities? Run &apos;appium driver list --installed&apos; to see. (Lower-level error: Could not find installed driver to support given caps) &#10;Host info: host: &apos;LAPTOP-RMK290R9&apos;, ip: &apos;192.168.1.20&apos;&#10;Build info: version: &apos;4.9.1&apos;, revision: &apos;eb2032df7f&apos;&#10;System info: os.name: &apos;Windows 10&apos;, os.arch: &apos;amd64&apos;, os.version: &apos;10.0&apos;, java.version: &apos;1.8.0_211&apos;&#10;Driver info: io.appium.java_client.android.AndroidDriver&#10;Command: [null, newSession {capabilities=[{appium:udid=emulator-5554, appium:chromedriverExecutableDir=./utils/ExecutableDirs, appium:chromedriverChromeMappingFile=https://github.com/appium/appium-chromedriver/blob/master/config/mapping.json, browserName=Chrome, platformName=ANDROID, appium:deviceName=Pixel_XL_API_33, appium:automationName=ANDROID_UIAUTOMATOR2}], desiredCapabilities=Capabilities {appium:automationName: ANDROID_UIAUTOMATOR2, appium:chromedriverChromeMappingFile: https://github.com/appium/a..., appium:chromedriverExecutableDir: ./utils/ExecutableDirs, appium:deviceName: Pixel_XL_API_33, appium:udid: emulator-5554, browserName: Chrome, platformName: ANDROID}}]&#10;Capabilities {appium:automationName: ANDROID_UIAUTOMATOR2, appium:chromedriverChromeMappingFile: https://github.com/appium/a..., appium:chromedriverExecutableDir: ./utils/ExecutableDirs, appium:deviceName: Pixel_XL_API_33, appium:udid: emulator-5554, browserName: Chrome, platformName: ANDROID}"/>
  </testcase>
  <testcase name="setup" classname="tests.t7_PriceCalculation" time="1.568">
    <failure message="Could not start a new session. Response code 500. Message: An unknown server-side error occurred while processing the command. Original error: Could not find a driver for automationName &apos;ANDROID_UIAUTOMATOR2&apos; and platformName &apos;ANDROID&apos;. Have you installed a driver that supports those capabilities? Run &apos;appium driver list --installed&apos; to see. (Lower-level error: Could not find installed driver to support given caps) &#10;Host info: host: &apos;LAPTOP-RMK290R9&apos;, ip: &apos;192.168.1.20&apos;&#10;Build info: version: &apos;4.9.1&apos;, revision: &apos;eb2032df7f&apos;&#10;System info: os.name: &apos;Windows 10&apos;, os.arch: &apos;amd64&apos;, os.version: &apos;10.0&apos;, java.version: &apos;1.8.0_211&apos;&#10;Driver info: io.appium.java_client.android.AndroidDriver&#10;Command: [null, newSession {capabilities=[{appium:udid=emulator-5554, appium:chromedriverExecutableDir=./utils/ExecutableDirs, appium:chromedriverChromeMappingFile=https://github.com/appium/appium-chromedriver/blob/master/config/mapping.json, browserName=Chrome, platformName=ANDROID, appium:deviceName=Pixel_XL_API_33, appium:automationName=ANDROID_UIAUTOMATOR2}], desiredCapabilities=Capabilities {appium:automationName: ANDROID_UIAUTOMATOR2, appium:chromedriverChromeMappingFile: https://github.com/appium/a..., appium:chromedriverExecutableDir: ./utils/ExecutableDirs, appium:deviceName: Pixel_XL_API_33, appium:udid: emulator-5554, browserName: Chrome, platformName: ANDROID}}]&#10;Capabilities {appium:automationName: ANDROID_UIAUTOMATOR2, appium:chromedriverChromeMappingFile: https://github.com/appium/a..., appium:chromedriverExecutableDir: ./utils/ExecutableDirs, appium:deviceName: Pixel_XL_API_33, appium:udid: emulator-5554, browserName: Chrome, platformName: ANDROID}" type="org.openqa.selenium.SessionNotCreatedException"><![CDATA[org.openqa.selenium.SessionNotCreatedException: 
Could not start a new session. Response code 500. Message: An unknown server-side error occurred while processing the command. Original error: Could not find a driver for automationName 'ANDROID_UIAUTOMATOR2' and platformName 'ANDROID'. Have you installed a driver that supports those capabilities? Run 'appium driver list --installed' to see. (Lower-level error: Could not find installed driver to support given caps) 
Host info: host: 'LAPTOP-RMK290R9', ip: '192.168.1.20'
Build info: version: '4.9.1', revision: 'eb2032df7f'
System info: os.name: 'Windows 10', os.arch: 'amd64', os.version: '10.0', java.version: '1.8.0_211'
Driver info: io.appium.java_client.android.AndroidDriver
Command: [null, newSession {capabilities=[{appium:udid=emulator-5554, appium:chromedriverExecutableDir=./utils/ExecutableDirs, appium:chromedriverChromeMappingFile=https://github.com/appium/appium-chromedriver/blob/master/config/mapping.json, browserName=Chrome, platformName=ANDROID, appium:deviceName=Pixel_XL_API_33, appium:automationName=ANDROID_UIAUTOMATOR2}], desiredCapabilities=Capabilities {appium:automationName: ANDROID_UIAUTOMATOR2, appium:chromedriverChromeMappingFile: https://github.com/appium/a..., appium:chromedriverExecutableDir: ./utils/ExecutableDirs, appium:deviceName: Pixel_XL_API_33, appium:udid: emulator-5554, browserName: Chrome, platformName: ANDROID}}]
Capabilities {appium:automationName: ANDROID_UIAUTOMATOR2, appium:chromedriverChromeMappingFile: https://github.com/appium/a..., appium:chromedriverExecutableDir: ./utils/ExecutableDirs, appium:deviceName: Pixel_XL_API_33, appium:udid: emulator-5554, browserName: Chrome, platformName: ANDROID}
	at org.openqa.selenium.remote.ProtocolHandshake.createSession(ProtocolHandshake.java:136)
	at sun.reflect.NativeMethodAccessorImpl.invoke0(Native Method)
	at sun.reflect.NativeMethodAccessorImpl.invoke(NativeMethodAccessorImpl.java:62)
	at sun.reflect.DelegatingMethodAccessorImpl.invoke(DelegatingMethodAccessorImpl.java:43)
	at java.lang.reflect.Method.invoke(Method.java:498)
	at io.appium.java_client.remote.AppiumProtocolHandshake.createSession(AppiumProtocolHandshake.java:133)
	at io.appium.java_client.remote.AppiumProtocolHandshake.createSession(AppiumProtocolHandshake.java:102)
	at io.appium.java_client.remote.AppiumCommandExecutor.createSession(AppiumCommandExecutor.java:182)
	at io.appium.java_client.remote.AppiumCommandExecutor.execute(AppiumCommandExecutor.java:250)
	at org.openqa.selenium.remote.RemoteWebDriver.execute(RemoteWebDriver.java:543)
	at io.appium.java_client.AppiumDriver.startSession(AppiumDriver.java:274)
	at org.openqa.selenium.remote.RemoteWebDriver.<init>(RemoteWebDriver.java:157)
	at io.appium.java_client.AppiumDriver.<init>(AppiumDriver.java:89)
	at io.appium.java_client.AppiumDriver.<init>(AppiumDriver.java:112)
	at io.appium.java_client.AppiumDriver.<init>(AppiumDriver.java:137)
	at io.appium.java_client.android.AndroidDriver.<init>(AndroidDriver.java:236)
	at tests.BaseTest.setup(BaseTest.java:90)
	at sun.reflect.NativeMethodAccessorImpl.invoke0(Native Method)
	at sun.reflect.NativeMethodAccessorImpl.invoke(NativeMethodAccessorImpl.java:62)
	at sun.reflect.DelegatingMethodAccessorImpl.invoke(DelegatingMethodAccessorImpl.java:43)
	at java.lang.reflect.Method.invoke(Method.java:498)
	at org.testng.internal.invokers.MethodInvocationHelper.invokeMethod(MethodInvocationHelper.java:135)
	at org.testng.internal.invokers.MethodInvocationHelper.invokeMethodConsideringTimeout(MethodInvocationHelper.java:65)
	at org.testng.internal.invokers.ConfigInvoker.invokeConfigurationMethod(ConfigInvoker.java:381)
	at org.testng.internal.invokers.ConfigInvoker.invokeConfigurations(ConfigInvoker.java:319)
	at org.testng.internal.invokers.TestInvoker.runConfigMethods(TestInvoker.java:803)
	at org.testng.internal.invokers.TestInvoker.invokeMethod(TestInvoker.java:589)
	at org.testng.internal.invokers.TestInvoker.invokeTestMethod(TestInvoker.java:220)
	at org.testng.internal.invokers.MethodRunner.runInSequence(MethodRunner.java:50)
	at org.testng.internal.invokers.TestInvoker$MethodInvocationAgent.invoke(TestInvoker.java:945)
	at org.testng.internal.invokers.TestInvoker.invokeTestMethods(TestInvoker.java:193)
	at org.testng.internal.invokers.TestMethodWorker.invokeTestMethods(TestMethodWorker.java:146)
	at org.testng.internal.invokers.TestMethodWorker.run(TestMethodWorker.java:128)
	at java.util.ArrayList.forEach(ArrayList.java:1257)
	at org.testng.TestRunner.privateRun(TestRunner.java:808)
	at org.testng.TestRunner.run(TestRunner.java:603)
	at org.testng.SuiteRunner.runTest(SuiteRunner.java:429)
	at org.testng.SuiteRunner.runSequentially(SuiteRunner.java:423)
	at org.testng.SuiteRunner.privateRun(SuiteRunner.java:383)
	at org.testng.SuiteRunner.run(SuiteRunner.java:326)
	at org.testng.SuiteRunnerWorker.runSuite(SuiteRunnerWorker.java:52)
	at org.testng.SuiteRunnerWorker.run(SuiteRunnerWorker.java:95)
	at org.testng.TestNG.runSuitesSequentially(TestNG.java:1249)
	at org.testng.TestNG.runSuitesLocally(TestNG.java:1169)
	at org.testng.TestNG.runSuites(TestNG.java:1092)
	at org.testng.TestNG.run(TestNG.java:1060)
	at org.apache.maven.surefire.testng.TestNGExecutor.run(TestNGExecutor.java:324)
	at org.apache.maven.surefire.testng.TestNGXmlTestSuite.execute(TestNGXmlTestSuite.java:74)
	at org.apache.maven.surefire.testng.TestNGProvider.invoke(TestNGProvider.java:123)
	at org.apache.maven.surefire.booter.ForkedBooter.runSuitesInProcess(ForkedBooter.java:456)
	at org.apache.maven.surefire.booter.ForkedBooter.execute(ForkedBooter.java:169)
	at org.apache.maven.surefire.booter.ForkedBooter.run(ForkedBooter.java:595)
	at org.apache.maven.surefire.booter.ForkedBooter.main(ForkedBooter.java:581)
]]></failure>
    <system-out><![CDATA[&amp#27;[38;5;0m[HTTP]&amp#27;[0m &amp#27;[37m-->&amp#27;[39m &amp#27;[37mGET&amp#27;[39m &amp#27;[37m/status&amp#27;[39m
&amp#27;[38;5;0m[HTTP]&amp#27;[0m &amp#27;[90m{}&amp#27;[39m
[debug] &amp#27;[38;5;16m[AppiumDriver@ae6b]&amp#27;[0m Calling AppiumDriver.getStatus() with args: []
[debug] &amp#27;[38;5;16m[AppiumDriver@ae6b]&amp#27;[0m Responding to client with driver.getStatus() result: {"build":{"version":"2.0.0"}}
&amp#27;[38;5;0m[HTTP]&amp#27;[0m &amp#27;[37m<-- GET /status &amp#27;[39m&amp#27;[32m200&amp#27;[39m &amp#27;[90m2 ms - 39&amp#27;[39m
&amp#27;[38;5;0m[HTTP]&amp#27;[0m &amp#27;[90m&amp#27;[39m
[debug] &amp#27;[38;5;0m[HTTP]&amp#27;[0m Request idempotency key: 865182ac-733c-421d-82b9-a40f1be5d83e
&amp#27;[38;5;0m[HTTP]&amp#27;[0m &amp#27;[37m-->&amp#27;[39m &amp#27;[37mPOST&amp#27;[39m &amp#27;[37m/session&amp#27;[39m
&amp#27;[38;5;0m[HTTP]&amp#27;[0m &amp#27;[90m{"capabilities":{"firstMatch":[{}],"alwaysMatch":{"appium:automationName":"ANDROID_UIAUTOMATOR2","appium:chromedriverChromeMappingFile":"https://github.com/appium/appium-chromedriver/blob/master/config/mapping.json","appium:chromedriverExecutableDir":"./utils/ExecutableDirs","appium:deviceName":"Pixel_XL_API_33","appium:udid":"emulator-5554","browserName":"Chrome","platformName":"ANDROID"}}}&amp#27;[39m
[debug] &amp#27;[38;5;16m[AppiumDriver@ae6b]&amp#27;[0m Calling AppiumDriver.createSession() with args: [null,null,{"firstMatch":[{}],"alwaysMatch":{"appium:automationName":"ANDROID_UIAUTOMATOR2","appium:chromedriverChromeMappingFile":"https://github.com/appium/appium-chromedriver/blob/master/config/mapping.json","appium:chromedriverExecutableDir":"./utils/ExecutableDirs","appium:deviceName":"Pixel_XL_API_33","appium:udid":"emulator-5554","browserName":"Chrome","platformName":"ANDROID"}}]
[debug] &amp#27;[38;5;16m[AppiumDriver@ae6b]&amp#27;[0m Event 'newSessionRequested' logged at 1692208730746 (20:58:50 GMT+0300 (Israel Daylight Time))
&amp#27;[35m[Appium]&amp#27;[39m Attempting to find matching driver for automationName 'ANDROID_UIAUTOMATOR2' and platformName 'ANDROID'
[debug] &amp#27;[38;5;16m[AppiumDriver@ae6b]&amp#27;[0m Event 'newSessionStarted' logged at 1692208730748 (20:58:50 GMT+0300 (Israel Daylight Time))
[debug] &amp#27;[38;5;16m[AppiumDriver@ae6b]&amp#27;[0m Encountered internal error running command: Error: Could not find a driver for automationName 'ANDROID_UIAUTOMATOR2' and platformName 'ANDROID'. Have you installed a driver that supports those capabilities? Run 'appium driver list --installed' to see. (Lower-level error: Could not find installed driver to support given caps)
[debug] &amp#27;[38;5;16m[AppiumDriver@ae6b]&amp#27;[0m     at DriverConfig.findMatchingDriver (C:\Users\jonmi\AppData\Roaming\npm\node_modules\appium\lib\extension\driver-config.js:175:13)
[debug] &amp#27;[38;5;16m[AppiumDriver@ae6b]&amp#27;[0m     at AppiumDriver.createSession (C:\Users\jonmi\AppData\Roaming\npm\node_modules\appium\lib\appium.js:273:29)
[debug] &amp#27;[38;5;16m[AppiumDriver@ae6b]&amp#27;[0m     at commandExecutor (C:\Users\jonmi\AppData\Roaming\npm\node_modules\appium\node_modules\@appium\base-driver\lib\basedriver\driver.ts:107:18)
[debug] &amp#27;[38;5;16m[AppiumDriver@ae6b]&amp#27;[0m     at AppiumDriver.executeCommand (C:\Users\jonmi\AppData\Roaming\npm\node_modules\appium\node_modules\@appium\base-driver\lib\basedriver\driver.ts:124:15)
[debug] &amp#27;[38;5;16m[AppiumDriver@ae6b]&amp#27;[0m     at processTicksAndRejections (node:internal/process/task_queues:95:5)
[debug] &amp#27;[38;5;16m[AppiumDriver@ae6b]&amp#27;[0m     at defaultBehavior (C:\Users\jonmi\AppData\Roaming\npm\node_modules\appium\lib\appium.js:680:16)
[debug] &amp#27;[38;5;16m[AppiumDriver@ae6b]&amp#27;[0m     at AppiumDriver.executeWrappedCommand (C:\Users\jonmi\AppData\Roaming\npm\node_modules\appium\lib\appium.js:774:16)
[debug] &amp#27;[38;5;16m[AppiumDriver@ae6b]&amp#27;[0m     at AppiumDriver.executeCommand (C:\Users\jonmi\AppData\Roaming\npm\node_modules\appium\lib\appium.js:696:17)
[debug] &amp#27;[38;5;16m[AppiumDriver@ae6b]&amp#27;[0m     at asyncHandler (C:\Users\jonmi\AppData\Roaming\npm\node_modules\appium\node_modules\@appium\base-driver\lib\protocol\protocol.js:393:19)
&amp#27;[38;5;0m[HTTP]&amp#27;[0m &amp#27;[37m<-- POST /session &amp#27;[39m&amp#27;[31m500&amp#27;[39m &amp#27;[90m6 ms - 1116&amp#27;[39m
&amp#27;[38;5;0m[HTTP]&amp#27;[0m &amp#27;[90m&amp#27;[39m
]]></system-out>
  </testcase>
  <testcase name="setup" classname="tests.t7_PriceCalculation" time="0">
    <skipped/>
  </testcase>
  <testcase name="setup" classname="tests.t7_PriceCalculation" time="0">
    <skipped/>
  </testcase>
  <testcase name="setup" classname="tests.t7_PriceCalculation" time="0">
    <skipped/>
  </testcase>
  <testcase name="setup" classname="tests.t7_PriceCalculation" time="0">
    <skipped/>
  </testcase>
  <testcase name="tc01_addAndGoStraightToCheckout" classname="tests.t7_PriceCalculation" time="0">
    <skipped message="Could not start a new session. Response code 500. Message: An unknown server-side error occurred while processing the command. Original error: Could not find a driver for automationName &apos;ANDROID_UIAUTOMATOR2&apos; and platformName &apos;ANDROID&apos;. Have you installed a driver that supports those capabilities? Run &apos;appium driver list --installed&apos; to see. (Lower-level error: Could not find installed driver to support given caps) &#10;Host info: host: &apos;LAPTOP-RMK290R9&apos;, ip: &apos;192.168.1.20&apos;&#10;Build info: version: &apos;4.9.1&apos;, revision: &apos;eb2032df7f&apos;&#10;System info: os.name: &apos;Windows 10&apos;, os.arch: &apos;amd64&apos;, os.version: &apos;10.0&apos;, java.version: &apos;1.8.0_211&apos;&#10;Driver info: io.appium.java_client.android.AndroidDriver&#10;Command: [null, newSession {capabilities=[{appium:udid=emulator-5554, appium:chromedriverExecutableDir=./utils/ExecutableDirs, appium:chromedriverChromeMappingFile=https://github.com/appium/appium-chromedriver/blob/master/config/mapping.json, browserName=Chrome, platformName=ANDROID, appium:deviceName=Pixel_XL_API_33, appium:automationName=ANDROID_UIAUTOMATOR2}], desiredCapabilities=Capabilities {appium:automationName: ANDROID_UIAUTOMATOR2, appium:chromedriverChromeMappingFile: https://github.com/appium/a..., appium:chromedriverExecutableDir: ./utils/ExecutableDirs, appium:deviceName: Pixel_XL_API_33, appium:udid: emulator-5554, browserName: Chrome, platformName: ANDROID}}]&#10;Capabilities {appium:automationName: ANDROID_UIAUTOMATOR2, appium:chromedriverChromeMappingFile: https://github.com/appium/a..., appium:chromedriverExecutableDir: ./utils/ExecutableDirs, appium:deviceName: Pixel_XL_API_33, appium:udid: emulator-5554, browserName: Chrome, platformName: ANDROID}"/>
  </testcase>
  <testcase name="TearDown" classname="tests.t7_PriceCalculation" time="0">
    <skipped/>
  </testcase>
  <testcase name="TearDown" classname="tests.t7_PriceCalculation" time="0">
    <skipped/>
  </testcase>
  <testcase name="TearDown" classname="tests.t7_PriceCalculation" time="0">
    <skipped/>
  </testcase>
  <testcase name="TearDown" classname="tests.t7_PriceCalculation" time="0">
    <skipped/>
  </testcase>
  <testcase name="TearDown" classname="tests.t7_PriceCalculation" time="0">
    <skipped/>
  </testcase>
  <testcase name="tc02_addRemoveAndGoToCheckout" classname="tests.t7_PriceCalculation" time="0">
    <skipped message="Could not start a new session. Response code 500. Message: An unknown server-side error occurred while processing the command. Original error: Could not find a driver for automationName &apos;ANDROID_UIAUTOMATOR2&apos; and platformName &apos;ANDROID&apos;. Have you installed a driver that supports those capabilities? Run &apos;appium driver list --installed&apos; to see. (Lower-level error: Could not find installed driver to support given caps) &#10;Host info: host: &apos;LAPTOP-RMK290R9&apos;, ip: &apos;192.168.1.20&apos;&#10;Build info: version: &apos;4.9.1&apos;, revision: &apos;eb2032df7f&apos;&#10;System info: os.name: &apos;Windows 10&apos;, os.arch: &apos;amd64&apos;, os.version: &apos;10.0&apos;, java.version: &apos;1.8.0_211&apos;&#10;Driver info: io.appium.java_client.android.AndroidDriver&#10;Command: [null, newSession {capabilities=[{appium:udid=emulator-5554, appium:chromedriverExecutableDir=./utils/ExecutableDirs, appium:chromedriverChromeMappingFile=https://github.com/appium/appium-chromedriver/blob/master/config/mapping.json, browserName=Chrome, platformName=ANDROID, appium:deviceName=Pixel_XL_API_33, appium:automationName=ANDROID_UIAUTOMATOR2}], desiredCapabilities=Capabilities {appium:automationName: ANDROID_UIAUTOMATOR2, appium:chromedriverChromeMappingFile: https://github.com/appium/a..., appium:chromedriverExecutableDir: ./utils/ExecutableDirs, appium:deviceName: Pixel_XL_API_33, appium:udid: emulator-5554, browserName: Chrome, platformName: ANDROID}}]&#10;Capabilities {appium:automationName: ANDROID_UIAUTOMATOR2, appium:chromedriverChromeMappingFile: https://github.com/appium/a..., appium:chromedriverExecutableDir: ./utils/ExecutableDirs, appium:deviceName: Pixel_XL_API_33, appium:udid: emulator-5554, browserName: Chrome, platformName: ANDROID}"/>
  </testcase>
  <testcase name="tc03_AddRemoveAddAndRemoveFromCart" classname="tests.t7_PriceCalculation" time="0">
    <skipped message="Could not start a new session. Response code 500. Message: An unknown server-side error occurred while processing the command. Original error: Could not find a driver for automationName &apos;ANDROID_UIAUTOMATOR2&apos; and platformName &apos;ANDROID&apos;. Have you installed a driver that supports those capabilities? Run &apos;appium driver list --installed&apos; to see. (Lower-level error: Could not find installed driver to support given caps) &#10;Host info: host: &apos;LAPTOP-RMK290R9&apos;, ip: &apos;192.168.1.20&apos;&#10;Build info: version: &apos;4.9.1&apos;, revision: &apos;eb2032df7f&apos;&#10;System info: os.name: &apos;Windows 10&apos;, os.arch: &apos;amd64&apos;, os.version: &apos;10.0&apos;, java.version: &apos;1.8.0_211&apos;&#10;Driver info: io.appium.java_client.android.AndroidDriver&#10;Command: [null, newSession {capabilities=[{appium:udid=emulator-5554, appium:chromedriverExecutableDir=./utils/ExecutableDirs, appium:chromedriverChromeMappingFile=https://github.com/appium/appium-chromedriver/blob/master/config/mapping.json, browserName=Chrome, platformName=ANDROID, appium:deviceName=Pixel_XL_API_33, appium:automationName=ANDROID_UIAUTOMATOR2}], desiredCapabilities=Capabilities {appium:automationName: ANDROID_UIAUTOMATOR2, appium:chromedriverChromeMappingFile: https://github.com/appium/a..., appium:chromedriverExecutableDir: ./utils/ExecutableDirs, appium:deviceName: Pixel_XL_API_33, appium:udid: emulator-5554, browserName: Chrome, platformName: ANDROID}}]&#10;Capabilities {appium:automationName: ANDROID_UIAUTOMATOR2, appium:chromedriverChromeMappingFile: https://github.com/appium/a..., appium:chromedriverExecutableDir: ./utils/ExecutableDirs, appium:deviceName: Pixel_XL_API_33, appium:udid: emulator-5554, browserName: Chrome, platformName: ANDROID}"/>
  </testcase>
  <testcase name="tc04addRemoveAddAndRemoveFromCartRefreshThePageLogOutAndLogInAgain" classname="tests.t7_PriceCalculation" time="0">
    <skipped message="Could not start a new session. Response code 500. Message: An unknown server-side error occurred while processing the command. Original error: Could not find a driver for automationName &apos;ANDROID_UIAUTOMATOR2&apos; and platformName &apos;ANDROID&apos;. Have you installed a driver that supports those capabilities? Run &apos;appium driver list --installed&apos; to see. (Lower-level error: Could not find installed driver to support given caps) &#10;Host info: host: &apos;LAPTOP-RMK290R9&apos;, ip: &apos;192.168.1.20&apos;&#10;Build info: version: &apos;4.9.1&apos;, revision: &apos;eb2032df7f&apos;&#10;System info: os.name: &apos;Windows 10&apos;, os.arch: &apos;amd64&apos;, os.version: &apos;10.0&apos;, java.version: &apos;1.8.0_211&apos;&#10;Driver info: io.appium.java_client.android.AndroidDriver&#10;Command: [null, newSession {capabilities=[{appium:udid=emulator-5554, appium:chromedriverExecutableDir=./utils/ExecutableDirs, appium:chromedriverChromeMappingFile=https://github.com/appium/appium-chromedriver/blob/master/config/mapping.json, browserName=Chrome, platformName=ANDROID, appium:deviceName=Pixel_XL_API_33, appium:automationName=ANDROID_UIAUTOMATOR2}], desiredCapabilities=Capabilities {appium:automationName: ANDROID_UIAUTOMATOR2, appium:chromedriverChromeMappingFile: https://github.com/appium/a..., appium:chromedriverExecutableDir: ./utils/ExecutableDirs, appium:deviceName: Pixel_XL_API_33, appium:udid: emulator-5554, browserName: Chrome, platformName: ANDROID}}]&#10;Capabilities {appium:automationName: ANDROID_UIAUTOMATOR2, appium:chromedriverChromeMappingFile: https://github.com/appium/a..., appium:chromedriverExecutableDir: ./utils/ExecutableDirs, appium:deviceName: Pixel_XL_API_33, appium:udid: emulator-5554, browserName: Chrome, platformName: ANDROID}"/>
  </testcase>
  <testcase name="tc05_addRemoveFromCartAndClickCart" classname="tests.t7_PriceCalculation" time="0">
    <skipped message="Could not start a new session. Response code 500. Message: An unknown server-side error occurred while processing the command. Original error: Could not find a driver for automationName &apos;ANDROID_UIAUTOMATOR2&apos; and platformName &apos;ANDROID&apos;. Have you installed a driver that supports those capabilities? Run &apos;appium driver list --installed&apos; to see. (Lower-level error: Could not find installed driver to support given caps) &#10;Host info: host: &apos;LAPTOP-RMK290R9&apos;, ip: &apos;192.168.1.20&apos;&#10;Build info: version: &apos;4.9.1&apos;, revision: &apos;eb2032df7f&apos;&#10;System info: os.name: &apos;Windows 10&apos;, os.arch: &apos;amd64&apos;, os.version: &apos;10.0&apos;, java.version: &apos;1.8.0_211&apos;&#10;Driver info: io.appium.java_client.android.AndroidDriver&#10;Command: [null, newSession {capabilities=[{appium:udid=emulator-5554, appium:chromedriverExecutableDir=./utils/ExecutableDirs, appium:chromedriverChromeMappingFile=https://github.com/appium/appium-chromedriver/blob/master/config/mapping.json, browserName=Chrome, platformName=ANDROID, appium:deviceName=Pixel_XL_API_33, appium:automationName=ANDROID_UIAUTOMATOR2}], desiredCapabilities=Capabilities {appium:automationName: ANDROID_UIAUTOMATOR2, appium:chromedriverChromeMappingFile: https://github.com/appium/a..., appium:chromedriverExecutableDir: ./utils/ExecutableDirs, appium:deviceName: Pixel_XL_API_33, appium:udid: emulator-5554, browserName: Chrome, platformName: ANDROID}}]&#10;Capabilities {appium:automationName: ANDROID_UIAUTOMATOR2, appium:chromedriverChromeMappingFile: https://github.com/appium/a..., appium:chromedriverExecutableDir: ./utils/ExecutableDirs, appium:deviceName: Pixel_XL_API_33, appium:udid: emulator-5554, browserName: Chrome, platformName: ANDROID}"/>
  </testcase>
  <testcase name="setup" classname="tests.t8_SocialMediaLinks" time="2.043">
    <failure message="Could not start a new session. Response code 500. Message: An unknown server-side error occurred while processing the command. Original error: Could not find a driver for automationName &apos;ANDROID_UIAUTOMATOR2&apos; and platformName &apos;ANDROID&apos;. Have you installed a driver that supports those capabilities? Run &apos;appium driver list --installed&apos; to see. (Lower-level error: Could not find installed driver to support given caps) &#10;Host info: host: &apos;LAPTOP-RMK290R9&apos;, ip: &apos;192.168.1.20&apos;&#10;Build info: version: &apos;4.9.1&apos;, revision: &apos;eb2032df7f&apos;&#10;System info: os.name: &apos;Windows 10&apos;, os.arch: &apos;amd64&apos;, os.version: &apos;10.0&apos;, java.version: &apos;1.8.0_211&apos;&#10;Driver info: io.appium.java_client.android.AndroidDriver&#10;Command: [null, newSession {capabilities=[{appium:udid=emulator-5554, appium:chromedriverExecutableDir=./utils/ExecutableDirs, appium:chromedriverChromeMappingFile=https://github.com/appium/appium-chromedriver/blob/master/config/mapping.json, browserName=Chrome, platformName=ANDROID, appium:deviceName=Pixel_XL_API_33, appium:automationName=ANDROID_UIAUTOMATOR2}], desiredCapabilities=Capabilities {appium:automationName: ANDROID_UIAUTOMATOR2, appium:chromedriverChromeMappingFile: https://github.com/appium/a..., appium:chromedriverExecutableDir: ./utils/ExecutableDirs, appium:deviceName: Pixel_XL_API_33, appium:udid: emulator-5554, browserName: Chrome, platformName: ANDROID}}]&#10;Capabilities {appium:automationName: ANDROID_UIAUTOMATOR2, appium:chromedriverChromeMappingFile: https://github.com/appium/a..., appium:chromedriverExecutableDir: ./utils/ExecutableDirs, appium:deviceName: Pixel_XL_API_33, appium:udid: emulator-5554, browserName: Chrome, platformName: ANDROID}" type="org.openqa.selenium.SessionNotCreatedException"><![CDATA[org.openqa.selenium.SessionNotCreatedException: 
Could not start a new session. Response code 500. Message: An unknown server-side error occurred while processing the command. Original error: Could not find a driver for automationName 'ANDROID_UIAUTOMATOR2' and platformName 'ANDROID'. Have you installed a driver that supports those capabilities? Run 'appium driver list --installed' to see. (Lower-level error: Could not find installed driver to support given caps) 
Host info: host: 'LAPTOP-RMK290R9', ip: '192.168.1.20'
Build info: version: '4.9.1', revision: 'eb2032df7f'
System info: os.name: 'Windows 10', os.arch: 'amd64', os.version: '10.0', java.version: '1.8.0_211'
Driver info: io.appium.java_client.android.AndroidDriver
Command: [null, newSession {capabilities=[{appium:udid=emulator-5554, appium:chromedriverExecutableDir=./utils/ExecutableDirs, appium:chromedriverChromeMappingFile=https://github.com/appium/appium-chromedriver/blob/master/config/mapping.json, browserName=Chrome, platformName=ANDROID, appium:deviceName=Pixel_XL_API_33, appium:automationName=ANDROID_UIAUTOMATOR2}], desiredCapabilities=Capabilities {appium:automationName: ANDROID_UIAUTOMATOR2, appium:chromedriverChromeMappingFile: https://github.com/appium/a..., appium:chromedriverExecutableDir: ./utils/ExecutableDirs, appium:deviceName: Pixel_XL_API_33, appium:udid: emulator-5554, browserName: Chrome, platformName: ANDROID}}]
Capabilities {appium:automationName: ANDROID_UIAUTOMATOR2, appium:chromedriverChromeMappingFile: https://github.com/appium/a..., appium:chromedriverExecutableDir: ./utils/ExecutableDirs, appium:deviceName: Pixel_XL_API_33, appium:udid: emulator-5554, browserName: Chrome, platformName: ANDROID}
	at org.openqa.selenium.remote.ProtocolHandshake.createSession(ProtocolHandshake.java:136)
	at sun.reflect.NativeMethodAccessorImpl.invoke0(Native Method)
	at sun.reflect.NativeMethodAccessorImpl.invoke(NativeMethodAccessorImpl.java:62)
	at sun.reflect.DelegatingMethodAccessorImpl.invoke(DelegatingMethodAccessorImpl.java:43)
	at java.lang.reflect.Method.invoke(Method.java:498)
	at io.appium.java_client.remote.AppiumProtocolHandshake.createSession(AppiumProtocolHandshake.java:133)
	at io.appium.java_client.remote.AppiumProtocolHandshake.createSession(AppiumProtocolHandshake.java:102)
	at io.appium.java_client.remote.AppiumCommandExecutor.createSession(AppiumCommandExecutor.java:182)
	at io.appium.java_client.remote.AppiumCommandExecutor.execute(AppiumCommandExecutor.java:250)
	at org.openqa.selenium.remote.RemoteWebDriver.execute(RemoteWebDriver.java:543)
	at io.appium.java_client.AppiumDriver.startSession(AppiumDriver.java:274)
	at org.openqa.selenium.remote.RemoteWebDriver.<init>(RemoteWebDriver.java:157)
	at io.appium.java_client.AppiumDriver.<init>(AppiumDriver.java:89)
	at io.appium.java_client.AppiumDriver.<init>(AppiumDriver.java:112)
	at io.appium.java_client.AppiumDriver.<init>(AppiumDriver.java:137)
	at io.appium.java_client.android.AndroidDriver.<init>(AndroidDriver.java:236)
	at tests.BaseTest.setup(BaseTest.java:90)
	at sun.reflect.NativeMethodAccessorImpl.invoke0(Native Method)
	at sun.reflect.NativeMethodAccessorImpl.invoke(NativeMethodAccessorImpl.java:62)
	at sun.reflect.DelegatingMethodAccessorImpl.invoke(DelegatingMethodAccessorImpl.java:43)
	at java.lang.reflect.Method.invoke(Method.java:498)
	at org.testng.internal.invokers.MethodInvocationHelper.invokeMethod(MethodInvocationHelper.java:135)
	at org.testng.internal.invokers.MethodInvocationHelper.invokeMethodConsideringTimeout(MethodInvocationHelper.java:65)
	at org.testng.internal.invokers.ConfigInvoker.invokeConfigurationMethod(ConfigInvoker.java:381)
	at org.testng.internal.invokers.ConfigInvoker.invokeConfigurations(ConfigInvoker.java:319)
	at org.testng.internal.invokers.TestInvoker.runConfigMethods(TestInvoker.java:803)
	at org.testng.internal.invokers.TestInvoker.invokeMethod(TestInvoker.java:589)
	at org.testng.internal.invokers.TestInvoker.invokeTestMethod(TestInvoker.java:220)
	at org.testng.internal.invokers.MethodRunner.runInSequence(MethodRunner.java:50)
	at org.testng.internal.invokers.TestInvoker$MethodInvocationAgent.invoke(TestInvoker.java:945)
	at org.testng.internal.invokers.TestInvoker.invokeTestMethods(TestInvoker.java:193)
	at org.testng.internal.invokers.TestMethodWorker.invokeTestMethods(TestMethodWorker.java:146)
	at org.testng.internal.invokers.TestMethodWorker.run(TestMethodWorker.java:128)
	at java.util.ArrayList.forEach(ArrayList.java:1257)
	at org.testng.TestRunner.privateRun(TestRunner.java:808)
	at org.testng.TestRunner.run(TestRunner.java:603)
	at org.testng.SuiteRunner.runTest(SuiteRunner.java:429)
	at org.testng.SuiteRunner.runSequentially(SuiteRunner.java:423)
	at org.testng.SuiteRunner.privateRun(SuiteRunner.java:383)
	at org.testng.SuiteRunner.run(SuiteRunner.java:326)
	at org.testng.SuiteRunnerWorker.runSuite(SuiteRunnerWorker.java:52)
	at org.testng.SuiteRunnerWorker.run(SuiteRunnerWorker.java:95)
	at org.testng.TestNG.runSuitesSequentially(TestNG.java:1249)
	at org.testng.TestNG.runSuitesLocally(TestNG.java:1169)
	at org.testng.TestNG.runSuites(TestNG.java:1092)
	at org.testng.TestNG.run(TestNG.java:1060)
	at org.apache.maven.surefire.testng.TestNGExecutor.run(TestNGExecutor.java:324)
	at org.apache.maven.surefire.testng.TestNGXmlTestSuite.execute(TestNGXmlTestSuite.java:74)
	at org.apache.maven.surefire.testng.TestNGProvider.invoke(TestNGProvider.java:123)
	at org.apache.maven.surefire.booter.ForkedBooter.runSuitesInProcess(ForkedBooter.java:456)
	at org.apache.maven.surefire.booter.ForkedBooter.execute(ForkedBooter.java:169)
	at org.apache.maven.surefire.booter.ForkedBooter.run(ForkedBooter.java:595)
	at org.apache.maven.surefire.booter.ForkedBooter.main(ForkedBooter.java:581)
]]></failure>
    <system-out><![CDATA[&amp#27;[35m[Appium]&amp#27;[39m Welcome to Appium v2.0.0
&amp#27;[35m[Appium]&amp#27;[39m Attempting to load driver uiautomator2...
[debug] &amp#27;[35m[Appium]&amp#27;[39m Requiring driver at C:\Users\jonmi\.appium\node_modules\appium-uiautomator2-driver
&amp#27;[38;5;0m[HTTP]&amp#27;[0m &amp#27;[37m-->&amp#27;[39m &amp#27;[37mGET&amp#27;[39m &amp#27;[37m/status&amp#27;[39m
&amp#27;[38;5;0m[HTTP]&amp#27;[0m &amp#27;[90m{}&amp#27;[39m
[debug] &amp#27;[38;5;16m[AppiumDriver@ae6b]&amp#27;[0m Calling AppiumDriver.getStatus() with args: []
[debug] &amp#27;[38;5;16m[AppiumDriver@ae6b]&amp#27;[0m Responding to client with driver.getStatus() result: {"build":{"version":"2.0.0"}}
&amp#27;[38;5;0m[HTTP]&amp#27;[0m &amp#27;[37m<-- GET /status &amp#27;[39m&amp#27;[32m200&amp#27;[39m &amp#27;[90m3 ms - 39&amp#27;[39m
&amp#27;[38;5;0m[HTTP]&amp#27;[0m &amp#27;[90m&amp#27;[39m
[debug] &amp#27;[38;5;0m[HTTP]&amp#27;[0m Request idempotency key: 3394da88-cf5f-4374-8ae8-38fae9fdd3d4
&amp#27;[38;5;0m[HTTP]&amp#27;[0m &amp#27;[37m-->&amp#27;[39m &amp#27;[37mPOST&amp#27;[39m &amp#27;[37m/session&amp#27;[39m
&amp#27;[38;5;0m[HTTP]&amp#27;[0m &amp#27;[90m{"capabilities":{"firstMatch":[{}],"alwaysMatch":{"appium:automationName":"ANDROID_UIAUTOMATOR2","appium:chromedriverChromeMappingFile":"https://github.com/appium/appium-chromedriver/blob/master/config/mapping.json","appium:chromedriverExecutableDir":"./utils/ExecutableDirs","appium:deviceName":"Pixel_XL_API_33","appium:udid":"emulator-5554","browserName":"Chrome","platformName":"ANDROID"}}}&amp#27;[39m
[debug] &amp#27;[38;5;16m[AppiumDriver@ae6b]&amp#27;[0m Calling AppiumDriver.createSession() with args: [null,null,{"firstMatch":[{}],"alwaysMatch":{"appium:automationName":"ANDROID_UIAUTOMATOR2","appium:chromedriverChromeMappingFile":"https://github.com/appium/appium-chromedriver/blob/master/config/mapping.json","appium:chromedriverExecutableDir":"./utils/ExecutableDirs","appium:deviceName":"Pixel_XL_API_33","appium:udid":"emulator-5554","browserName":"Chrome","platformName":"ANDROID"}}]
[debug] &amp#27;[38;5;16m[AppiumDriver@ae6b]&amp#27;[0m Event 'newSessionRequested' logged at 1692208732578 (20:58:52 GMT+0300 (Israel Daylight Time))
&amp#27;[35m[Appium]&amp#27;[39m Attempting to find matching driver for automationName 'ANDROID_UIAUTOMATOR2' and platformName 'ANDROID'
[debug] &amp#27;[38;5;16m[AppiumDriver@ae6b]&amp#27;[0m Event 'newSessionStarted' logged at 1692208732580 (20:58:52 GMT+0300 (Israel Daylight Time))
[debug] &amp#27;[38;5;16m[AppiumDriver@ae6b]&amp#27;[0m Encountered internal error running command: Error: Could not find a driver for automationName 'ANDROID_UIAUTOMATOR2' and platformName 'ANDROID'. Have you installed a driver that supports those capabilities? Run 'appium driver list --installed' to see. (Lower-level error: Could not find installed driver to support given caps)
[debug] &amp#27;[38;5;16m[AppiumDriver@ae6b]&amp#27;[0m     at DriverConfig.findMatchingDriver (C:\Users\jonmi\AppData\Roaming\npm\node_modules\appium\lib\extension\driver-config.js:175:13)
[debug] &amp#27;[38;5;16m[AppiumDriver@ae6b]&amp#27;[0m     at AppiumDriver.createSession (C:\Users\jonmi\AppData\Roaming\npm\node_modules\appium\lib\appium.js:273:29)
[debug] &amp#27;[38;5;16m[AppiumDriver@ae6b]&amp#27;[0m     at commandExecutor (C:\Users\jonmi\AppData\Roaming\npm\node_modules\appium\node_modules\@appium\base-driver\lib\basedriver\driver.ts:107:18)
[debug] &amp#27;[38;5;16m[AppiumDriver@ae6b]&amp#27;[0m     at AppiumDriver.executeCommand (C:\Users\jonmi\AppData\Roaming\npm\node_modules\appium\node_modules\@appium\base-driver\lib\basedriver\driver.ts:124:15)
[debug] &amp#27;[38;5;16m[AppiumDriver@ae6b]&amp#27;[0m     at processTicksAndRejections (node:internal/process/task_queues:95:5)
[debug] &amp#27;[38;5;16m[AppiumDriver@ae6b]&amp#27;[0m     at defaultBehavior (C:\Users\jonmi\AppData\Roaming\npm\node_modules\appium\lib\appium.js:680:16)
[debug] &amp#27;[38;5;16m[AppiumDriver@ae6b]&amp#27;[0m     at AppiumDriver.executeWrappedCommand (C:\Users\jonmi\AppData\Roaming\npm\node_modules\appium\lib\appium.js:774:16)
[debug] &amp#27;[38;5;16m[AppiumDriver@ae6b]&amp#27;[0m     at AppiumDriver.executeCommand (C:\Users\jonmi\AppData\Roaming\npm\node_modules\appium\lib\appium.js:696:17)
[debug] &amp#27;[38;5;16m[AppiumDriver@ae6b]&amp#27;[0m     at asyncHandler (C:\Users\jonmi\AppData\Roaming\npm\node_modules\appium\node_modules\@appium\base-driver\lib\protocol\protocol.js:393:19)
&amp#27;[38;5;0m[HTTP]&amp#27;[0m &amp#27;[37m<-- POST /session &amp#27;[39m&amp#27;[31m500&amp#27;[39m &amp#27;[90m7 ms - 1116&amp#27;[39m
&amp#27;[38;5;0m[HTTP]&amp#27;[0m &amp#27;[90m&amp#27;[39m
]]></system-out>
  </testcase>
  <testcase name="setup" classname="tests.t8_SocialMediaLinks" time="0">
    <skipped/>
  </testcase>
  <testcase name="tc01_verifySocialMediaLinksInProductPage" classname="tests.t8_SocialMediaLinks" time="0">
    <skipped message="Could not start a new session. Response code 500. Message: An unknown server-side error occurred while processing the command. Original error: Could not find a driver for automationName &apos;ANDROID_UIAUTOMATOR2&apos; and platformName &apos;ANDROID&apos;. Have you installed a driver that supports those capabilities? Run &apos;appium driver list --installed&apos; to see. (Lower-level error: Could not find installed driver to support given caps) &#10;Host info: host: &apos;LAPTOP-RMK290R9&apos;, ip: &apos;192.168.1.20&apos;&#10;Build info: version: &apos;4.9.1&apos;, revision: &apos;eb2032df7f&apos;&#10;System info: os.name: &apos;Windows 10&apos;, os.arch: &apos;amd64&apos;, os.version: &apos;10.0&apos;, java.version: &apos;1.8.0_211&apos;&#10;Driver info: io.appium.java_client.android.AndroidDriver&#10;Command: [null, newSession {capabilities=[{appium:udid=emulator-5554, appium:chromedriverExecutableDir=./utils/ExecutableDirs, appium:chromedriverChromeMappingFile=https://github.com/appium/appium-chromedriver/blob/master/config/mapping.json, browserName=Chrome, platformName=ANDROID, appium:deviceName=Pixel_XL_API_33, appium:automationName=ANDROID_UIAUTOMATOR2}], desiredCapabilities=Capabilities {appium:automationName: ANDROID_UIAUTOMATOR2, appium:chromedriverChromeMappingFile: https://github.com/appium/a..., appium:chromedriverExecutableDir: ./utils/ExecutableDirs, appium:deviceName: Pixel_XL_API_33, appium:udid: emulator-5554, browserName: Chrome, platformName: ANDROID}}]&#10;Capabilities {appium:automationName: ANDROID_UIAUTOMATOR2, appium:chromedriverChromeMappingFile: https://github.com/appium/a..., appium:chromedriverExecutableDir: ./utils/ExecutableDirs, appium:deviceName: Pixel_XL_API_33, appium:udid: emulator-5554, browserName: Chrome, platformName: ANDROID}"/>
  </testcase>
  <testcase name="TearDown" classname="tests.t8_SocialMediaLinks" time="0">
    <skipped/>
  </testcase>
  <testcase name="TearDown" classname="tests.t8_SocialMediaLinks" time="0">
    <skipped/>
  </testcase>
  <testcase name="tc01_verifySocialMediaLinksInProductsPage" classname="tests.t8_SocialMediaLinks" time="0">
    <skipped message="Could not start a new session. Response code 500. Message: An unknown server-side error occurred while processing the command. Original error: Could not find a driver for automationName &apos;ANDROID_UIAUTOMATOR2&apos; and platformName &apos;ANDROID&apos;. Have you installed a driver that supports those capabilities? Run &apos;appium driver list --installed&apos; to see. (Lower-level error: Could not find installed driver to support given caps) &#10;Host info: host: &apos;LAPTOP-RMK290R9&apos;, ip: &apos;192.168.1.20&apos;&#10;Build info: version: &apos;4.9.1&apos;, revision: &apos;eb2032df7f&apos;&#10;System info: os.name: &apos;Windows 10&apos;, os.arch: &apos;amd64&apos;, os.version: &apos;10.0&apos;, java.version: &apos;1.8.0_211&apos;&#10;Driver info: io.appium.java_client.android.AndroidDriver&#10;Command: [null, newSession {capabilities=[{appium:udid=emulator-5554, appium:chromedriverExecutableDir=./utils/ExecutableDirs, appium:chromedriverChromeMappingFile=https://github.com/appium/appium-chromedriver/blob/master/config/mapping.json, browserName=Chrome, platformName=ANDROID, appium:deviceName=Pixel_XL_API_33, appium:automationName=ANDROID_UIAUTOMATOR2}], desiredCapabilities=Capabilities {appium:automationName: ANDROID_UIAUTOMATOR2, appium:chromedriverChromeMappingFile: https://github.com/appium/a..., appium:chromedriverExecutableDir: ./utils/ExecutableDirs, appium:deviceName: Pixel_XL_API_33, appium:udid: emulator-5554, browserName: Chrome, platformName: ANDROID}}]&#10;Capabilities {appium:automationName: ANDROID_UIAUTOMATOR2, appium:chromedriverChromeMappingFile: https://github.com/appium/a..., appium:chromedriverExecutableDir: ./utils/ExecutableDirs, appium:deviceName: Pixel_XL_API_33, appium:udid: emulator-5554, browserName: Chrome, platformName: ANDROID}"/>
  </testcase>
</testsuite>