<?xml version="1.0" encoding="UTF-8"?>
<!-- Generated by org.testng.reporters.JUnitReportReporter -->
<testsuite skipped="0" hostname="LAPTOP-RMK290R9" name="tests.t5_ContinueShopping" tests="2" failures="0" timestamp="2023-08-13T16:40:59 IDT" time="12.398" errors="0">
  <testcase name="tc01_addProductsGoToPaymentAndCancel" time="6.589" classname="tests.t5_ContinueShopping"/>
  <system-out/>
  <testcase name="tc01_addProductsGoToCheckoutAndContinueShopping" time="5.809" classname="tests.t5_ContinueShopping"/>
  <system-out/>
</testsuite> <!-- tests.t5_ContinueShopping -->
