<?xml version="1.0" encoding="UTF-8"?>
<!-- Generated by org.testng.reporters.JUnitReportReporter -->
<testsuite skipped="0" hostname="LAPTOP-RMK290R9" name="tests.t4_BuyProducts" tests="4" failures="0" timestamp="2023-08-13T16:40:59 IDT" time="26.178" errors="0">
  <testcase name="tc01_addProductsFromProductsPageAndBuy" time="5.800" classname="tests.t4_BuyProducts"/>
  <system-out/>
  <testcase name="tc04_addProductsFromProductPageRemoveSomeAndBuy" time="7.598" classname="tests.t4_BuyProducts"/>
  <system-out/>
  <testcase name="tc02_addProductsFromProductPageAndBuy" time="6.844" classname="tests.t4_BuyProducts"/>
  <system-out/>
  <testcase name="tc03_AddProductsFromProductsPageRemoveSomeAndBuy" time="5.936" classname="tests.t4_BuyProducts"/>
  <system-out/>
</testsuite> <!-- tests.t4_BuyProducts -->
