<?xml version="1.0" encoding="UTF-8"?>
<!-- Generated by org.testng.reporters.JUnitReportReporter -->
<testsuite skipped="0" hostname="LAPTOP-RMK290R9" name="tests.t1_Login" tests="10" failures="0" timestamp="2023-08-13T16:40:59 IDT" time="47.822" errors="0">
  <testcase name="tc01_userLogin" time="4.054" classname="tests.t1_Login"/>
  <system-out/>
  <testcase name="tc01_userLogin" time="3.709" classname="tests.t1_Login"/>
  <system-out/>
  <testcase name="tc01_userLogin" time="4.612" classname="tests.t1_Login"/>
  <system-out/>
  <testcase name="tc01_userLogin" time="3.752" classname="tests.t1_Login"/>
  <system-out/>
  <testcase name="tc01_userLogin" time="3.779" classname="tests.t1_Login"/>
  <system-out/>
  <testcase name="tc01_userLogin" time="3.815" classname="tests.t1_Login"/>
  <system-out/>
  <testcase name="tc01_userLogin" time="9.275" classname="tests.t1_Login"/>
  <system-out/>
  <testcase name="tc01_userLogin" time="3.941" classname="tests.t1_Login"/>
  <system-out/>
  <testcase name="tc01_userLogin" time="7.382" classname="tests.t1_Login"/>
  <system-out/>
  <testcase name="tc01_userLogin" time="3.503" classname="tests.t1_Login"/>
  <system-out/>
</testsuite> <!-- tests.t1_Login -->
