<?xml version="1.0" encoding="UTF-8"?>
<!-- Generated by org.testng.reporters.JUnitReportReporter -->
<testsuite skipped="0" hostname="LAPTOP-RMK290R9" name="tests.t6_CheckoutInformationFields" tests="7" failures="0" timestamp="2023-08-13T16:40:59 IDT" time="30.953" errors="0">
  <testcase name="tc03_fillOnlyLastNameField" time="4.408" classname="tests.t6_CheckoutInformationFields"/>
  <system-out/>
  <testcase name="tc04_fillOnlyZipCodeField" time="4.422" classname="tests.t6_CheckoutInformationFields"/>
  <system-out/>
  <testcase name="tc01_fillAllFields" time="4.472" classname="tests.t6_CheckoutInformationFields"/>
  <system-out/>
  <testcase name="tc06_fillOnlyFirstNameZipCodeFields" time="4.357" classname="tests.t6_CheckoutInformationFields"/>
  <system-out/>
  <testcase name="tc02_fillOnlyFirstNameField" time="4.377" classname="tests.t6_CheckoutInformationFields"/>
  <system-out/>
  <testcase name="tc05_fillOnlyFirstAndLastNameFields" time="4.426" classname="tests.t6_CheckoutInformationFields"/>
  <system-out/>
  <testcase name="tc07_fillOnlyLastNameAndZipCodeFields" time="4.491" classname="tests.t6_CheckoutInformationFields"/>
  <system-out/>
</testsuite> <!-- tests.t6_CheckoutInformationFields -->
