<?xml version="1.0" encoding="UTF-8"?>
<!-- Generated by org.testng.reporters.JUnitReportReporter -->
<testsuite skipped="0" hostname="LAPTOP-RMK290R9" name="tests.t3_RemoveProducts" tests="2" failures="0" timestamp="2023-08-13T16:40:59 IDT" time="13.262" errors="0">
  <testcase name="tc01_removeItemsFromProductsPage" time="6.574" classname="tests.t3_RemoveProducts"/>
  <system-out/>
  <testcase name="tc01_removeItemsFromProductPage" time="6.688" classname="tests.t3_RemoveProducts"/>
  <system-out/>
</testsuite> <!-- tests.t3_RemoveProducts -->
