<?xml version="1.0" encoding="UTF-8"?>
<!-- Generated by org.testng.reporters.JUnitReportReporter -->
<testsuite skipped="0" hostname="LAPTOP-RMK290R9" name="tests.t8_SocialMediaLinks" tests="2" failures="0" timestamp="2023-08-13T16:40:59 IDT" time="7.661" errors="0">
  <testcase name="tc01_verifySocialMediaLinksInProductPage" time="3.917" classname="tests.t8_SocialMediaLinks"/>
  <system-out/>
  <testcase name="tc01_verifySocialMediaLinksInProductsPage" time="3.744" classname="tests.t8_SocialMediaLinks"/>
  <system-out/>
</testsuite> <!-- tests.t8_SocialMediaLinks -->
