<?xml version="1.0" encoding="UTF-8"?>
<!-- Generated by org.testng.reporters.JUnitReportReporter -->
<testsuite skipped="0" hostname="LAPTOP-RMK290R9" name="tests.t2_AddProducts" tests="2" failures="0" timestamp="2023-08-13T16:40:59 IDT" time="12.087" errors="0">
  <testcase name="tc01_AddItemsFromProductsPage" time="6.043" classname="tests.t2_AddProducts"/>
  <system-out/>
  <testcase name="tc02_AddItemsFromProductPage" time="6.044" classname="tests.t2_AddProducts"/>
  <system-out/>
</testsuite> <!-- tests.t2_AddProducts -->
